#
# There is insufficient memory for the Java Runtime Environment to continue.
# Native memory allocation (malloc) failed to allocate 1915056 bytes for Chunk::new
# Possible reasons:
#   The system is out of physical RAM or swap space
#   The process is running with CompressedOops enabled, and the Java Heap may be blocking the growth of the native heap
# Possible solutions:
#   Reduce memory load on the system
#   Increase physical memory or swap space
#   Check if swap backing store is full
#   Decrease Java heap size (-Xmx/-Xms)
#   Decrease number of Java threads
#   Decrease Java thread stack sizes (-Xss)
#   Set larger code cache with -XX:ReservedCodeCacheSize=
#   JVM is running with Unscaled Compressed Oops mode in which the Java heap is
#     placed in the first 4GB address space. The Java Heap base address is the
#     maximum limit for the native heap growth. Please use -XX:HeapBaseMinAddress
#     to set the Java Heap base and to place the Java Heap above 4GB virtual address.
# This output file may be truncated or incomplete.
#
#  Out of Memory Error (arena.cpp:184), pid=7732, tid=15252
#
# JRE version: Java(TM) SE Runtime Environment (18.0.2+9) (build 18.0.2+9-61)
# Java VM: Java HotSpot(TM) 64-Bit Server VM (18.0.2+9-61, mixed mode, sharing, tiered, compressed oops, compressed class ptrs, g1 gc, windows-amd64)
# No core dump will be written. Minidumps are not enabled by default on client versions of Windows
#

---------------  S U M M A R Y ------------

Command Line: --add-opens=java.base/java.util=ALL-UNNAMED --add-opens=java.base/java.lang=ALL-UNNAMED --add-opens=java.base/java.lang.invoke=ALL-UNNAMED --add-opens=java.base/java.util=ALL-UNNAMED --add-opens=java.prefs/java.util.prefs=ALL-UNNAMED --add-opens=java.prefs/java.util.prefs=ALL-UNNAMED --add-opens=java.base/java.nio.charset=ALL-UNNAMED --add-opens=java.base/java.net=ALL-UNNAMED --add-opens=java.base/java.util.concurrent.atomic=ALL-UNNAMED -Xmx2048m -Dfile.encoding=UTF-8 -Duser.country=US -Duser.language=en -Duser.variant org.gradle.launcher.daemon.bootstrap.GradleDaemon 7.4

Host: Intel(R) Core(TM) i7-9750H CPU @ 2.60GHz, 12 cores, 15G,  Windows 11 , 64 bit Build 22621 (10.0.22621.1194)
Time: Fri Feb 10 15:02:19 2023 SE Asia Standard Time elapsed time: 1.727635 seconds (0d 0h 0m 1s)

---------------  T H R E A D  ---------------

Current thread (0x0000028d3dd6d2d0):  JavaThread "C2 CompilerThread1" daemon [_thread_in_native, id=15252, stack(0x000000e6f0500000,0x000000e6f0600000)]


Current CompileTask:
C2:   1727 2155   !   4       java.lang.ClassLoader::loadClass (121 bytes)

Stack: [0x000000e6f0500000,0x000000e6f0600000]
Native frames: (J=compiled Java code, j=interpreted, Vv=VM code, C=native code)
V  [jvm.dll+0x6993ca]
V  [jvm.dll+0x7f481d]
V  [jvm.dll+0x7f612e]
V  [jvm.dll+0x7f67e3]
V  [jvm.dll+0x25cdaf]
V  [jvm.dll+0xb8c2f]
V  [jvm.dll+0xb8fa5]
V  [jvm.dll+0x386091]
V  [jvm.dll+0x34fd01]
V  [jvm.dll+0x34f19a]
V  [jvm.dll+0x22ff51]
V  [jvm.dll+0x22f321]
V  [jvm.dll+0x1ba01c]
V  [jvm.dll+0x23ec9a]
V  [jvm.dll+0x23cf85]
V  [jvm.dll+0x7a6e21]
V  [jvm.dll+0x7a125a]
V  [jvm.dll+0x698275]
C  [ucrtbase.dll+0x29363]
C  [KERNEL32.DLL+0x126bd]
C  [ntdll.dll+0x5dfb8]


---------------  P R O C E S S  ---------------

Threads class SMR info:
_java_thread_list=0x0000028d3fc18120, length=27, elements={
0x0000028d1b290f70, 0x0000028d399579c0, 0x0000028d39958360, 0x0000028d3996cff0,
0x0000028d3996d990, 0x0000028d3996e330, 0x0000028d3996ecd0, 0x0000028d399754c0,
0x0000028d399a4e00, 0x0000028d399a82f0, 0x0000028d3dd0c890, 0x0000028d3dd0d790,
0x0000028d3dd6d2d0, 0x0000028d3dd90220, 0x0000028d3f636150, 0x0000028d3f0b50e0,
0x0000028d3f819710, 0x0000028d3e9197a0, 0x0000028d3fae3550, 0x0000028d3f759130,
0x0000028d3f778380, 0x0000028d3f778c50, 0x0000028d3fb673e0, 0x0000028d3fb65700,
0x0000028d3fb68250, 0x0000028d3fb660a0, 0x0000028d3fb64890
}

Java Threads: ( => current thread )
  0x0000028d1b290f70 JavaThread "main" [_thread_blocked, id=3284, stack(0x000000e6ef200000,0x000000e6ef300000)]
  0x0000028d399579c0 JavaThread "Reference Handler" daemon [_thread_blocked, id=15556, stack(0x000000e6ef900000,0x000000e6efa00000)]
  0x0000028d39958360 JavaThread "Finalizer" daemon [_thread_blocked, id=17380, stack(0x000000e6efa00000,0x000000e6efb00000)]
  0x0000028d3996cff0 JavaThread "Signal Dispatcher" daemon [_thread_blocked, id=20688, stack(0x000000e6efb00000,0x000000e6efc00000)]
  0x0000028d3996d990 JavaThread "Attach Listener" daemon [_thread_blocked, id=17156, stack(0x000000e6efc00000,0x000000e6efd00000)]
  0x0000028d3996e330 JavaThread "Service Thread" daemon [_thread_blocked, id=17752, stack(0x000000e6efd00000,0x000000e6efe00000)]
  0x0000028d3996ecd0 JavaThread "Monitor Deflation Thread" daemon [_thread_blocked, id=10112, stack(0x000000e6efe00000,0x000000e6eff00000)]
  0x0000028d399754c0 JavaThread "C2 CompilerThread0" daemon [_thread_blocked, id=144, stack(0x000000e6eff00000,0x000000e6f0000000)]
  0x0000028d399a4e00 JavaThread "C1 CompilerThread0" daemon [_thread_blocked, id=21992, stack(0x000000e6f0000000,0x000000e6f0100000)]
  0x0000028d399a82f0 JavaThread "Sweeper thread" daemon [_thread_blocked, id=6908, stack(0x000000e6f0100000,0x000000e6f0200000)]
  0x0000028d3dd0c890 JavaThread "Common-Cleaner" daemon [_thread_blocked, id=17472, stack(0x000000e6f0200000,0x000000e6f0300000)]
  0x0000028d3dd0d790 JavaThread "Notification Thread" daemon [_thread_blocked, id=17904, stack(0x000000e6f0300000,0x000000e6f0400000)]
=>0x0000028d3dd6d2d0 JavaThread "C2 CompilerThread1" daemon [_thread_in_native, id=15252, stack(0x000000e6f0500000,0x000000e6f0600000)]
  0x0000028d3dd90220 JavaThread "C2 CompilerThread2" daemon [_thread_blocked, id=18584, stack(0x000000e6f0600000,0x000000e6f0700000)]
  0x0000028d3f636150 JavaThread "Daemon health stats" [_thread_blocked, id=3792, stack(0x000000e6f0c00000,0x000000e6f0d00000)]
  0x0000028d3f0b50e0 JavaThread "Incoming local TCP Connector on port 50176" [_thread_in_native, id=20904, stack(0x000000e6f0d00000,0x000000e6f0e00000)]
  0x0000028d3f819710 JavaThread "Daemon periodic checks" [_thread_blocked, id=22448, stack(0x000000e6f0e00000,0x000000e6f0f00000)]
  0x0000028d3e9197a0 JavaThread "Daemon" [_thread_blocked, id=18116, stack(0x000000e6f0f00000,0x000000e6f1000000)]
  0x0000028d3fae3550 JavaThread "Handler for socket connection from /127.0.0.1:50176 to /127.0.0.1:50177" [_thread_in_native, id=19844, stack(0x000000e6f1000000,0x000000e6f1100000)]
  0x0000028d3f759130 JavaThread "Cancel handler" [_thread_blocked, id=7972, stack(0x000000e6f1100000,0x000000e6f1200000)]
  0x0000028d3f778380 JavaThread "Daemon worker" [_thread_in_vm, id=1692, stack(0x000000e6f1200000,0x000000e6f1300000)]
  0x0000028d3f778c50 JavaThread "Asynchronous log dispatcher for DefaultDaemonConnection: socket connection from /127.0.0.1:50176 to /127.0.0.1:50177" [_thread_blocked, id=21572, stack(0x000000e6f1300000,0x000000e6f1400000)]
  0x0000028d3fb673e0 JavaThread "Stdin handler" [_thread_blocked, id=18832, stack(0x000000e6f1400000,0x000000e6f1500000)]
  0x0000028d3fb65700 JavaThread "Daemon client event forwarder" [_thread_blocked, id=8140, stack(0x000000e6f1500000,0x000000e6f1600000)]
  0x0000028d3fb68250 JavaThread "Cache worker for journal cache (C:\Users\dore0\.gradle\caches\journal-1)" [_thread_blocked, id=20752, stack(0x000000e6f1600000,0x000000e6f1700000)]
  0x0000028d3fb660a0 JavaThread "File lock request listener" [_thread_in_native, id=19276, stack(0x000000e6f1700000,0x000000e6f1800000)]
  0x0000028d3fb64890 JavaThread "Cache worker for file hash cache (C:\Users\dore0\.gradle\caches\7.4\fileHashes)" [_thread_blocked, id=21028, stack(0x000000e6f1800000,0x000000e6f1900000)]

Other Threads:
  0x0000028d1b314df0 VMThread "VM Thread" [stack: 0x000000e6ef800000,0x000000e6ef900000] [id=21116]
  0x0000028d3dd0fc60 WatcherThread "VM Periodic Task Thread" [stack: 0x000000e6f0400000,0x000000e6f0500000] [id=22172]
  0x0000028d1b2f11a0 WorkerThread "GC Thread#0" [stack: 0x000000e6ef300000,0x000000e6ef400000] [id=18720]
  0x0000028d3e870670 WorkerThread "GC Thread#1" [stack: 0x000000e6f0700000,0x000000e6f0800000] [id=16628]
  0x0000028d3e1830e0 WorkerThread "GC Thread#2" [stack: 0x000000e6f0800000,0x000000e6f0900000] [id=7108]
  0x0000028d3e183380 WorkerThread "GC Thread#3" [stack: 0x000000e6f0900000,0x000000e6f0a00000] [id=18700]
  0x0000028d3e8a48d0 WorkerThread "GC Thread#4" [stack: 0x000000e6f0a00000,0x000000e6f0b00000] [id=21236]
  0x0000028d3e8a4f40 WorkerThread "GC Thread#5" [stack: 0x000000e6f0b00000,0x000000e6f0c00000] [id=18280]
  0x0000028d1b302710 ConcurrentGCThread "G1 Main Marker" [stack: 0x000000e6ef400000,0x000000e6ef500000] [id=20508]
  0x0000028d1b302fa0 WorkerThread "G1 Conc#0" [stack: 0x000000e6ef500000,0x000000e6ef600000] [id=22128]
  0x0000028d3980d200 ConcurrentGCThread "G1 Refine#0" [stack: 0x000000e6ef600000,0x000000e6ef700000] [id=18348]
  0x0000028d3980d8c0 ConcurrentGCThread "G1 Service" [stack: 0x000000e6ef700000,0x000000e6ef800000] [id=20372]

Threads with active compile tasks:
C2 CompilerThread1     1769 2155   !   4       java.lang.ClassLoader::loadClass (121 bytes)

VM state: not at safepoint (normal execution)

VM Mutex/Monitor currently owned by a thread: None

Heap address: 0x0000000080000000, size: 2048 MB, Compressed Oops mode: 32-bit

CDS archive(s) mapped at: [0x0000000800000000-0x0000000800ba0000-0x0000000800ba0000), size 12189696, SharedBaseAddress: 0x0000000800000000, ArchiveRelocationMode: 0.
Compressed class space mapped at: 0x0000000800c00000-0x0000000840c00000, reserved size: 1073741824
Narrow klass base: 0x0000000800000000, Narrow klass shift: 0, Narrow klass range: 0x100000000

GC Precious Log:
 CardTable entry size: 512
 Card Set container configuration: InlinePtr #cards 5 size 8 Array Of Cards #cards 12 size 40 Howl #buckets 4 coarsen threshold 1843 Howl Bitmap #cards 512 size 80 coarsen threshold 460 Card regions per heap region 1 cards per card region 2048
 CPUs: 12 total, 12 available
 Memory: 16234M
 Large Page Support: Disabled
 NUMA Support: Disabled
 Compressed Oops: Enabled (32-bit)
 Heap Region Size: 1M
 Heap Min Capacity: 8M
 Heap Initial Capacity: 254M
 Heap Max Capacity: 2G
 Pre-touch: Disabled
 Parallel Workers: 10
 Concurrent Workers: 3
 Concurrent Refinement Workers: 10
 Periodic GC: Disabled

Heap:
 garbage-first heap   total 260096K, used 64647K [0x0000000080000000, 0x0000000100000000)
  region size 1024K, 55 young (56320K), 4 survivors (4096K)
 Metaspace       used 14853K, committed 15360K, reserved 1114112K
  class space    used 2117K, committed 2368K, reserved 1048576K

Heap Regions: E=young(eden), S=young(survivor), O=old, HS=humongous(starts), HC=humongous(continues), CS=collection set, F=free, OA=open archive, CA=closed archive, TAMS=top-at-mark-start (previous, next)
|   0|0x0000000080000000, 0x0000000080000000, 0x0000000080100000|  0%| F|  |TAMS 0x0000000080000000, 0x0000000080000000| Untracked 
|   1|0x0000000080100000, 0x0000000080200000, 0x0000000080200000|100%| O|  |TAMS 0x0000000080100000, 0x0000000080100000| Untracked 
|   2|0x0000000080200000, 0x0000000080300000, 0x0000000080300000|100%| O|  |TAMS 0x0000000080200000, 0x0000000080200000| Untracked 
|   3|0x0000000080300000, 0x0000000080400000, 0x0000000080400000|100%|HS|  |TAMS 0x0000000080300000, 0x0000000080300000| Complete 
|   4|0x0000000080400000, 0x0000000080500000, 0x0000000080500000|100%|HC|  |TAMS 0x0000000080400000, 0x0000000080400000| Complete 
|   5|0x0000000080500000, 0x0000000080600000, 0x0000000080600000|100%|HC|  |TAMS 0x0000000080500000, 0x0000000080500000| Complete 
|   6|0x0000000080600000, 0x0000000080700000, 0x0000000080700000|100%| O|  |TAMS 0x0000000080600000, 0x0000000080600000| Untracked 
|   7|0x0000000080700000, 0x0000000080800000, 0x0000000080800000|100%| O|  |TAMS 0x0000000080700000, 0x0000000080700000| Untracked 
|   8|0x0000000080800000, 0x0000000080900000, 0x0000000080900000|100%| O|  |TAMS 0x0000000080800000, 0x0000000080800000| Untracked 
|   9|0x0000000080900000, 0x0000000080a00000, 0x0000000080a00000|100%| O|  |TAMS 0x0000000080900000, 0x0000000080900000| Untracked 
|  10|0x0000000080a00000, 0x0000000080a21e00, 0x0000000080b00000| 13%| O|  |TAMS 0x0000000080a00000, 0x0000000080a00000| Untracked 
|  11|0x0000000080b00000, 0x0000000080b00000, 0x0000000080c00000|  0%| F|  |TAMS 0x0000000080b00000, 0x0000000080b00000| Untracked 
|  12|0x0000000080c00000, 0x0000000080c00000, 0x0000000080d00000|  0%| F|  |TAMS 0x0000000080c00000, 0x0000000080c00000| Untracked 
|  13|0x0000000080d00000, 0x0000000080d00000, 0x0000000080e00000|  0%| F|  |TAMS 0x0000000080d00000, 0x0000000080d00000| Untracked 
|  14|0x0000000080e00000, 0x0000000080e00000, 0x0000000080f00000|  0%| F|  |TAMS 0x0000000080e00000, 0x0000000080e00000| Untracked 
|  15|0x0000000080f00000, 0x0000000080f00000, 0x0000000081000000|  0%| F|  |TAMS 0x0000000080f00000, 0x0000000080f00000| Untracked 
|  16|0x0000000081000000, 0x0000000081000000, 0x0000000081100000|  0%| F|  |TAMS 0x0000000081000000, 0x0000000081000000| Untracked 
|  17|0x0000000081100000, 0x0000000081100000, 0x0000000081200000|  0%| F|  |TAMS 0x0000000081100000, 0x0000000081100000| Untracked 
|  18|0x0000000081200000, 0x0000000081200000, 0x0000000081300000|  0%| F|  |TAMS 0x0000000081200000, 0x0000000081200000| Untracked 
|  19|0x0000000081300000, 0x0000000081300000, 0x0000000081400000|  0%| F|  |TAMS 0x0000000081300000, 0x0000000081300000| Untracked 
|  20|0x0000000081400000, 0x0000000081400000, 0x0000000081500000|  0%| F|  |TAMS 0x0000000081400000, 0x0000000081400000| Untracked 
|  21|0x0000000081500000, 0x0000000081500000, 0x0000000081600000|  0%| F|  |TAMS 0x0000000081500000, 0x0000000081500000| Untracked 
|  22|0x0000000081600000, 0x0000000081600000, 0x0000000081700000|  0%| F|  |TAMS 0x0000000081600000, 0x0000000081600000| Untracked 
|  23|0x0000000081700000, 0x0000000081700000, 0x0000000081800000|  0%| F|  |TAMS 0x0000000081700000, 0x0000000081700000| Untracked 
|  24|0x0000000081800000, 0x0000000081800000, 0x0000000081900000|  0%| F|  |TAMS 0x0000000081800000, 0x0000000081800000| Untracked 
|  25|0x0000000081900000, 0x0000000081900000, 0x0000000081a00000|  0%| F|  |TAMS 0x0000000081900000, 0x0000000081900000| Untracked 
|  26|0x0000000081a00000, 0x0000000081a00000, 0x0000000081b00000|  0%| F|  |TAMS 0x0000000081a00000, 0x0000000081a00000| Untracked 
|  27|0x0000000081b00000, 0x0000000081b00000, 0x0000000081c00000|  0%| F|  |TAMS 0x0000000081b00000, 0x0000000081b00000| Untracked 
|  28|0x0000000081c00000, 0x0000000081c00000, 0x0000000081d00000|  0%| F|  |TAMS 0x0000000081c00000, 0x0000000081c00000| Untracked 
|  29|0x0000000081d00000, 0x0000000081d00000, 0x0000000081e00000|  0%| F|  |TAMS 0x0000000081d00000, 0x0000000081d00000| Untracked 
|  30|0x0000000081e00000, 0x0000000081e00000, 0x0000000081f00000|  0%| F|  |TAMS 0x0000000081e00000, 0x0000000081e00000| Untracked 
|  31|0x0000000081f00000, 0x0000000081f00000, 0x0000000082000000|  0%| F|  |TAMS 0x0000000081f00000, 0x0000000081f00000| Untracked 
|  32|0x0000000082000000, 0x0000000082000000, 0x0000000082100000|  0%| F|  |TAMS 0x0000000082000000, 0x0000000082000000| Untracked 
|  33|0x0000000082100000, 0x0000000082100000, 0x0000000082200000|  0%| F|  |TAMS 0x0000000082100000, 0x0000000082100000| Untracked 
|  34|0x0000000082200000, 0x0000000082200000, 0x0000000082300000|  0%| F|  |TAMS 0x0000000082200000, 0x0000000082200000| Untracked 
|  35|0x0000000082300000, 0x0000000082300000, 0x0000000082400000|  0%| F|  |TAMS 0x0000000082300000, 0x0000000082300000| Untracked 
|  36|0x0000000082400000, 0x0000000082400000, 0x0000000082500000|  0%| F|  |TAMS 0x0000000082400000, 0x0000000082400000| Untracked 
|  37|0x0000000082500000, 0x0000000082500000, 0x0000000082600000|  0%| F|  |TAMS 0x0000000082500000, 0x0000000082500000| Untracked 
|  38|0x0000000082600000, 0x0000000082600000, 0x0000000082700000|  0%| F|  |TAMS 0x0000000082600000, 0x0000000082600000| Untracked 
|  39|0x0000000082700000, 0x0000000082700000, 0x0000000082800000|  0%| F|  |TAMS 0x0000000082700000, 0x0000000082700000| Untracked 
|  40|0x0000000082800000, 0x0000000082800000, 0x0000000082900000|  0%| F|  |TAMS 0x0000000082800000, 0x0000000082800000| Untracked 
|  41|0x0000000082900000, 0x0000000082900000, 0x0000000082a00000|  0%| F|  |TAMS 0x0000000082900000, 0x0000000082900000| Untracked 
|  42|0x0000000082a00000, 0x0000000082a00000, 0x0000000082b00000|  0%| F|  |TAMS 0x0000000082a00000, 0x0000000082a00000| Untracked 
|  43|0x0000000082b00000, 0x0000000082b00000, 0x0000000082c00000|  0%| F|  |TAMS 0x0000000082b00000, 0x0000000082b00000| Untracked 
|  44|0x0000000082c00000, 0x0000000082c00000, 0x0000000082d00000|  0%| F|  |TAMS 0x0000000082c00000, 0x0000000082c00000| Untracked 
|  45|0x0000000082d00000, 0x0000000082d00000, 0x0000000082e00000|  0%| F|  |TAMS 0x0000000082d00000, 0x0000000082d00000| Untracked 
|  46|0x0000000082e00000, 0x0000000082e00000, 0x0000000082f00000|  0%| F|  |TAMS 0x0000000082e00000, 0x0000000082e00000| Untracked 
|  47|0x0000000082f00000, 0x0000000082f00000, 0x0000000083000000|  0%| F|  |TAMS 0x0000000082f00000, 0x0000000082f00000| Untracked 
|  48|0x0000000083000000, 0x0000000083000000, 0x0000000083100000|  0%| F|  |TAMS 0x0000000083000000, 0x0000000083000000| Untracked 
|  49|0x0000000083100000, 0x0000000083100000, 0x0000000083200000|  0%| F|  |TAMS 0x0000000083100000, 0x0000000083100000| Untracked 
|  50|0x0000000083200000, 0x0000000083200000, 0x0000000083300000|  0%| F|  |TAMS 0x0000000083200000, 0x0000000083200000| Untracked 
|  51|0x0000000083300000, 0x0000000083300000, 0x0000000083400000|  0%| F|  |TAMS 0x0000000083300000, 0x0000000083300000| Untracked 
|  52|0x0000000083400000, 0x0000000083400000, 0x0000000083500000|  0%| F|  |TAMS 0x0000000083400000, 0x0000000083400000| Untracked 
|  53|0x0000000083500000, 0x0000000083500000, 0x0000000083600000|  0%| F|  |TAMS 0x0000000083500000, 0x0000000083500000| Untracked 
|  54|0x0000000083600000, 0x0000000083600000, 0x0000000083700000|  0%| F|  |TAMS 0x0000000083600000, 0x0000000083600000| Untracked 
|  55|0x0000000083700000, 0x0000000083700000, 0x0000000083800000|  0%| F|  |TAMS 0x0000000083700000, 0x0000000083700000| Untracked 
|  56|0x0000000083800000, 0x0000000083800000, 0x0000000083900000|  0%| F|  |TAMS 0x0000000083800000, 0x0000000083800000| Untracked 
|  57|0x0000000083900000, 0x0000000083900000, 0x0000000083a00000|  0%| F|  |TAMS 0x0000000083900000, 0x0000000083900000| Untracked 
|  58|0x0000000083a00000, 0x0000000083a00000, 0x0000000083b00000|  0%| F|  |TAMS 0x0000000083a00000, 0x0000000083a00000| Untracked 
|  59|0x0000000083b00000, 0x0000000083b00000, 0x0000000083c00000|  0%| F|  |TAMS 0x0000000083b00000, 0x0000000083b00000| Untracked 
|  60|0x0000000083c00000, 0x0000000083c00000, 0x0000000083d00000|  0%| F|  |TAMS 0x0000000083c00000, 0x0000000083c00000| Untracked 
|  61|0x0000000083d00000, 0x0000000083d00000, 0x0000000083e00000|  0%| F|  |TAMS 0x0000000083d00000, 0x0000000083d00000| Untracked 
|  62|0x0000000083e00000, 0x0000000083e00000, 0x0000000083f00000|  0%| F|  |TAMS 0x0000000083e00000, 0x0000000083e00000| Untracked 
|  63|0x0000000083f00000, 0x0000000083f00000, 0x0000000084000000|  0%| F|  |TAMS 0x0000000083f00000, 0x0000000083f00000| Untracked 
|  64|0x0000000084000000, 0x0000000084000000, 0x0000000084100000|  0%| F|  |TAMS 0x0000000084000000, 0x0000000084000000| Untracked 
|  65|0x0000000084100000, 0x0000000084100000, 0x0000000084200000|  0%| F|  |TAMS 0x0000000084100000, 0x0000000084100000| Untracked 
|  66|0x0000000084200000, 0x0000000084200000, 0x0000000084300000|  0%| F|  |TAMS 0x0000000084200000, 0x0000000084200000| Untracked 
|  67|0x0000000084300000, 0x0000000084300000, 0x0000000084400000|  0%| F|  |TAMS 0x0000000084300000, 0x0000000084300000| Untracked 
|  68|0x0000000084400000, 0x0000000084400000, 0x0000000084500000|  0%| F|  |TAMS 0x0000000084400000, 0x0000000084400000| Untracked 
|  69|0x0000000084500000, 0x0000000084500000, 0x0000000084600000|  0%| F|  |TAMS 0x0000000084500000, 0x0000000084500000| Untracked 
|  70|0x0000000084600000, 0x0000000084600000, 0x0000000084700000|  0%| F|  |TAMS 0x0000000084600000, 0x0000000084600000| Untracked 
|  71|0x0000000084700000, 0x0000000084700000, 0x0000000084800000|  0%| F|  |TAMS 0x0000000084700000, 0x0000000084700000| Untracked 
|  72|0x0000000084800000, 0x0000000084800000, 0x0000000084900000|  0%| F|  |TAMS 0x0000000084800000, 0x0000000084800000| Untracked 
|  73|0x0000000084900000, 0x0000000084900000, 0x0000000084a00000|  0%| F|  |TAMS 0x0000000084900000, 0x0000000084900000| Untracked 
|  74|0x0000000084a00000, 0x0000000084a00000, 0x0000000084b00000|  0%| F|  |TAMS 0x0000000084a00000, 0x0000000084a00000| Untracked 
|  75|0x0000000084b00000, 0x0000000084b00000, 0x0000000084c00000|  0%| F|  |TAMS 0x0000000084b00000, 0x0000000084b00000| Untracked 
|  76|0x0000000084c00000, 0x0000000084c00000, 0x0000000084d00000|  0%| F|  |TAMS 0x0000000084c00000, 0x0000000084c00000| Untracked 
|  77|0x0000000084d00000, 0x0000000084d00000, 0x0000000084e00000|  0%| F|  |TAMS 0x0000000084d00000, 0x0000000084d00000| Untracked 
|  78|0x0000000084e00000, 0x0000000084e00000, 0x0000000084f00000|  0%| F|  |TAMS 0x0000000084e00000, 0x0000000084e00000| Untracked 
|  79|0x0000000084f00000, 0x0000000084f00000, 0x0000000085000000|  0%| F|  |TAMS 0x0000000084f00000, 0x0000000084f00000| Untracked 
|  80|0x0000000085000000, 0x0000000085000000, 0x0000000085100000|  0%| F|  |TAMS 0x0000000085000000, 0x0000000085000000| Untracked 
|  81|0x0000000085100000, 0x0000000085100000, 0x0000000085200000|  0%| F|  |TAMS 0x0000000085100000, 0x0000000085100000| Untracked 
|  82|0x0000000085200000, 0x0000000085200000, 0x0000000085300000|  0%| F|  |TAMS 0x0000000085200000, 0x0000000085200000| Untracked 
|  83|0x0000000085300000, 0x0000000085300000, 0x0000000085400000|  0%| F|  |TAMS 0x0000000085300000, 0x0000000085300000| Untracked 
|  84|0x0000000085400000, 0x0000000085400000, 0x0000000085500000|  0%| F|  |TAMS 0x0000000085400000, 0x0000000085400000| Untracked 
|  85|0x0000000085500000, 0x0000000085500000, 0x0000000085600000|  0%| F|  |TAMS 0x0000000085500000, 0x0000000085500000| Untracked 
|  86|0x0000000085600000, 0x0000000085600000, 0x0000000085700000|  0%| F|  |TAMS 0x0000000085600000, 0x0000000085600000| Untracked 
|  87|0x0000000085700000, 0x0000000085700000, 0x0000000085800000|  0%| F|  |TAMS 0x0000000085700000, 0x0000000085700000| Untracked 
|  88|0x0000000085800000, 0x0000000085800000, 0x0000000085900000|  0%| F|  |TAMS 0x0000000085800000, 0x0000000085800000| Untracked 
|  89|0x0000000085900000, 0x0000000085900000, 0x0000000085a00000|  0%| F|  |TAMS 0x0000000085900000, 0x0000000085900000| Untracked 
|  90|0x0000000085a00000, 0x0000000085a00000, 0x0000000085b00000|  0%| F|  |TAMS 0x0000000085a00000, 0x0000000085a00000| Untracked 
|  91|0x0000000085b00000, 0x0000000085b00000, 0x0000000085c00000|  0%| F|  |TAMS 0x0000000085b00000, 0x0000000085b00000| Untracked 
|  92|0x0000000085c00000, 0x0000000085c00000, 0x0000000085d00000|  0%| F|  |TAMS 0x0000000085c00000, 0x0000000085c00000| Untracked 
|  93|0x0000000085d00000, 0x0000000085d00000, 0x0000000085e00000|  0%| F|  |TAMS 0x0000000085d00000, 0x0000000085d00000| Untracked 
|  94|0x0000000085e00000, 0x0000000085e00000, 0x0000000085f00000|  0%| F|  |TAMS 0x0000000085e00000, 0x0000000085e00000| Untracked 
|  95|0x0000000085f00000, 0x0000000085f00000, 0x0000000086000000|  0%| F|  |TAMS 0x0000000085f00000, 0x0000000085f00000| Untracked 
|  96|0x0000000086000000, 0x0000000086000000, 0x0000000086100000|  0%| F|  |TAMS 0x0000000086000000, 0x0000000086000000| Untracked 
|  97|0x0000000086100000, 0x0000000086100000, 0x0000000086200000|  0%| F|  |TAMS 0x0000000086100000, 0x0000000086100000| Untracked 
|  98|0x0000000086200000, 0x0000000086200000, 0x0000000086300000|  0%| F|  |TAMS 0x0000000086200000, 0x0000000086200000| Untracked 
|  99|0x0000000086300000, 0x0000000086300000, 0x0000000086400000|  0%| F|  |TAMS 0x0000000086300000, 0x0000000086300000| Untracked 
| 100|0x0000000086400000, 0x0000000086400000, 0x0000000086500000|  0%| F|  |TAMS 0x0000000086400000, 0x0000000086400000| Untracked 
| 101|0x0000000086500000, 0x0000000086500000, 0x0000000086600000|  0%| F|  |TAMS 0x0000000086500000, 0x0000000086500000| Untracked 
| 102|0x0000000086600000, 0x0000000086600000, 0x0000000086700000|  0%| F|  |TAMS 0x0000000086600000, 0x0000000086600000| Untracked 
| 103|0x0000000086700000, 0x0000000086700000, 0x0000000086800000|  0%| F|  |TAMS 0x0000000086700000, 0x0000000086700000| Untracked 
| 104|0x0000000086800000, 0x0000000086800000, 0x0000000086900000|  0%| F|  |TAMS 0x0000000086800000, 0x0000000086800000| Untracked 
| 105|0x0000000086900000, 0x0000000086900000, 0x0000000086a00000|  0%| F|  |TAMS 0x0000000086900000, 0x0000000086900000| Untracked 
| 106|0x0000000086a00000, 0x0000000086a00000, 0x0000000086b00000|  0%| F|  |TAMS 0x0000000086a00000, 0x0000000086a00000| Untracked 
| 107|0x0000000086b00000, 0x0000000086b00000, 0x0000000086c00000|  0%| F|  |TAMS 0x0000000086b00000, 0x0000000086b00000| Untracked 
| 108|0x0000000086c00000, 0x0000000086c00000, 0x0000000086d00000|  0%| F|  |TAMS 0x0000000086c00000, 0x0000000086c00000| Untracked 
| 109|0x0000000086d00000, 0x0000000086d00000, 0x0000000086e00000|  0%| F|  |TAMS 0x0000000086d00000, 0x0000000086d00000| Untracked 
| 110|0x0000000086e00000, 0x0000000086e00000, 0x0000000086f00000|  0%| F|  |TAMS 0x0000000086e00000, 0x0000000086e00000| Untracked 
| 111|0x0000000086f00000, 0x0000000086f00000, 0x0000000087000000|  0%| F|  |TAMS 0x0000000086f00000, 0x0000000086f00000| Untracked 
| 112|0x0000000087000000, 0x0000000087000000, 0x0000000087100000|  0%| F|  |TAMS 0x0000000087000000, 0x0000000087000000| Untracked 
| 113|0x0000000087100000, 0x0000000087100000, 0x0000000087200000|  0%| F|  |TAMS 0x0000000087100000, 0x0000000087100000| Untracked 
| 114|0x0000000087200000, 0x0000000087200000, 0x0000000087300000|  0%| F|  |TAMS 0x0000000087200000, 0x0000000087200000| Untracked 
| 115|0x0000000087300000, 0x0000000087300000, 0x0000000087400000|  0%| F|  |TAMS 0x0000000087300000, 0x0000000087300000| Untracked 
| 116|0x0000000087400000, 0x0000000087400000, 0x0000000087500000|  0%| F|  |TAMS 0x0000000087400000, 0x0000000087400000| Untracked 
| 117|0x0000000087500000, 0x0000000087500000, 0x0000000087600000|  0%| F|  |TAMS 0x0000000087500000, 0x0000000087500000| Untracked 
| 118|0x0000000087600000, 0x0000000087600000, 0x0000000087700000|  0%| F|  |TAMS 0x0000000087600000, 0x0000000087600000| Untracked 
| 119|0x0000000087700000, 0x0000000087700000, 0x0000000087800000|  0%| F|  |TAMS 0x0000000087700000, 0x0000000087700000| Untracked 
| 120|0x0000000087800000, 0x0000000087800000, 0x0000000087900000|  0%| F|  |TAMS 0x0000000087800000, 0x0000000087800000| Untracked 
| 121|0x0000000087900000, 0x0000000087900000, 0x0000000087a00000|  0%| F|  |TAMS 0x0000000087900000, 0x0000000087900000| Untracked 
| 122|0x0000000087a00000, 0x0000000087a00000, 0x0000000087b00000|  0%| F|  |TAMS 0x0000000087a00000, 0x0000000087a00000| Untracked 
| 123|0x0000000087b00000, 0x0000000087b00000, 0x0000000087c00000|  0%| F|  |TAMS 0x0000000087b00000, 0x0000000087b00000| Untracked 
| 124|0x0000000087c00000, 0x0000000087c00000, 0x0000000087d00000|  0%| F|  |TAMS 0x0000000087c00000, 0x0000000087c00000| Untracked 
| 125|0x0000000087d00000, 0x0000000087d00000, 0x0000000087e00000|  0%| F|  |TAMS 0x0000000087d00000, 0x0000000087d00000| Untracked 
| 126|0x0000000087e00000, 0x0000000087e00000, 0x0000000087f00000|  0%| F|  |TAMS 0x0000000087e00000, 0x0000000087e00000| Untracked 
| 127|0x0000000087f00000, 0x0000000087f00000, 0x0000000088000000|  0%| F|  |TAMS 0x0000000087f00000, 0x0000000087f00000| Untracked 
| 128|0x0000000088000000, 0x0000000088000000, 0x0000000088100000|  0%| F|  |TAMS 0x0000000088000000, 0x0000000088000000| Untracked 
| 129|0x0000000088100000, 0x0000000088100000, 0x0000000088200000|  0%| F|  |TAMS 0x0000000088100000, 0x0000000088100000| Untracked 
| 130|0x0000000088200000, 0x0000000088200000, 0x0000000088300000|  0%| F|  |TAMS 0x0000000088200000, 0x0000000088200000| Untracked 
| 131|0x0000000088300000, 0x0000000088300000, 0x0000000088400000|  0%| F|  |TAMS 0x0000000088300000, 0x0000000088300000| Untracked 
| 132|0x0000000088400000, 0x0000000088400000, 0x0000000088500000|  0%| F|  |TAMS 0x0000000088400000, 0x0000000088400000| Untracked 
| 133|0x0000000088500000, 0x0000000088500000, 0x0000000088600000|  0%| F|  |TAMS 0x0000000088500000, 0x0000000088500000| Untracked 
| 134|0x0000000088600000, 0x0000000088600000, 0x0000000088700000|  0%| F|  |TAMS 0x0000000088600000, 0x0000000088600000| Untracked 
| 135|0x0000000088700000, 0x0000000088700000, 0x0000000088800000|  0%| F|  |TAMS 0x0000000088700000, 0x0000000088700000| Untracked 
| 136|0x0000000088800000, 0x0000000088800000, 0x0000000088900000|  0%| F|  |TAMS 0x0000000088800000, 0x0000000088800000| Untracked 
| 137|0x0000000088900000, 0x0000000088900000, 0x0000000088a00000|  0%| F|  |TAMS 0x0000000088900000, 0x0000000088900000| Untracked 
| 138|0x0000000088a00000, 0x0000000088a00000, 0x0000000088b00000|  0%| F|  |TAMS 0x0000000088a00000, 0x0000000088a00000| Untracked 
| 139|0x0000000088b00000, 0x0000000088b00000, 0x0000000088c00000|  0%| F|  |TAMS 0x0000000088b00000, 0x0000000088b00000| Untracked 
| 140|0x0000000088c00000, 0x0000000088c00000, 0x0000000088d00000|  0%| F|  |TAMS 0x0000000088c00000, 0x0000000088c00000| Untracked 
| 141|0x0000000088d00000, 0x0000000088d00000, 0x0000000088e00000|  0%| F|  |TAMS 0x0000000088d00000, 0x0000000088d00000| Untracked 
| 142|0x0000000088e00000, 0x0000000088e00000, 0x0000000088f00000|  0%| F|  |TAMS 0x0000000088e00000, 0x0000000088e00000| Untracked 
| 143|0x0000000088f00000, 0x0000000088f00000, 0x0000000089000000|  0%| F|  |TAMS 0x0000000088f00000, 0x0000000088f00000| Untracked 
| 144|0x0000000089000000, 0x0000000089000000, 0x0000000089100000|  0%| F|  |TAMS 0x0000000089000000, 0x0000000089000000| Untracked 
| 145|0x0000000089100000, 0x0000000089100000, 0x0000000089200000|  0%| F|  |TAMS 0x0000000089100000, 0x0000000089100000| Untracked 
| 146|0x0000000089200000, 0x0000000089200000, 0x0000000089300000|  0%| F|  |TAMS 0x0000000089200000, 0x0000000089200000| Untracked 
| 147|0x0000000089300000, 0x0000000089300000, 0x0000000089400000|  0%| F|  |TAMS 0x0000000089300000, 0x0000000089300000| Untracked 
| 148|0x0000000089400000, 0x0000000089400000, 0x0000000089500000|  0%| F|  |TAMS 0x0000000089400000, 0x0000000089400000| Untracked 
| 149|0x0000000089500000, 0x0000000089500000, 0x0000000089600000|  0%| F|  |TAMS 0x0000000089500000, 0x0000000089500000| Untracked 
| 150|0x0000000089600000, 0x0000000089600000, 0x0000000089700000|  0%| F|  |TAMS 0x0000000089600000, 0x0000000089600000| Untracked 
| 151|0x0000000089700000, 0x0000000089700000, 0x0000000089800000|  0%| F|  |TAMS 0x0000000089700000, 0x0000000089700000| Untracked 
| 152|0x0000000089800000, 0x0000000089800000, 0x0000000089900000|  0%| F|  |TAMS 0x0000000089800000, 0x0000000089800000| Untracked 
| 153|0x0000000089900000, 0x0000000089900000, 0x0000000089a00000|  0%| F|  |TAMS 0x0000000089900000, 0x0000000089900000| Untracked 
| 154|0x0000000089a00000, 0x0000000089a00000, 0x0000000089b00000|  0%| F|  |TAMS 0x0000000089a00000, 0x0000000089a00000| Untracked 
| 155|0x0000000089b00000, 0x0000000089b00000, 0x0000000089c00000|  0%| F|  |TAMS 0x0000000089b00000, 0x0000000089b00000| Untracked 
| 156|0x0000000089c00000, 0x0000000089c00000, 0x0000000089d00000|  0%| F|  |TAMS 0x0000000089c00000, 0x0000000089c00000| Untracked 
| 157|0x0000000089d00000, 0x0000000089d00000, 0x0000000089e00000|  0%| F|  |TAMS 0x0000000089d00000, 0x0000000089d00000| Untracked 
| 158|0x0000000089e00000, 0x0000000089e00000, 0x0000000089f00000|  0%| F|  |TAMS 0x0000000089e00000, 0x0000000089e00000| Untracked 
| 159|0x0000000089f00000, 0x0000000089f00000, 0x000000008a000000|  0%| F|  |TAMS 0x0000000089f00000, 0x0000000089f00000| Untracked 
| 160|0x000000008a000000, 0x000000008a000000, 0x000000008a100000|  0%| F|  |TAMS 0x000000008a000000, 0x000000008a000000| Untracked 
| 161|0x000000008a100000, 0x000000008a100000, 0x000000008a200000|  0%| F|  |TAMS 0x000000008a100000, 0x000000008a100000| Untracked 
| 162|0x000000008a200000, 0x000000008a200000, 0x000000008a300000|  0%| F|  |TAMS 0x000000008a200000, 0x000000008a200000| Untracked 
| 163|0x000000008a300000, 0x000000008a300000, 0x000000008a400000|  0%| F|  |TAMS 0x000000008a300000, 0x000000008a300000| Untracked 
| 164|0x000000008a400000, 0x000000008a400000, 0x000000008a500000|  0%| F|  |TAMS 0x000000008a400000, 0x000000008a400000| Untracked 
| 165|0x000000008a500000, 0x000000008a500000, 0x000000008a600000|  0%| F|  |TAMS 0x000000008a500000, 0x000000008a500000| Untracked 
| 166|0x000000008a600000, 0x000000008a600000, 0x000000008a700000|  0%| F|  |TAMS 0x000000008a600000, 0x000000008a600000| Untracked 
| 167|0x000000008a700000, 0x000000008a700000, 0x000000008a800000|  0%| F|  |TAMS 0x000000008a700000, 0x000000008a700000| Untracked 
| 168|0x000000008a800000, 0x000000008a800000, 0x000000008a900000|  0%| F|  |TAMS 0x000000008a800000, 0x000000008a800000| Untracked 
| 169|0x000000008a900000, 0x000000008a900000, 0x000000008aa00000|  0%| F|  |TAMS 0x000000008a900000, 0x000000008a900000| Untracked 
| 170|0x000000008aa00000, 0x000000008aa00000, 0x000000008ab00000|  0%| F|  |TAMS 0x000000008aa00000, 0x000000008aa00000| Untracked 
| 171|0x000000008ab00000, 0x000000008ab00000, 0x000000008ac00000|  0%| F|  |TAMS 0x000000008ab00000, 0x000000008ab00000| Untracked 
| 172|0x000000008ac00000, 0x000000008ac00000, 0x000000008ad00000|  0%| F|  |TAMS 0x000000008ac00000, 0x000000008ac00000| Untracked 
| 173|0x000000008ad00000, 0x000000008ad00000, 0x000000008ae00000|  0%| F|  |TAMS 0x000000008ad00000, 0x000000008ad00000| Untracked 
| 174|0x000000008ae00000, 0x000000008ae00000, 0x000000008af00000|  0%| F|  |TAMS 0x000000008ae00000, 0x000000008ae00000| Untracked 
| 175|0x000000008af00000, 0x000000008af00000, 0x000000008b000000|  0%| F|  |TAMS 0x000000008af00000, 0x000000008af00000| Untracked 
| 176|0x000000008b000000, 0x000000008b000000, 0x000000008b100000|  0%| F|  |TAMS 0x000000008b000000, 0x000000008b000000| Untracked 
| 177|0x000000008b100000, 0x000000008b100000, 0x000000008b200000|  0%| F|  |TAMS 0x000000008b100000, 0x000000008b100000| Untracked 
| 178|0x000000008b200000, 0x000000008b200000, 0x000000008b300000|  0%| F|  |TAMS 0x000000008b200000, 0x000000008b200000| Untracked 
| 179|0x000000008b300000, 0x000000008b300000, 0x000000008b400000|  0%| F|  |TAMS 0x000000008b300000, 0x000000008b300000| Untracked 
| 180|0x000000008b400000, 0x000000008b400000, 0x000000008b500000|  0%| F|  |TAMS 0x000000008b400000, 0x000000008b400000| Untracked 
| 181|0x000000008b500000, 0x000000008b500000, 0x000000008b600000|  0%| F|  |TAMS 0x000000008b500000, 0x000000008b500000| Untracked 
| 182|0x000000008b600000, 0x000000008b600000, 0x000000008b700000|  0%| F|  |TAMS 0x000000008b600000, 0x000000008b600000| Untracked 
| 183|0x000000008b700000, 0x000000008b700000, 0x000000008b800000|  0%| F|  |TAMS 0x000000008b700000, 0x000000008b700000| Untracked 
| 184|0x000000008b800000, 0x000000008b800000, 0x000000008b900000|  0%| F|  |TAMS 0x000000008b800000, 0x000000008b800000| Untracked 
| 185|0x000000008b900000, 0x000000008b900000, 0x000000008ba00000|  0%| F|  |TAMS 0x000000008b900000, 0x000000008b900000| Untracked 
| 186|0x000000008ba00000, 0x000000008ba00000, 0x000000008bb00000|  0%| F|  |TAMS 0x000000008ba00000, 0x000000008ba00000| Untracked 
| 187|0x000000008bb00000, 0x000000008bb00000, 0x000000008bc00000|  0%| F|  |TAMS 0x000000008bb00000, 0x000000008bb00000| Untracked 
| 188|0x000000008bc00000, 0x000000008bc00000, 0x000000008bd00000|  0%| F|  |TAMS 0x000000008bc00000, 0x000000008bc00000| Untracked 
| 189|0x000000008bd00000, 0x000000008bd00000, 0x000000008be00000|  0%| F|  |TAMS 0x000000008bd00000, 0x000000008bd00000| Untracked 
| 190|0x000000008be00000, 0x000000008be00000, 0x000000008bf00000|  0%| F|  |TAMS 0x000000008be00000, 0x000000008be00000| Untracked 
| 191|0x000000008bf00000, 0x000000008bf00000, 0x000000008c000000|  0%| F|  |TAMS 0x000000008bf00000, 0x000000008bf00000| Untracked 
| 192|0x000000008c000000, 0x000000008c000000, 0x000000008c100000|  0%| F|  |TAMS 0x000000008c000000, 0x000000008c000000| Untracked 
| 193|0x000000008c100000, 0x000000008c100000, 0x000000008c200000|  0%| F|  |TAMS 0x000000008c100000, 0x000000008c100000| Untracked 
| 194|0x000000008c200000, 0x000000008c200000, 0x000000008c300000|  0%| F|  |TAMS 0x000000008c200000, 0x000000008c200000| Untracked 
| 195|0x000000008c300000, 0x000000008c300000, 0x000000008c400000|  0%| F|  |TAMS 0x000000008c300000, 0x000000008c300000| Untracked 
| 196|0x000000008c400000, 0x000000008c400000, 0x000000008c500000|  0%| F|  |TAMS 0x000000008c400000, 0x000000008c400000| Untracked 
| 197|0x000000008c500000, 0x000000008c500000, 0x000000008c600000|  0%| F|  |TAMS 0x000000008c500000, 0x000000008c500000| Untracked 
| 198|0x000000008c600000, 0x000000008c600000, 0x000000008c700000|  0%| F|  |TAMS 0x000000008c600000, 0x000000008c600000| Untracked 
| 199|0x000000008c700000, 0x000000008c780800, 0x000000008c800000| 50%| E|  |TAMS 0x000000008c700000, 0x000000008c700000| Complete 
| 200|0x000000008c800000, 0x000000008c900000, 0x000000008c900000|100%| E|CS|TAMS 0x000000008c800000, 0x000000008c800000| Complete 
| 201|0x000000008c900000, 0x000000008ca00000, 0x000000008ca00000|100%| E|CS|TAMS 0x000000008c900000, 0x000000008c900000| Complete 
| 202|0x000000008ca00000, 0x000000008cb00000, 0x000000008cb00000|100%| E|CS|TAMS 0x000000008ca00000, 0x000000008ca00000| Complete 
| 203|0x000000008cb00000, 0x000000008cc00000, 0x000000008cc00000|100%| E|CS|TAMS 0x000000008cb00000, 0x000000008cb00000| Complete 
| 204|0x000000008cc00000, 0x000000008cd00000, 0x000000008cd00000|100%| E|CS|TAMS 0x000000008cc00000, 0x000000008cc00000| Complete 
| 205|0x000000008cd00000, 0x000000008ce00000, 0x000000008ce00000|100%| E|CS|TAMS 0x000000008cd00000, 0x000000008cd00000| Complete 
| 206|0x000000008ce00000, 0x000000008cf00000, 0x000000008cf00000|100%| E|CS|TAMS 0x000000008ce00000, 0x000000008ce00000| Complete 
| 207|0x000000008cf00000, 0x000000008d000000, 0x000000008d000000|100%| E|CS|TAMS 0x000000008cf00000, 0x000000008cf00000| Complete 
| 208|0x000000008d000000, 0x000000008d100000, 0x000000008d100000|100%| E|CS|TAMS 0x000000008d000000, 0x000000008d000000| Complete 
| 209|0x000000008d100000, 0x000000008d200000, 0x000000008d200000|100%| E|CS|TAMS 0x000000008d100000, 0x000000008d100000| Complete 
| 210|0x000000008d200000, 0x000000008d300000, 0x000000008d300000|100%| E|CS|TAMS 0x000000008d200000, 0x000000008d200000| Complete 
| 211|0x000000008d300000, 0x000000008d400000, 0x000000008d400000|100%| E|CS|TAMS 0x000000008d300000, 0x000000008d300000| Complete 
| 212|0x000000008d400000, 0x000000008d500000, 0x000000008d500000|100%| E|CS|TAMS 0x000000008d400000, 0x000000008d400000| Complete 
| 213|0x000000008d500000, 0x000000008d600000, 0x000000008d600000|100%| E|CS|TAMS 0x000000008d500000, 0x000000008d500000| Complete 
| 214|0x000000008d600000, 0x000000008d700000, 0x000000008d700000|100%| E|CS|TAMS 0x000000008d600000, 0x000000008d600000| Complete 
| 215|0x000000008d700000, 0x000000008d800000, 0x000000008d800000|100%| E|CS|TAMS 0x000000008d700000, 0x000000008d700000| Complete 
| 216|0x000000008d800000, 0x000000008d900000, 0x000000008d900000|100%| E|CS|TAMS 0x000000008d800000, 0x000000008d800000| Complete 
| 217|0x000000008d900000, 0x000000008da00000, 0x000000008da00000|100%| E|CS|TAMS 0x000000008d900000, 0x000000008d900000| Complete 
| 218|0x000000008da00000, 0x000000008db00000, 0x000000008db00000|100%| S|CS|TAMS 0x000000008da00000, 0x000000008da00000| Complete 
| 219|0x000000008db00000, 0x000000008dc00000, 0x000000008dc00000|100%| S|CS|TAMS 0x000000008db00000, 0x000000008db00000| Complete 
| 220|0x000000008dc00000, 0x000000008dd00000, 0x000000008dd00000|100%| S|CS|TAMS 0x000000008dc00000, 0x000000008dc00000| Complete 
| 221|0x000000008dd00000, 0x000000008de00000, 0x000000008de00000|100%| S|CS|TAMS 0x000000008dd00000, 0x000000008dd00000| Complete 
| 222|0x000000008de00000, 0x000000008df00000, 0x000000008df00000|100%| E|CS|TAMS 0x000000008de00000, 0x000000008de00000| Complete 
| 223|0x000000008df00000, 0x000000008e000000, 0x000000008e000000|100%| E|CS|TAMS 0x000000008df00000, 0x000000008df00000| Complete 
| 224|0x000000008e000000, 0x000000008e100000, 0x000000008e100000|100%| E|CS|TAMS 0x000000008e000000, 0x000000008e000000| Complete 
| 225|0x000000008e100000, 0x000000008e200000, 0x000000008e200000|100%| E|CS|TAMS 0x000000008e100000, 0x000000008e100000| Complete 
| 226|0x000000008e200000, 0x000000008e300000, 0x000000008e300000|100%| E|CS|TAMS 0x000000008e200000, 0x000000008e200000| Complete 
| 227|0x000000008e300000, 0x000000008e400000, 0x000000008e400000|100%| E|CS|TAMS 0x000000008e300000, 0x000000008e300000| Complete 
| 228|0x000000008e400000, 0x000000008e500000, 0x000000008e500000|100%| E|CS|TAMS 0x000000008e400000, 0x000000008e400000| Complete 
| 229|0x000000008e500000, 0x000000008e600000, 0x000000008e600000|100%| E|CS|TAMS 0x000000008e500000, 0x000000008e500000| Complete 
| 230|0x000000008e600000, 0x000000008e700000, 0x000000008e700000|100%| E|CS|TAMS 0x000000008e600000, 0x000000008e600000| Complete 
| 231|0x000000008e700000, 0x000000008e800000, 0x000000008e800000|100%| E|CS|TAMS 0x000000008e700000, 0x000000008e700000| Complete 
| 232|0x000000008e800000, 0x000000008e900000, 0x000000008e900000|100%| E|CS|TAMS 0x000000008e800000, 0x000000008e800000| Complete 
| 233|0x000000008e900000, 0x000000008ea00000, 0x000000008ea00000|100%| E|CS|TAMS 0x000000008e900000, 0x000000008e900000| Complete 
| 234|0x000000008ea00000, 0x000000008eb00000, 0x000000008eb00000|100%| E|CS|TAMS 0x000000008ea00000, 0x000000008ea00000| Complete 
| 235|0x000000008eb00000, 0x000000008ec00000, 0x000000008ec00000|100%| E|CS|TAMS 0x000000008eb00000, 0x000000008eb00000| Complete 
| 236|0x000000008ec00000, 0x000000008ed00000, 0x000000008ed00000|100%| E|CS|TAMS 0x000000008ec00000, 0x000000008ec00000| Complete 
| 237|0x000000008ed00000, 0x000000008ee00000, 0x000000008ee00000|100%| E|CS|TAMS 0x000000008ed00000, 0x000000008ed00000| Complete 
| 238|0x000000008ee00000, 0x000000008ef00000, 0x000000008ef00000|100%| E|CS|TAMS 0x000000008ee00000, 0x000000008ee00000| Complete 
| 239|0x000000008ef00000, 0x000000008f000000, 0x000000008f000000|100%| E|CS|TAMS 0x000000008ef00000, 0x000000008ef00000| Complete 
| 240|0x000000008f000000, 0x000000008f100000, 0x000000008f100000|100%| E|CS|TAMS 0x000000008f000000, 0x000000008f000000| Complete 
| 241|0x000000008f100000, 0x000000008f200000, 0x000000008f200000|100%| E|CS|TAMS 0x000000008f100000, 0x000000008f100000| Complete 
| 242|0x000000008f200000, 0x000000008f300000, 0x000000008f300000|100%| E|CS|TAMS 0x000000008f200000, 0x000000008f200000| Complete 
| 243|0x000000008f300000, 0x000000008f400000, 0x000000008f400000|100%| E|CS|TAMS 0x000000008f300000, 0x000000008f300000| Complete 
| 244|0x000000008f400000, 0x000000008f500000, 0x000000008f500000|100%| E|CS|TAMS 0x000000008f400000, 0x000000008f400000| Complete 
| 245|0x000000008f500000, 0x000000008f600000, 0x000000008f600000|100%| E|CS|TAMS 0x000000008f500000, 0x000000008f500000| Complete 
| 246|0x000000008f600000, 0x000000008f700000, 0x000000008f700000|100%| E|CS|TAMS 0x000000008f600000, 0x000000008f600000| Complete 
| 247|0x000000008f700000, 0x000000008f800000, 0x000000008f800000|100%| E|CS|TAMS 0x000000008f700000, 0x000000008f700000| Complete 
| 248|0x000000008f800000, 0x000000008f900000, 0x000000008f900000|100%| E|CS|TAMS 0x000000008f800000, 0x000000008f800000| Complete 
| 249|0x000000008f900000, 0x000000008fa00000, 0x000000008fa00000|100%| E|CS|TAMS 0x000000008f900000, 0x000000008f900000| Complete 
| 250|0x000000008fa00000, 0x000000008fb00000, 0x000000008fb00000|100%| E|CS|TAMS 0x000000008fa00000, 0x000000008fa00000| Complete 
| 251|0x000000008fb00000, 0x000000008fc00000, 0x000000008fc00000|100%| E|CS|TAMS 0x000000008fb00000, 0x000000008fb00000| Complete 
| 252|0x000000008fc00000, 0x000000008fd00000, 0x000000008fd00000|100%| E|CS|TAMS 0x000000008fc00000, 0x000000008fc00000| Complete 
| 253|0x000000008fd00000, 0x000000008fe00000, 0x000000008fe00000|100%| E|CS|TAMS 0x000000008fd00000, 0x000000008fd00000| Complete 

Card table byte_map: [0x0000028d32510000,0x0000028d32910000] _byte_map_base: 0x0000028d32110000

Marking Bits (Prev, Next): (CMBitMap*) 0x0000028d1b2f1640, (CMBitMap*) 0x0000028d1b2f1680
 Prev Bits: [0x0000028d32d10000, 0x0000028d34d10000)
 Next Bits: [0x0000028d34d10000, 0x0000028d36d10000)

Polling page: 0x0000028d191f0000

Metaspace:

Usage:
  Non-class:     12.48 MB used.
      Class:      2.08 MB used.
       Both:     14.55 MB used.

Virtual space:
  Non-class space:       64.00 MB reserved,      12.75 MB ( 20%) committed,  1 nodes.
      Class space:        1.00 GB reserved,       2.31 MB ( <1%) committed,  1 nodes.
             Both:        1.06 GB reserved,      15.06 MB (  1%) committed. 

Chunk freelists:
   Non-Class:  2.67 MB
       Class:  1.64 MB
        Both:  4.31 MB

MaxMetaspaceSize: unlimited
CompressedClassSpaceSize: 1.00 GB
Initial GC threshold: 21.00 MB
Current GC threshold: 21.00 MB
CDS: on
MetaspaceReclaimPolicy: balanced
 - commit_granule_bytes: 65536.
 - commit_granule_words: 8192.
 - virtual_space_node_default_size: 8388608.
 - enlarge_chunks_in_place: 1.
 - new_chunks_are_fully_committed: 0.
 - uncommit_free_chunks: 1.
 - use_allocation_guard: 0.


Internal statistics:

num_allocs_failed_limit: 0.
num_arena_births: 656.
num_arena_deaths: 0.
num_vsnodes_births: 2.
num_vsnodes_deaths: 0.
num_space_committed: 241.
num_space_uncommitted: 0.
num_chunks_returned_to_freelist: 0.
num_chunks_taken_from_freelist: 1222.
num_chunk_merges: 0.
num_chunk_splits: 785.
num_chunks_enlarged: 499.
num_inconsistent_stats: 0.

CodeHeap 'non-profiled nmethods': size=120000Kb used=1063Kb max_used=1063Kb free=118936Kb
 bounds [0x0000028d2a690000, 0x0000028d2a900000, 0x0000028d31bc0000]
CodeHeap 'profiled nmethods': size=120000Kb used=4538Kb max_used=4538Kb free=115461Kb
 bounds [0x0000028d23160000, 0x0000028d235d0000, 0x0000028d2a690000]
CodeHeap 'non-nmethods': size=5760Kb used=1232Kb max_used=1277Kb free=4527Kb
 bounds [0x0000028d22bc0000, 0x0000028d22e30000, 0x0000028d23160000]
 total_blobs=2807 nmethods=2280 adapters=439
 compilation: enabled
              stopped_count=0, restarted_count=0
 full_count=0

Compilation events (20 events):
Event: 1.698 Thread 0x0000028d399a4e00 2259       3       java.lang.invoke.LambdaFormBuffer::insertParameter (30 bytes)
Event: 1.699 Thread 0x0000028d399a4e00 nmethod 2259 0x0000028d235c9690 code [0x0000028d235c9840, 0x0000028d235c99a8]
Event: 1.699 Thread 0x0000028d399a4e00 2260       3       java.lang.invoke.MethodType::invokers (27 bytes)
Event: 1.699 Thread 0x0000028d399a4e00 nmethod 2260 0x0000028d235c9a90 code [0x0000028d235c9c40, 0x0000028d235ca098]
Event: 1.699 Thread 0x0000028d399a4e00 2263       3       java.lang.invoke.LambdaForm$Name::<init> (9 bytes)
Event: 1.699 Thread 0x0000028d399a4e00 nmethod 2263 0x0000028d235ca190 code [0x0000028d235ca340, 0x0000028d235ca488]
Event: 1.700 Thread 0x0000028d399a4e00 2264       3       java.lang.invoke.MethodType::methodType (14 bytes)
Event: 1.700 Thread 0x0000028d399a4e00 nmethod 2264 0x0000028d235ca510 code [0x0000028d235ca6c0, 0x0000028d235caa08]
Event: 1.700 Thread 0x0000028d399a4e00 2265       3       java.util.ArrayList::clear (43 bytes)
Event: 1.700 Thread 0x0000028d399a4e00 nmethod 2265 0x0000028d235cab10 code [0x0000028d235cacc0, 0x0000028d235cb038]
Event: 1.701 Thread 0x0000028d399a4e00 2266       3       java.lang.invoke.LambdaFormEditor::newSpeciesData (13 bytes)
Event: 1.701 Thread 0x0000028d399a4e00 nmethod 2266 0x0000028d235cb190 code [0x0000028d235cb340, 0x0000028d235cb538]
Event: 1.701 Thread 0x0000028d399a4e00 2267       3       java.lang.invoke.LambdaFormBuffer::renameParameter (29 bytes)
Event: 1.701 Thread 0x0000028d399a4e00 nmethod 2267 0x0000028d235cb690 code [0x0000028d235cb840, 0x0000028d235cb9a8]
Event: 1.702 Thread 0x0000028d399754c0 nmethod 2244 0x0000028d2a794310 code [0x0000028d2a7944a0, 0x0000028d2a794938]
Event: 1.702 Thread 0x0000028d399754c0 2268       4       java.lang.invoke.InvokerBytecodeGenerator::emitLoadInsn (21 bytes)
Event: 1.711 Thread 0x0000028d399754c0 nmethod 2268 0x0000028d2a794e90 code [0x0000028d2a795060, 0x0000028d2a7955e8]
Event: 1.721 Thread 0x0000028d399754c0 2270       4       jdk.internal.perf.PerfCounter::addElapsedTimeFrom (10 bytes)
Event: 1.724 Thread 0x0000028d399754c0 nmethod 2270 0x0000028d2a795b10 code [0x0000028d2a795ca0, 0x0000028d2a795ef8]
Event: 1.725 Thread 0x0000028d3dd90220 nmethod 2242 0x0000028d2a796110 code [0x0000028d2a796400, 0x0000028d2a797a48]

GC Heap History (4 events):
Event: 0.430 GC heap before
{Heap before GC invocations=0 (full 0):
 garbage-first heap   total 260096K, used 28672K [0x0000000080000000, 0x0000000100000000)
  region size 1024K, 23 young (23552K), 0 survivors (0K)
 Metaspace       used 3128K, committed 3264K, reserved 1114112K
  class space    used 390K, committed 448K, reserved 1048576K
}
Event: 0.434 GC heap after
{Heap after GC invocations=1 (full 0):
 garbage-first heap   total 260096K, used 8999K [0x0000000080000000, 0x0000000100000000)
  region size 1024K, 3 young (3072K), 3 survivors (3072K)
 Metaspace       used 3128K, committed 3264K, reserved 1114112K
  class space    used 390K, committed 448K, reserved 1048576K
}
Event: 0.682 GC heap before
{Heap before GC invocations=1 (full 0):
 garbage-first heap   total 260096K, used 38695K [0x0000000080000000, 0x0000000100000000)
  region size 1024K, 32 young (32768K), 3 survivors (3072K)
 Metaspace       used 3985K, committed 4160K, reserved 1114112K
  class space    used 484K, committed 576K, reserved 1048576K
}
Event: 0.687 GC heap after
{Heap after GC invocations=2 (full 0):
 garbage-first heap   total 260096K, used 13447K [0x0000000080000000, 0x0000000100000000)
  region size 1024K, 4 young (4096K), 4 survivors (4096K)
 Metaspace       used 3985K, committed 4160K, reserved 1114112K
  class space    used 484K, committed 576K, reserved 1048576K
}

Deoptimization events (20 events):
Event: 1.533 Thread 0x0000028d3f778380 Uncommon trap: trap_request=0xffffff45 fr.pc=0x0000028d2a6a5444 relative=0x00000000000001a4
Event: 1.533 Thread 0x0000028d3f778380 Uncommon trap: reason=unstable_if action=reinterpret pc=0x0000028d2a6a5444 method=java.util.regex.Matcher.reset()Ljava/util/regex/Matcher; @ 47 c2
Event: 1.533 Thread 0x0000028d3f778380 DEOPT PACKING pc=0x0000028d2a6a5444 sp=0x000000e6f12f8ef0
Event: 1.533 Thread 0x0000028d3f778380 DEOPT UNPACKING pc=0x0000028d22c123a3 sp=0x000000e6f12f8e80 mode 2
Event: 1.581 Thread 0x0000028d3f778380 Uncommon trap: trap_request=0xffffff45 fr.pc=0x0000028d2a6dbf40 relative=0x0000000000000c40
Event: 1.581 Thread 0x0000028d3f778380 Uncommon trap: reason=unstable_if action=reinterpret pc=0x0000028d2a6dbf40 method=java.io.WinNTFileSystem.resolve(Ljava/lang/String;Ljava/lang/String;)Ljava/lang/String; @ 19 c2
Event: 1.581 Thread 0x0000028d3f778380 DEOPT PACKING pc=0x0000028d2a6dbf40 sp=0x000000e6f12fb800
Event: 1.581 Thread 0x0000028d3f778380 DEOPT UNPACKING pc=0x0000028d22c123a3 sp=0x000000e6f12fb798 mode 2
Event: 1.582 Thread 0x0000028d3f778380 Uncommon trap: trap_request=0xffffffc6 fr.pc=0x0000028d2a6f5630 relative=0x0000000000000090
Event: 1.582 Thread 0x0000028d3f778380 Uncommon trap: reason=bimorphic_or_optimized_type_check action=maybe_recompile pc=0x0000028d2a6f5630 method=java.util.AbstractList$Itr.hasNext()Z @ 8 c2
Event: 1.582 Thread 0x0000028d3f778380 DEOPT PACKING pc=0x0000028d2a6f5630 sp=0x000000e6f12fac40
Event: 1.582 Thread 0x0000028d3f778380 DEOPT UNPACKING pc=0x0000028d22c123a3 sp=0x000000e6f12fabd8 mode 2
Event: 1.582 Thread 0x0000028d3f778380 Uncommon trap: trap_request=0xffffffc6 fr.pc=0x0000028d2a6f9d4c relative=0x000000000000012c
Event: 1.582 Thread 0x0000028d3f778380 Uncommon trap: reason=bimorphic_or_optimized_type_check action=maybe_recompile pc=0x0000028d2a6f9d4c method=java.util.AbstractList$Itr.next()Ljava/lang/Object; @ 14 c2
Event: 1.582 Thread 0x0000028d3f778380 DEOPT PACKING pc=0x0000028d2a6f9d4c sp=0x000000e6f12fac30
Event: 1.582 Thread 0x0000028d3f778380 DEOPT UNPACKING pc=0x0000028d22c123a3 sp=0x000000e6f12fabc8 mode 2
Event: 1.582 Thread 0x0000028d3f778380 Uncommon trap: trap_request=0xffffff45 fr.pc=0x0000028d2a6f1228 relative=0x0000000000000608
Event: 1.582 Thread 0x0000028d3f778380 Uncommon trap: reason=unstable_if action=reinterpret pc=0x0000028d2a6f1228 method=java.io.File.getName()Ljava/lang/String; @ 16 c2
Event: 1.582 Thread 0x0000028d3f778380 DEOPT PACKING pc=0x0000028d2a6f1228 sp=0x000000e6f12fb790
Event: 1.582 Thread 0x0000028d3f778380 DEOPT UNPACKING pc=0x0000028d22c123a3 sp=0x000000e6f12fb760 mode 2

Classes loaded (20 events):
Event: 1.620 Loading class java/nio/file/attribute/PosixFilePermission
Event: 1.620 Loading class java/nio/file/attribute/PosixFilePermission done
Event: 1.620 Loading class java/nio/file/NoSuchFileException
Event: 1.620 Loading class java/nio/file/FileSystemException
Event: 1.620 Loading class java/nio/file/FileSystemException done
Event: 1.620 Loading class java/nio/file/NoSuchFileException done
Event: 1.621 Loading class java/nio/file/attribute/PosixFilePermissions
Event: 1.621 Loading class java/nio/file/attribute/PosixFilePermissions done
Event: 1.621 Loading class java/nio/file/attribute/PosixFilePermissions$1
Event: 1.621 Loading class java/nio/file/attribute/PosixFilePermissions$1 done
Event: 1.624 Loading class java/util/concurrent/locks/ReadWriteLock
Event: 1.624 Loading class java/util/concurrent/locks/ReadWriteLock done
Event: 1.625 Loading class java/nio/file/FileVisitor
Event: 1.625 Loading class java/nio/file/FileVisitor done
Event: 1.625 Loading class java/nio/file/FileVisitOption
Event: 1.625 Loading class java/nio/file/FileVisitOption done
Event: 1.628 Loading class java/util/stream/ReduceOps$1
Event: 1.628 Loading class java/util/stream/ReduceOps$1 done
Event: 1.628 Loading class java/util/stream/ReduceOps$1ReducingSink
Event: 1.628 Loading class java/util/stream/ReduceOps$1ReducingSink done

Classes unloaded (0 events):
No events

Classes redefined (0 events):
No events

Internal exceptions (20 events):
Event: 1.472 Thread 0x0000028d3fb65700 Exception <a 'java/lang/NoSuchMethodError'{0x000000008d93fa30}: static Lorg/gradle/internal/operations/OperationIdentifier;.<clinit>()V> (0x000000008d93fa30) 
thrown [s\open\src\hotspot\share\prims\jni.cpp, line 1104]
Event: 1.495 Thread 0x0000028d3f778380 Exception <a 'java/lang/NoSuchMethodError'{0x000000008d7f0560}: 'void java.lang.invoke.DirectMethodHandle$Holder.invokeInterface(java.lang.Object, java.lang.Object)'> (0x000000008d7f0560) 
thrown [s\open\src\hotspot\share\interpreter\linkResolver.cpp, line 759]
Event: 1.495 Thread 0x0000028d3f778380 Exception <a 'java/lang/IncompatibleClassChangeError'{0x000000008d7f3f90}: Found class java.lang.Object, but interface was expected> (0x000000008d7f3f90) 
thrown [s\open\src\hotspot\share\interpreter\linkResolver.cpp, line 826]
Event: 1.495 Thread 0x0000028d3f778380 Exception <a 'java/lang/NoSuchMethodError'{0x000000008d7f4ed8}: 'void java.lang.invoke.DirectMethodHandle$Holder.invokeSpecial(java.lang.Object, java.lang.Object, java.lang.Object)'> (0x000000008d7f4ed8) 
thrown [s\open\src\hotspot\share\interpreter\linkResolver.cpp, line 759]
Event: 1.503 Thread 0x0000028d3f778380 Exception <a 'java/lang/NoSuchMethodError'{0x000000008d677eb0}: 'void java.lang.invoke.DirectMethodHandle$Holder.invokeStaticInit(java.lang.Object)'> (0x000000008d677eb0) 
thrown [s\open\src\hotspot\share\interpreter\linkResolver.cpp, line 759]
Event: 1.513 Thread 0x0000028d3f778380 Exception <a 'java/lang/NoSuchMethodError'{0x000000008d513930}: 'java.lang.Object java.lang.invoke.DirectMethodHandle$Holder.newInvokeSpecial(java.lang.Object, java.lang.Object, java.lang.Object, int)'> (0x000000008d513930) 
thrown [s\open\src\hotspot\share\interpreter\linkResolver.cpp, line 759]
Event: 1.514 Thread 0x0000028d3f778380 Exception <a 'java/lang/NoSuchMethodError'{0x000000008d5187b8}: 'java.lang.Object java.lang.invoke.DirectMethodHandle$Holder.invokeSpecial(java.lang.Object, java.lang.Object, java.lang.Object, java.lang.Object, int)'> (0x000000008d5187b8) 
thrown [s\open\src\hotspot\share\interpreter\linkResolver.cpp, line 759]
Event: 1.514 Thread 0x0000028d3f778380 Exception <a 'java/lang/NoSuchMethodError'{0x000000008d51ce20}: 'java.lang.Object java.lang.invoke.Invokers$Holder.linkToTargetMethod(java.lang.Object, java.lang.Object, int, java.lang.Object)'> (0x000000008d51ce20) 
thrown [s\open\src\hotspot\share\interpreter\linkResolver.cpp, line 759]
Event: 1.608 Thread 0x0000028d3f778380 Exception <a 'java/lang/NoSuchMethodError'{0x000000008d0379c0}: 'java.lang.Object java.lang.invoke.DirectMethodHandle$Holder.invokeVirtual(java.lang.Object, java.lang.Object, java.lang.Object, java.lang.Object, java.lang.Object, java.lang.Object, java.lang.Object, java.lang.Object, java.lang.Object, java.lang.Object)'> (0x000000008d0379c0) 
thrown [s\open\src\hotspot\share\interpreter\linkResolver.cpp, line 759]
Event: 1.608 Thread 0x0000028d3f778380 Exception <a 'java/lang/NoSuchMethodError'{0x000000008d03c548}: 'java.lang.Object java.lang.invoke.DirectMethodHandle$Holder.invokeSpecial(java.lang.Object, java.lang.Object, java.lang.Object, java.lang.Object, java.lang.Object, java.lang.Object, java.lang.Object, java.lang.Object, java.lang.Object, java.lang.Object, java.lang.Object)'> (0x000000008d03c548) 
thrown [s\open\src\hotspot\share\interpreter\linkResolver.cpp, line 759]
Event: 1.626 Thread 0x0000028d3f778380 Exception <a 'java/lang/NoSuchMethodError'{0x000000008cf24ac0}: 'int java.lang.invoke.DirectMethodHandle$Holder.invokeSpecialIFC(java.lang.Object, java.lang.Object, java.lang.Object, java.lang.Object)'> (0x000000008cf24ac0) 
thrown [s\open\src\hotspot\share\interpreter\linkResolver.cpp, line 759]
Event: 1.627 Thread 0x0000028d3f778380 Exception <a 'java/lang/NoSuchMethodError'{0x000000008cf33ed0}: 'java.lang.Object java.lang.invoke.DirectMethodHandle$Holder.invokeInterface(java.lang.Object, java.lang.Object, java.lang.Object)'> (0x000000008cf33ed0) 
thrown [s\open\src\hotspot\share\interpreter\linkResolver.cpp, line 759]
Event: 1.628 Thread 0x0000028d3f778380 Exception <a 'java/lang/IncompatibleClassChangeError'{0x000000008cf37ae0}: Found class java.lang.Object, but interface was expected> (0x000000008cf37ae0) 
thrown [s\open\src\hotspot\share\interpreter\linkResolver.cpp, line 826]
Event: 1.629 Thread 0x0000028d3f778380 Exception <a 'java/lang/NoSuchMethodError'{0x000000008cf4b768}: 'java.lang.Object java.lang.invoke.DirectMethodHandle$Holder.newInvokeSpecial(java.lang.Object, java.lang.Object, java.lang.Object, java.lang.Object, java.lang.Object, java.lang.Object, java.lang.Object, java.lang.Object, java.lang.Object, java.lang.Object)'> (0x000000008cf4b768) 
thrown [s\open\src\hotspot\share\interpreter\linkResolver.cpp, line 759]
Event: 1.675 Thread 0x0000028d3f778380 Exception <a 'java/lang/NoSuchMethodError'{0x000000008cc3ffa0}: 'int java.lang.invoke.DirectMethodHandle$Holder.invokeStatic(java.lang.Object, java.lang.Object, java.lang.Object, java.lang.Object)'> (0x000000008cc3ffa0) 
thrown [s\open\src\hotspot\share\interpreter\linkResolver.cpp, line 759]
Event: 1.676 Thread 0x0000028d3f778380 Exception <a 'java/lang/NoSuchMethodError'{0x000000008cc4da28}: 'java.lang.Object java.lang.invoke.DirectMethodHandle$Holder.newInvokeSpecial(java.lang.Object, java.lang.Object, java.lang.Object, java.lang.Object, java.lang.Object, java.lang.Object)'> (0x000000008cc4da28) 
thrown [s\open\src\hotspot\share\interpreter\linkResolver.cpp, line 759]
Event: 1.694 Thread 0x0000028d3f778380 Exception <a 'java/lang/NoSuchMethodError'{0x000000008cb11490}: 'java.lang.Object java.lang.invoke.DirectMethodHandle$Holder.invokeVirtual(java.lang.Object, java.lang.Object, java.lang.Object, java.lang.Object, java.lang.Object, java.lang.Object, java.lang.Object, java.lang.Object, java.lang.Object, java.lang.Object, java.lang.Object, java.lang.Object, java.lang.Object, java.lang.Object, java.lang.Object, java.lang.Object, java.lang.Object, java.lang.Object, java.lang.Object, java.lang.Object)'> (0x0000000
Event: 1.694 Thread 0x0000028d3f778380 Exception <a 'java/lang/NoSuchMethodError'{0x000000008cb170a8}: 'java.lang.Object java.lang.invoke.DirectMethodHandle$Holder.invokeSpecial(java.lang.Object, java.lang.Object, java.lang.Object, java.lang.Object, java.lang.Object, java.lang.Object, java.lang.Object, java.lang.Object, java.lang.Object, java.lang.Object, java.lang.Object, java.lang.Object, java.lang.Object, java.lang.Object, java.lang.Object, java.lang.Object, java.lang.Object, java.lang.Object, java.lang.Object, java.lang.Object, java.lang.Ob
Event: 1.695 Thread 0x0000028d3f778380 Exception <a 'java/lang/NoSuchMethodError'{0x000000008cb1c558}: 'java.lang.Object java.lang.invoke.DelegatingMethodHandle$Holder.reinvoke_L(java.lang.Object, java.lang.Object, java.lang.Object, java.lang.Object, java.lang.Object, java.lang.Object, java.lang.Object, java.lang.Object, java.lang.Object, java.lang.Object, java.lang.Object, java.lang.Object, java.lang.Object, java.lang.Object, java.lang.Object, java.lang.Object, java.lang.Object, java.lang.Object, java.lang.Object, java.lang.Object)'> (0x000000
Event: 1.705 Thread 0x0000028d3f778380 Exception <a 'java/lang/NoSuchMethodError'{0x000000008cbbfab8}: 'java.lang.Object java.lang.invoke.DirectMethodHandle$Holder.invokeInterface(java.lang.Object, java.lang.Object)'> (0x000000008cbbfab8) 
thrown [s\open\src\hotspot\share\interpreter\linkResolver.cpp, line 759]

VM Operations (20 events):
Event: 0.818 Executing VM operation: HandshakeAllThreads
Event: 0.818 Executing VM operation: HandshakeAllThreads done
Event: 0.845 Executing VM operation: HandshakeAllThreads
Event: 0.845 Executing VM operation: HandshakeAllThreads done
Event: 0.926 Executing VM operation: HandshakeAllThreads
Event: 0.926 Executing VM operation: HandshakeAllThreads done
Event: 0.942 Executing VM operation: HandshakeAllThreads
Event: 0.942 Executing VM operation: HandshakeAllThreads done
Event: 0.961 Executing VM operation: HandshakeAllThreads
Event: 0.961 Executing VM operation: HandshakeAllThreads done
Event: 1.007 Executing VM operation: HandshakeAllThreads
Event: 1.007 Executing VM operation: HandshakeAllThreads done
Event: 1.163 Executing VM operation: HandshakeAllThreads
Event: 1.163 Executing VM operation: HandshakeAllThreads done
Event: 1.426 Executing VM operation: HandshakeAllThreads
Event: 1.426 Executing VM operation: HandshakeAllThreads done
Event: 1.426 Executing VM operation: HandshakeAllThreads
Event: 1.426 Executing VM operation: HandshakeAllThreads done
Event: 1.494 Executing VM operation: ICBufferFull
Event: 1.494 Executing VM operation: ICBufferFull done

Events (20 events):
Event: 0.152 Loaded shared library C:\Program Files\Java\jdk-18.0.2\bin\jimage.dll
Event: 0.171 Thread 0x0000028d3dd90220 Thread added: 0x0000028d3dd90220
Event: 0.187 Loaded shared library C:\Program Files\Java\jdk-18.0.2\bin\verify.dll
Event: 0.295 Loaded shared library C:\Users\dore0\.gradle\native\e1d6ef7f7dcc3fd88c89a11ec53ec762bb8ba0a96d01ffa2cd45eb1d1d8dd5c5\windows-amd64\native-platform.dll
Event: 0.308 Loaded shared library C:\Users\dore0\.gradle\native\0d407fdbe67a94daf76414ababcb853783967236a71b16ec16e742cd7a986fd3\windows-amd64\native-platform-file-events.dll
Event: 0.825 Loaded shared library C:\Program Files\Java\jdk-18.0.2\bin\management.dll
Event: 0.827 Loaded shared library C:\Program Files\Java\jdk-18.0.2\bin\management_ext.dll
Event: 0.857 Thread 0x0000028d3f636150 Thread added: 0x0000028d3f636150
Event: 1.148 Thread 0x0000028d3f0b50e0 Thread added: 0x0000028d3f0b50e0
Event: 1.185 Thread 0x0000028d3f819710 Thread added: 0x0000028d3f819710
Event: 1.230 Thread 0x0000028d3e9197a0 Thread added: 0x0000028d3e9197a0
Event: 1.233 Thread 0x0000028d3fae3550 Thread added: 0x0000028d3fae3550
Event: 1.256 Thread 0x0000028d3f759130 Thread added: 0x0000028d3f759130
Event: 1.263 Thread 0x0000028d3f778380 Thread added: 0x0000028d3f778380
Event: 1.274 Thread 0x0000028d3f778c50 Thread added: 0x0000028d3f778c50
Event: 1.278 Thread 0x0000028d3fb673e0 Thread added: 0x0000028d3fb673e0
Event: 1.284 Thread 0x0000028d3fb65700 Thread added: 0x0000028d3fb65700
Event: 1.512 Thread 0x0000028d3fb68250 Thread added: 0x0000028d3fb68250
Event: 1.519 Thread 0x0000028d3fb660a0 Thread added: 0x0000028d3fb660a0
Event: 1.568 Thread 0x0000028d3fb64890 Thread added: 0x0000028d3fb64890


Dynamic libraries:
0x00007ff6eb140000 - 0x00007ff6eb150000 	C:\Program Files\Java\jdk-18.0.2\bin\java.exe
0x00007ffd94d50000 - 0x00007ffd94f64000 	C:\Windows\SYSTEM32\ntdll.dll
0x00007ffd94600000 - 0x00007ffd946c3000 	C:\Windows\System32\KERNEL32.DLL
0x00007ffd92190000 - 0x00007ffd9252c000 	C:\Windows\System32\KERNELBASE.dll
0x00007ffd925e0000 - 0x00007ffd926f1000 	C:\Windows\System32\ucrtbase.dll
0x00007ffd717f0000 - 0x00007ffd71808000 	C:\Program Files\Java\jdk-18.0.2\bin\jli.dll
0x00007ffd6af50000 - 0x00007ffd6af6a000 	C:\Program Files\Java\jdk-18.0.2\bin\VCRUNTIME140.dll
0x00007ffd92ff0000 - 0x00007ffd9309e000 	C:\Windows\System32\ADVAPI32.dll
0x00007ffd94740000 - 0x00007ffd947e7000 	C:\Windows\System32\msvcrt.dll
0x00007ffd93c60000 - 0x00007ffd93d04000 	C:\Windows\System32\sechost.dll
0x00007ffd94190000 - 0x00007ffd942a5000 	C:\Windows\System32\RPCRT4.dll
0x00007ffd94450000 - 0x00007ffd945fd000 	C:\Windows\System32\USER32.dll
0x00007ffd767c0000 - 0x00007ffd76a4e000 	C:\Windows\WinSxS\amd64_microsoft.windows.common-controls_6595b64144ccf1df_6.0.22621.608_none_a9444ca7c10bb01d\COMCTL32.dll
0x00007ffd92530000 - 0x00007ffd92556000 	C:\Windows\System32\win32u.dll
0x00007ffd94ba0000 - 0x00007ffd94bc9000 	C:\Windows\System32\GDI32.dll
0x00007ffd92980000 - 0x00007ffd92a92000 	C:\Windows\System32\gdi32full.dll
0x00007ffd92700000 - 0x00007ffd9279a000 	C:\Windows\System32\msvcp_win.dll
0x00007ffd8ae20000 - 0x00007ffd8ae2a000 	C:\Windows\SYSTEM32\VERSION.dll
0x00007ffd94bd0000 - 0x00007ffd94c02000 	C:\Windows\System32\IMM32.DLL
0x00007ffd816a0000 - 0x00007ffd816ac000 	C:\Program Files\Java\jdk-18.0.2\bin\vcruntime140_1.dll
0x00007ffd37ad0000 - 0x00007ffd37b5d000 	C:\Program Files\Java\jdk-18.0.2\bin\msvcp140.dll
0x00007ffcfe1e0000 - 0x00007ffcfedf1000 	C:\Program Files\Java\jdk-18.0.2\bin\server\jvm.dll
0x00007ffd94320000 - 0x00007ffd94328000 	C:\Windows\System32\PSAPI.DLL
0x00007ffd8e050000 - 0x00007ffd8e059000 	C:\Windows\SYSTEM32\WSOCK32.dll
0x00007ffd8b680000 - 0x00007ffd8b6b4000 	C:\Windows\SYSTEM32\WINMM.dll
0x00007ffd93b60000 - 0x00007ffd93bd1000 	C:\Windows\System32\WS2_32.dll
0x00007ffd911e0000 - 0x00007ffd911f8000 	C:\Windows\SYSTEM32\kernel.appcore.dll
0x00007ffd7f280000 - 0x00007ffd7f28a000 	C:\Program Files\Java\jdk-18.0.2\bin\jimage.dll
0x00007ffd8f8e0000 - 0x00007ffd8fb0e000 	C:\Windows\SYSTEM32\DBGHELP.DLL
0x00007ffd92c60000 - 0x00007ffd92fea000 	C:\Windows\System32\combase.dll
0x00007ffd94aa0000 - 0x00007ffd94b77000 	C:\Windows\System32\OLEAUT32.dll
0x00007ffd38bc0000 - 0x00007ffd38bf2000 	C:\Windows\SYSTEM32\dbgcore.DLL
0x00007ffd92560000 - 0x00007ffd925db000 	C:\Windows\System32\bcryptPrimitives.dll
0x00007ffd71a30000 - 0x00007ffd71a55000 	C:\Program Files\Java\jdk-18.0.2\bin\java.dll
0x00007ffd02680000 - 0x00007ffd02756000 	C:\Program Files\Java\jdk-18.0.2\bin\jsvml.dll
0x00007ffd930a0000 - 0x00007ffd9388f000 	C:\Windows\System32\SHELL32.dll
0x00007ffd901b0000 - 0x00007ffd90a78000 	C:\Windows\SYSTEM32\windows.storage.dll
0x00007ffd90070000 - 0x00007ffd901ae000 	C:\Windows\SYSTEM32\wintypes.dll
0x00007ffd92b60000 - 0x00007ffd92c51000 	C:\Windows\System32\SHCORE.dll
0x00007ffd942b0000 - 0x00007ffd9430e000 	C:\Windows\System32\shlwapi.dll
0x00007ffd920c0000 - 0x00007ffd920e1000 	C:\Windows\SYSTEM32\profapi.dll
0x00007ffd71810000 - 0x00007ffd71823000 	C:\Program Files\Java\jdk-18.0.2\bin\net.dll
0x00007ffd8c2d0000 - 0x00007ffd8c3ff000 	C:\Windows\SYSTEM32\WINHTTP.dll
0x00007ffd91650000 - 0x00007ffd916b9000 	C:\Windows\system32\mswsock.dll
0x00007ffd6a970000 - 0x00007ffd6a986000 	C:\Program Files\Java\jdk-18.0.2\bin\nio.dll
0x00007ffd6a820000 - 0x00007ffd6a838000 	C:\Program Files\Java\jdk-18.0.2\bin\zip.dll
0x00007ffd79ba0000 - 0x00007ffd79bb0000 	C:\Program Files\Java\jdk-18.0.2\bin\verify.dll
0x00007ffd6a990000 - 0x00007ffd6a9b7000 	C:\Users\dore0\.gradle\native\e1d6ef7f7dcc3fd88c89a11ec53ec762bb8ba0a96d01ffa2cd45eb1d1d8dd5c5\windows-amd64\native-platform.dll
0x00007ffd023d0000 - 0x00007ffd02514000 	C:\Users\dore0\.gradle\native\0d407fdbe67a94daf76414ababcb853783967236a71b16ec16e742cd7a986fd3\windows-amd64\native-platform-file-events.dll
0x00007ffd77e90000 - 0x00007ffd77e99000 	C:\Program Files\Java\jdk-18.0.2\bin\management.dll
0x00007ffd776d0000 - 0x00007ffd776db000 	C:\Program Files\Java\jdk-18.0.2\bin\management_ext.dll
0x00007ffd918a0000 - 0x00007ffd918bb000 	C:\Windows\SYSTEM32\CRYPTSP.dll
0x00007ffd91150000 - 0x00007ffd91185000 	C:\Windows\system32\rsaenh.dll
0x00007ffd91740000 - 0x00007ffd91768000 	C:\Windows\SYSTEM32\USERENV.dll
0x00007ffd91b00000 - 0x00007ffd91b28000 	C:\Windows\SYSTEM32\bcrypt.dll
0x00007ffd918c0000 - 0x00007ffd918cc000 	C:\Windows\SYSTEM32\CRYPTBASE.dll
0x00007ffd90cd0000 - 0x00007ffd90cfd000 	C:\Windows\SYSTEM32\IPHLPAPI.DLL
0x00007ffd93b00000 - 0x00007ffd93b09000 	C:\Windows\System32\NSI.dll
0x00007ffd8d990000 - 0x00007ffd8d9a9000 	C:\Windows\SYSTEM32\dhcpcsvc6.DLL
0x00007ffd8d970000 - 0x00007ffd8d98f000 	C:\Windows\SYSTEM32\dhcpcsvc.DLL
0x00007ffd90d40000 - 0x00007ffd90e33000 	C:\Windows\SYSTEM32\DNSAPI.dll

dbghelp: loaded successfully - version: 4.0.5 - missing functions: none
symbol engine: initialized successfully - sym options: 0x614 - pdb path: .;C:\Program Files\Java\jdk-18.0.2\bin;C:\Windows\SYSTEM32;C:\Windows\WinSxS\amd64_microsoft.windows.common-controls_6595b64144ccf1df_6.0.22621.608_none_a9444ca7c10bb01d;C:\Program Files\Java\jdk-18.0.2\bin\server;C:\Users\dore0\.gradle\native\e1d6ef7f7dcc3fd88c89a11ec53ec762bb8ba0a96d01ffa2cd45eb1d1d8dd5c5\windows-amd64;C:\Users\dore0\.gradle\native\0d407fdbe67a94daf76414ababcb853783967236a71b16ec16e742cd7a986fd3\windows-amd64

VM Arguments:
jvm_args: --add-opens=java.base/java.util=ALL-UNNAMED --add-opens=java.base/java.lang=ALL-UNNAMED --add-opens=java.base/java.lang.invoke=ALL-UNNAMED --add-opens=java.base/java.util=ALL-UNNAMED --add-opens=java.prefs/java.util.prefs=ALL-UNNAMED --add-opens=java.prefs/java.util.prefs=ALL-UNNAMED --add-opens=java.base/java.nio.charset=ALL-UNNAMED --add-opens=java.base/java.net=ALL-UNNAMED --add-opens=java.base/java.util.concurrent.atomic=ALL-UNNAMED -Xmx2048m -Dfile.encoding=UTF-8 -Duser.country=US -Duser.language=en -Duser.variant 
java_command: org.gradle.launcher.daemon.bootstrap.GradleDaemon 7.4
java_class_path (initial): C:\Users\dore0\.gradle\wrapper\dists\gradle-7.4-bin\c0gwcg53nkjbqw7r0h0umtfvt\gradle-7.4\lib\gradle-launcher-7.4.jar
Launcher Type: SUN_STANDARD

[Global flags]
     intx CICompilerCount                          = 4                                         {product} {ergonomic}
     uint ConcGCThreads                            = 3                                         {product} {ergonomic}
     uint G1ConcRefinementThreads                  = 10                                        {product} {ergonomic}
   size_t G1HeapRegionSize                         = 1048576                                   {product} {ergonomic}
    uintx GCDrainStackTargetSize                   = 64                                        {product} {ergonomic}
   size_t InitialHeapSize                          = 266338304                                 {product} {ergonomic}
   size_t MarkStackSize                            = 4194304                                   {product} {ergonomic}
   size_t MaxHeapSize                              = 2147483648                                {product} {command line}
   size_t MaxNewSize                               = 1287651328                                {product} {ergonomic}
   size_t MinHeapDeltaBytes                        = 1048576                                   {product} {ergonomic}
   size_t MinHeapSize                              = 8388608                                   {product} {ergonomic}
    uintx NonNMethodCodeHeapSize                   = 5839372                                {pd product} {ergonomic}
    uintx NonProfiledCodeHeapSize                  = 122909434                              {pd product} {ergonomic}
    uintx ProfiledCodeHeapSize                     = 122909434                              {pd product} {ergonomic}
    uintx ReservedCodeCacheSize                    = 251658240                              {pd product} {ergonomic}
     bool SegmentedCodeCache                       = true                                      {product} {ergonomic}
   size_t SoftMaxHeapSize                          = 2147483648                             {manageable} {ergonomic}
     bool UseCompressedClassPointers               = true                           {product lp64_product} {ergonomic}
     bool UseCompressedOops                        = true                           {product lp64_product} {ergonomic}
     bool UseG1GC                                  = true                                      {product} {ergonomic}
     bool UseLargePagesIndividualAllocation        = false                                  {pd product} {ergonomic}

Logging:
Log output configuration:
 #0: stdout all=warning uptime,level,tags foldmultilines=false
 #1: stderr all=off uptime,level,tags foldmultilines=false

Environment Variables:
PATH=C:\Program Files\Common Files\Oracle\Java\javapath;C:\Windows\system32;C:\Windows;C:\Windows\System32\Wbem;C:\Windows\System32\WindowsPowerShell\v1.0\;C:\Windows\System32\OpenSSH\;C:\Program Files (x86)\NVIDIA Corporation\PhysX\Common;D:\Git\cmd;C:\Program Files\nodejs\;C:\Program Files (x86)\dotnet\;E:\AOMEI\AOMEI Backupper\7.1.0;C:\Program Files (x86)\Bitvise SSH Client;C:\Users\dore0\AppData\Local\Microsoft\WindowsApps;D:\Microsoft VS Code\bin;C:\Users\dore0\AppData\Local\GitHubDesktop\bin;C:\Users\dore0\AppData\Roaming\npm;C:\Users\dore0\AppData\Local\Programs\oh-my-posh\bin;E:\Downloads\ffmpeg-2022-11-23\bin;C:\Program Files (x86)\Microsoft SDKs\TypeScript\3.2;
USERNAME=dore0
OS=Windows_NT
PROCESSOR_IDENTIFIER=Intel64 Family 6 Model 158 Stepping 10, GenuineIntel



---------------  S Y S T E M  ---------------

OS:
 Windows 11 , 64 bit Build 22621 (10.0.22621.1194)
OS uptime: 0 days 1:51 hours

CPU: total 12 (initial active 12) (6 cores per cpu, 2 threads per core) family 6 model 158 stepping 10 microcode 0xde, cx8, cmov, fxsr, ht, mmx, 3dnowpref, sse, sse2, sse3, ssse3, sse4.1, sse4.2, popcnt, lzcnt, tsc, tscinvbit, avx, avx2, aes, erms, clmul, bmi1, bmi2, adx, fma, vzeroupper, clflush, clflushopt

Memory: 4k page, system-wide physical 16234M (1613M free)
TotalPageFile size 22378M (AvailPageFile size 4M)
current process WorkingSet (physical memory assigned to process): 158M, peak: 158M
current process commit charge ("private bytes"): 403M, peak: 405M

vm_info: Java HotSpot(TM) 64-Bit Server VM (18.0.2+9-61) for windows-amd64 JRE (18.0.2+9-61), built on Jun  7 2022 13:09:01 by "mach5one" with MS VC++ 16.8 / 16.9 (VS2019)

END.
