#
# There is insufficient memory for the Java Runtime Environment to continue.
# Native memory allocation (malloc) failed to allocate 1997456 bytes for Chunk::new
# Possible reasons:
#   The system is out of physical RAM or swap space
#   The process is running with CompressedOops enabled, and the Java Heap may be blocking the growth of the native heap
# Possible solutions:
#   Reduce memory load on the system
#   Increase physical memory or swap space
#   Check if swap backing store is full
#   Decrease Java heap size (-Xmx/-Xms)
#   Decrease number of Java threads
#   Decrease Java thread stack sizes (-Xss)
#   Set larger code cache with -XX:ReservedCodeCacheSize=
#   JVM is running with Unscaled Compressed Oops mode in which the Java heap is
#     placed in the first 4GB address space. The Java Heap base address is the
#     maximum limit for the native heap growth. Please use -XX:HeapBaseMinAddress
#     to set the Java Heap base and to place the Java Heap above 4GB virtual address.
# This output file may be truncated or incomplete.
#
#  Out of Memory Error (arena.cpp:184), pid=21220, tid=18808
#
# JRE version: Java(TM) SE Runtime Environment (18.0.2+9) (build 18.0.2+9-61)
# Java VM: Java HotSpot(TM) 64-Bit Server VM (18.0.2+9-61, mixed mode, sharing, tiered, compressed oops, compressed class ptrs, parallel gc, windows-amd64)
# No core dump will be written. Minidumps are not enabled by default on client versions of Windows
#

---------------  S U M M A R Y ------------

Command Line: --add-modules=ALL-SYSTEM --add-opens=java.base/java.util=ALL-UNNAMED --add-opens=java.base/java.lang=ALL-UNNAMED --add-opens=java.base/sun.nio.fs=ALL-UNNAMED -Declipse.application=org.eclipse.jdt.ls.core.id1 -Dosgi.bundles.defaultStartLevel=4 -Declipse.product=org.eclipse.jdt.ls.core.product -Djava.import.generatesMetadataFilesAtProjectRoot=false -Dfile.encoding=utf8 -XX:+UseParallelGC -XX:GCTimeRatio=4 -XX:AdaptiveSizePolicyWeight=90 -Dsun.zip.disableMemoryMapping=true -Xmx1G -Xms100m -Xlog:disable -javaagent:c:\Users\dore0\.vscode\extensions\redhat.java-1.14.0-win32-x64\lombok\lombok-1.18.24.jar -XX:+HeapDumpOnOutOfMemoryError -XX:HeapDumpPath=c:\Users\dore0\AppData\Roaming\Code\User\workspaceStorage\8207dbabced798b2925de33780a7ce88\redhat.java c:\Users\dore0\.vscode\extensions\redhat.java-1.14.0-win32-x64\server\plugins\org.eclipse.equinox.launcher_1.6.400.v20210924-0641.jar -configuration c:\Users\dore0\AppData\Roaming\Code\User\globalStorage\redhat.java\1.14.0\config_win -data c:\Users\dore0\AppData\Roaming\Code\User\workspaceStorage\8207dbabced798b2925de33780a7ce88\redhat.java\jdt_ws

Host: Intel(R) Core(TM) i7-9750H CPU @ 2.60GHz, 12 cores, 15G,  Windows 11 , 64 bit Build 22621 (10.0.22621.1194)
Time: Fri Feb 10 15:02:19 2023 SE Asia Standard Time elapsed time: 6.634026 seconds (0d 0h 0m 6s)

---------------  T H R E A D  ---------------

Current thread (0x000001439124a600):  JavaThread "C2 CompilerThread0" daemon [_thread_in_native, id=18808, stack(0x000000088f400000,0x000000088f500000)]


Current CompileTask:
C2:   6634 5595   !   4       org.eclipse.osgi.internal.loader.BundleLoader::findLocalClass (152 bytes)

Stack: [0x000000088f400000,0x000000088f500000]
Native frames: (J=compiled Java code, j=interpreted, Vv=VM code, C=native code)
V  [jvm.dll+0x6993ca]
V  [jvm.dll+0x7f481d]
V  [jvm.dll+0x7f612e]
V  [jvm.dll+0x7f67e3]
V  [jvm.dll+0x25cdaf]
V  [jvm.dll+0xb8c2f]
V  [jvm.dll+0xb8fa5]
V  [jvm.dll+0x386091]
V  [jvm.dll+0x1d29c2]
V  [jvm.dll+0x2300a9]
V  [jvm.dll+0x22f321]
V  [jvm.dll+0x1ba01c]
V  [jvm.dll+0x23ec9a]
V  [jvm.dll+0x23cf85]
V  [jvm.dll+0x7a6e21]
V  [jvm.dll+0x7a125a]
V  [jvm.dll+0x698275]
C  [ucrtbase.dll+0x29363]
C  [KERNEL32.DLL+0x126bd]
C  [ntdll.dll+0x5dfb8]


---------------  P R O C E S S  ---------------

Threads class SMR info:
_java_thread_list=0x000001439b2ea5b0, length=30, elements={
0x00000143f7061c90, 0x00000143feb75ab0, 0x00000143feb78e00, 0x00000143feb8dce0,
0x00000143feb8e880, 0x0000014391244b50, 0x0000014391245c90, 0x000001439124a600,
0x000001439124b830, 0x000001439124e9d0, 0x00000143f70c82b0, 0x000001439157bdf0,
0x0000014396a97300, 0x0000014396a96960, 0x0000014396a977d0, 0x0000014396a96e30,
0x0000014396a95620, 0x0000014396a95af0, 0x0000014396a95fc0, 0x0000014396a942e0,
0x0000014396a96490, 0x0000014396a947b0, 0x0000014396a94c80, 0x0000014396a95150,
0x0000014399b71700, 0x0000014399b74720, 0x0000014399b74bf0, 0x0000014399b6fa20,
0x0000014399b720a0, 0x0000014399b70d60
}

Java Threads: ( => current thread )
  0x00000143f7061c90 JavaThread "main" [_thread_blocked, id=15176, stack(0x000000088eb00000,0x000000088ec00000)]
  0x00000143feb75ab0 JavaThread "Reference Handler" daemon [_thread_blocked, id=14828, stack(0x000000088ee00000,0x000000088ef00000)]
  0x00000143feb78e00 JavaThread "Finalizer" daemon [_thread_blocked, id=13752, stack(0x000000088ef00000,0x000000088f000000)]
  0x00000143feb8dce0 JavaThread "Signal Dispatcher" daemon [_thread_blocked, id=15736, stack(0x000000088f000000,0x000000088f100000)]
  0x00000143feb8e880 JavaThread "Attach Listener" daemon [_thread_blocked, id=15312, stack(0x000000088f100000,0x000000088f200000)]
  0x0000014391244b50 JavaThread "Service Thread" daemon [_thread_blocked, id=16544, stack(0x000000088f200000,0x000000088f300000)]
  0x0000014391245c90 JavaThread "Monitor Deflation Thread" daemon [_thread_blocked, id=9824, stack(0x000000088f300000,0x000000088f400000)]
=>0x000001439124a600 JavaThread "C2 CompilerThread0" daemon [_thread_in_native, id=18808, stack(0x000000088f400000,0x000000088f500000)]
  0x000001439124b830 JavaThread "C1 CompilerThread0" daemon [_thread_blocked, id=19596, stack(0x000000088f500000,0x000000088f600000)]
  0x000001439124e9d0 JavaThread "Sweeper thread" daemon [_thread_blocked, id=14668, stack(0x000000088f600000,0x000000088f700000)]
  0x00000143f70c82b0 JavaThread "Common-Cleaner" daemon [_thread_blocked, id=18296, stack(0x000000088f700000,0x000000088f800000)]
  0x000001439157bdf0 JavaThread "Notification Thread" daemon [_thread_blocked, id=14044, stack(0x000000088f900000,0x000000088fa00000)]
  0x0000014396a97300 JavaThread "Active Thread: Equinox Container: 71f3500c-dca2-42a8-87c0-6001d6135bd8" [_thread_blocked, id=6560, stack(0x0000000890300000,0x0000000890400000)]
  0x0000014396a96960 JavaThread "Framework Event Dispatcher: Equinox Container: 71f3500c-dca2-42a8-87c0-6001d6135bd8" daemon [_thread_blocked, id=1400, stack(0x0000000890400000,0x0000000890500000)]
  0x0000014396a977d0 JavaThread "Start Level: Equinox Container: 71f3500c-dca2-42a8-87c0-6001d6135bd8" daemon [_thread_blocked, id=21020, stack(0x0000000890500000,0x0000000890600000)]
  0x0000014396a96e30 JavaThread "SCR Component Actor" daemon [_thread_blocked, id=11640, stack(0x0000000890600000,0x0000000890700000)]
  0x0000014396a95620 JavaThread "SCR Component Registry" daemon [_thread_blocked, id=21912, stack(0x0000000890800000,0x0000000890900000)]
  0x0000014396a95af0 JavaThread "Worker-JM" [_thread_blocked, id=21924, stack(0x0000000890900000,0x0000000890a00000)]
  0x0000014396a95fc0 JavaThread "Worker-0" [_thread_blocked, id=20700, stack(0x0000000890b00000,0x0000000890c00000)]
  0x0000014396a942e0 JavaThread "Worker-1" [_thread_blocked, id=8188, stack(0x0000000890c00000,0x0000000890d00000)]
  0x0000014396a96490 JavaThread "Java indexing" daemon [_thread_blocked, id=1564, stack(0x000000088fb00000,0x000000088fc00000)]
  0x0000014396a947b0 JavaThread "JNA Cleaner" daemon [_thread_blocked, id=21976, stack(0x0000000890e00000,0x0000000890f00000)]
  0x0000014396a94c80 JavaThread "pool-2-thread-1" [_thread_blocked, id=14460, stack(0x0000000890f00000,0x0000000891000000)]
  0x0000014396a95150 JavaThread "pool-1-thread-1" [_thread_in_native, id=16152, stack(0x0000000891000000,0x0000000891100000)]
  0x0000014399b71700 JavaThread "Worker-2: Initialize Workspace" [_thread_blocked, id=19228, stack(0x0000000891100000,0x0000000891200000)]
  0x0000014399b74720 JavaThread "Worker-3" [_thread_blocked, id=6992, stack(0x0000000891200000,0x0000000891300000)]
  0x0000014399b74bf0 JavaThread "Timer-0" [_thread_blocked, id=6864, stack(0x0000000891300000,0x0000000891400000)]
  0x0000014399b6fa20 JavaThread "Connection worker" [_thread_in_native, id=13056, stack(0x0000000891400000,0x0000000891500000)]
  0x0000014399b720a0 JavaThread "pool-3-thread-1" [_thread_blocked, id=20496, stack(0x0000000891500000,0x0000000891600000)]
  0x0000014399b70d60 JavaThread "Forward input" [_thread_blocked, id=16132, stack(0x0000000890d00000,0x0000000890e00000)]

Other Threads:
  0x00000143feb737b0 VMThread "VM Thread" [stack: 0x000000088ed00000,0x000000088ee00000] [id=15268]
  0x00000143915642b0 WatcherThread "VM Periodic Task Thread" [stack: 0x000000088fa00000,0x000000088fb00000] [id=21060]
  0x00000143f707ad00 WorkerThread "GC Thread#0" [stack: 0x000000088ec00000,0x000000088ed00000] [id=5072]
  0x00000143968cbe30 WorkerThread "GC Thread#1" [stack: 0x000000088fc00000,0x000000088fd00000] [id=14712]
  0x00000143966f1e70 WorkerThread "GC Thread#2" [stack: 0x000000088fd00000,0x000000088fe00000] [id=928]
  0x00000143966f2110 WorkerThread "GC Thread#3" [stack: 0x000000088fe00000,0x000000088ff00000] [id=2064]
  0x00000143966415d0 WorkerThread "GC Thread#4" [stack: 0x000000088ff00000,0x0000000890000000] [id=18324]
  0x0000014396642080 WorkerThread "GC Thread#5" [stack: 0x0000000890000000,0x0000000890100000] [id=18360]
  0x0000014396642730 WorkerThread "GC Thread#6" [stack: 0x0000000890100000,0x0000000890200000] [id=20484]
  0x0000014396644df0 WorkerThread "GC Thread#7" [stack: 0x0000000890200000,0x0000000890300000] [id=11704]
  0x00000143915bd9e0 WorkerThread "GC Thread#8" [stack: 0x0000000890700000,0x0000000890800000] [id=18452]
  0x0000014397098d00 WorkerThread "GC Thread#9" [stack: 0x0000000890a00000,0x0000000890b00000] [id=21768]

Threads with active compile tasks:
C2 CompilerThread0     6661 5595   !   4       org.eclipse.osgi.internal.loader.BundleLoader::findLocalClass (152 bytes)

VM state: not at safepoint (normal execution)

VM Mutex/Monitor currently owned by a thread: None

Heap address: 0x00000000c0000000, size: 1024 MB, Compressed Oops mode: 32-bit

CDS archive(s) mapped at: [0x0000000800000000-0x0000000800ba0000-0x0000000800ba0000), size 12189696, SharedBaseAddress: 0x0000000800000000, ArchiveRelocationMode: 0.
Compressed class space mapped at: 0x0000000800c00000-0x0000000840c00000, reserved size: 1073741824
Narrow klass base: 0x0000000800000000, Narrow klass shift: 0, Narrow klass range: 0x100000000

GC Precious Log:
 CardTable entry size: 512
 CPUs: 12 total, 12 available
 Memory: 16234M
 Large Page Support: Disabled
 NUMA Support: Disabled
 Compressed Oops: Enabled (32-bit)
 Alignments: Space 512K, Generation 512K, Heap 2M
 Heap Min Capacity: 100M
 Heap Initial Capacity: 100M
 Heap Max Capacity: 1G
 Pre-touch: Disabled
 Parallel Workers: 10

Heap:
 PSYoungGen      total 23040K, used 5602K [0x00000000eab00000, 0x00000000ec700000, 0x0000000100000000)
  eden space 20480K, 24% used [0x00000000eab00000,0x00000000eafd0858,0x00000000ebf00000)
  from space 2560K, 26% used [0x00000000ec280000,0x00000000ec328000,0x00000000ec500000)
  to   space 1024K, 0% used [0x00000000ec600000,0x00000000ec600000,0x00000000ec700000)
 ParOldGen       total 68608K, used 43480K [0x00000000c0000000, 0x00000000c4300000, 0x00000000eab00000)
  object space 68608K, 63% used [0x00000000c0000000,0x00000000c2a761c8,0x00000000c4300000)
 Metaspace       used 48735K, committed 49856K, reserved 1114112K
  class space    used 5640K, committed 6144K, reserved 1048576K

Card table byte_map: [0x00000143f6a00000,0x00000143f6c10000] _byte_map_base: 0x00000143f6400000

Marking Bits: (ParMarkBitMap*) 0x00007ffcfed2fbc0
 Begin Bits: [0x000001438f000000, 0x0000014390000000)
 End Bits:   [0x0000014390000000, 0x0000014391000000)

Polling page: 0x00000143f5020000

Metaspace:

Usage:
  Non-class:     42.08 MB used.
      Class:      5.51 MB used.
       Both:     47.59 MB used.

Virtual space:
  Non-class space:       64.00 MB reserved,      42.69 MB ( 67%) committed,  1 nodes.
      Class space:        1.00 GB reserved,       6.00 MB ( <1%) committed,  1 nodes.
             Both:        1.06 GB reserved,      48.69 MB (  4%) committed. 

Chunk freelists:
   Non-Class:  752.00 KB
       Class:  2.00 MB
        Both:  2.74 MB

MaxMetaspaceSize: unlimited
CompressedClassSpaceSize: 1.00 GB
Initial GC threshold: 21.00 MB
Current GC threshold: 58.38 MB
CDS: on
MetaspaceReclaimPolicy: balanced
 - commit_granule_bytes: 65536.
 - commit_granule_words: 8192.
 - virtual_space_node_default_size: 8388608.
 - enlarge_chunks_in_place: 1.
 - new_chunks_are_fully_committed: 0.
 - uncommit_free_chunks: 1.
 - use_allocation_guard: 0.


Internal statistics:

num_allocs_failed_limit: 6.
num_arena_births: 844.
num_arena_deaths: 14.
num_vsnodes_births: 2.
num_vsnodes_deaths: 0.
num_space_committed: 779.
num_space_uncommitted: 0.
num_chunks_returned_to_freelist: 20.
num_chunks_taken_from_freelist: 2765.
num_chunk_merges: 12.
num_chunk_splits: 1897.
num_chunks_enlarged: 1322.
num_inconsistent_stats: 0.

CodeHeap 'non-profiled nmethods': size=120000Kb used=2647Kb max_used=2647Kb free=117352Kb
 bounds [0x0000014387ad0000, 0x0000014387d70000, 0x000001438f000000]
CodeHeap 'profiled nmethods': size=120000Kb used=9273Kb max_used=10407Kb free=110726Kb
 bounds [0x00000143805a0000, 0x0000014380fd0000, 0x0000014387ad0000]
CodeHeap 'non-nmethods': size=5760Kb used=1315Kb max_used=1402Kb free=4444Kb
 bounds [0x0000014380000000, 0x0000014380270000, 0x00000143805a0000]
 total_blobs=5402 nmethods=4769 adapters=546
 compilation: enabled
              stopped_count=0, restarted_count=0
 full_count=0

Compilation events (20 events):
Event: 6.273 Thread 0x000001439124b830 nmethod 5586 0x000001438072b010 code [0x000001438072b1e0, 0x000001438072b5b8]
Event: 6.273 Thread 0x000001439124b830 5587       3       com.google.gson.stream.JsonWriter::replaceTop (13 bytes)
Event: 6.273 Thread 0x000001439124b830 nmethod 5587 0x0000014380ca3710 code [0x0000014380ca38a0, 0x0000014380ca39d8]
Event: 6.349 Thread 0x000001439124a600 5588       4       jdk.internal.reflect.ByteVectorImpl::add (38 bytes)
Event: 6.349 Thread 0x000001439124b830 5589       3       jdk.internal.reflect.ByteVectorImpl::get (26 bytes)
Event: 6.349 Thread 0x000001439124b830 nmethod 5589 0x0000014380a58910 code [0x0000014380a58ac0, 0x0000014380a58c88]
Event: 6.350 Thread 0x000001439124a600 nmethod 5588 0x0000014387d65410 code [0x0000014387d655a0, 0x0000014387d656a8]
Event: 6.350 Thread 0x000001439124b830 5590       3       java.lang.StringBuilder::toString (35 bytes)
Event: 6.350 Thread 0x000001439124b830 nmethod 5590 0x0000014380a58390 code [0x0000014380a58560, 0x0000014380a58838]
Event: 6.350 Thread 0x000001439124b830 5591       3       jdk.internal.reflect.ByteVectorImpl::getLength (7 bytes)
Event: 6.350 Thread 0x000001439124b830 nmethod 5591 0x0000014380cb9290 code [0x0000014380cb9420, 0x0000014380cb9538]
Event: 6.351 Thread 0x000001439124a600 5592       4       jdk.internal.reflect.ClassFileAssembler::emitByte (11 bytes)
Event: 6.352 Thread 0x000001439124b830 5593       1       java.io.ObjectStreamField::getName (5 bytes)
Event: 6.352 Thread 0x000001439124b830 nmethod 5593 0x0000014387d65790 code [0x0000014387d65920, 0x0000014387d659f8]
Event: 6.352 Thread 0x000001439124b830 5594       3       java.lang.Class::searchMethods (104 bytes)
Event: 6.353 Thread 0x000001439124a600 nmethod 5592 0x0000014387d65a90 code [0x0000014387d65c20, 0x0000014387d65d68]
Event: 6.353 Thread 0x000001439124b830 nmethod 5594 0x0000014380a57190 code [0x0000014380a57400, 0x0000014380a57ea8]
Event: 6.353 Thread 0x000001439124a600 5595   !   4       org.eclipse.osgi.internal.loader.BundleLoader::findLocalClass (152 bytes)
Event: 6.354 Thread 0x000001439124b830 5596       3       java.lang.WeakPairMap$Pair$Lookup::hashCode (12 bytes)
Event: 6.354 Thread 0x000001439124b830 nmethod 5596 0x0000014380a56c90 code [0x0000014380a56e40, 0x0000014380a57018]

GC Heap History (20 events):
Event: 3.561 GC heap before
{Heap before GC invocations=16 (full 2):
 PSYoungGen      total 24064K, used 24048K [0x00000000eab00000, 0x00000000ec980000, 0x0000000100000000)
  eden space 22016K, 100% used [0x00000000eab00000,0x00000000ec080000,0x00000000ec080000)
  from space 2048K, 99% used [0x00000000ec300000,0x00000000ec4fc020,0x00000000ec500000)
  to   space 4608K, 0% used [0x00000000ec500000,0x00000000ec500000,0x00000000ec980000)
 ParOldGen       total 68608K, used 17195K [0x00000000c0000000, 0x00000000c4300000, 0x00000000eab00000)
  object space 68608K, 25% used [0x00000000c0000000,0x00000000c10cad78,0x00000000c4300000)
 Metaspace       used 40072K, committed 41024K, reserved 1114112K
  class space    used 4244K, committed 4672K, reserved 1048576K
}
Event: 3.564 GC heap after
{Heap after GC invocations=16 (full 2):
 PSYoungGen      total 24576K, used 2304K [0x00000000eab00000, 0x00000000ec780000, 0x0000000100000000)
  eden space 22016K, 0% used [0x00000000eab00000,0x00000000eab00000,0x00000000ec080000)
  from space 2560K, 90% used [0x00000000ec500000,0x00000000ec740010,0x00000000ec780000)
  to   space 3072K, 0% used [0x00000000ec180000,0x00000000ec180000,0x00000000ec480000)
 ParOldGen       total 68608K, used 19216K [0x00000000c0000000, 0x00000000c4300000, 0x00000000eab00000)
  object space 68608K, 28% used [0x00000000c0000000,0x00000000c12c4100,0x00000000c4300000)
 Metaspace       used 40072K, committed 41024K, reserved 1114112K
  class space    used 4244K, committed 4672K, reserved 1048576K
}
Event: 3.608 GC heap before
{Heap before GC invocations=17 (full 2):
 PSYoungGen      total 24576K, used 24320K [0x00000000eab00000, 0x00000000ec780000, 0x0000000100000000)
  eden space 22016K, 100% used [0x00000000eab00000,0x00000000ec080000,0x00000000ec080000)
  from space 2560K, 90% used [0x00000000ec500000,0x00000000ec740010,0x00000000ec780000)
  to   space 3072K, 0% used [0x00000000ec180000,0x00000000ec180000,0x00000000ec480000)
 ParOldGen       total 68608K, used 19216K [0x00000000c0000000, 0x00000000c4300000, 0x00000000eab00000)
  object space 68608K, 28% used [0x00000000c0000000,0x00000000c12c4100,0x00000000c4300000)
 Metaspace       used 40144K, committed 41088K, reserved 1114112K
  class space    used 4255K, committed 4672K, reserved 1048576K
}
Event: 3.610 GC heap after
{Heap after GC invocations=17 (full 2):
 PSYoungGen      total 25088K, used 2784K [0x00000000eab00000, 0x00000000ec680000, 0x0000000100000000)
  eden space 22016K, 0% used [0x00000000eab00000,0x00000000eab00000,0x00000000ec080000)
  from space 3072K, 90% used [0x00000000ec180000,0x00000000ec438020,0x00000000ec480000)
  to   space 2048K, 0% used [0x00000000ec480000,0x00000000ec480000,0x00000000ec680000)
 ParOldGen       total 68608K, used 21324K [0x00000000c0000000, 0x00000000c4300000, 0x00000000eab00000)
  object space 68608K, 31% used [0x00000000c0000000,0x00000000c14d3110,0x00000000c4300000)
 Metaspace       used 40144K, committed 41088K, reserved 1114112K
  class space    used 4255K, committed 4672K, reserved 1048576K
}
Event: 3.641 GC heap before
{Heap before GC invocations=18 (full 2):
 PSYoungGen      total 25088K, used 24800K [0x00000000eab00000, 0x00000000ec680000, 0x0000000100000000)
  eden space 22016K, 100% used [0x00000000eab00000,0x00000000ec080000,0x00000000ec080000)
  from space 3072K, 90% used [0x00000000ec180000,0x00000000ec438020,0x00000000ec480000)
  to   space 2048K, 0% used [0x00000000ec480000,0x00000000ec480000,0x00000000ec680000)
 ParOldGen       total 68608K, used 21324K [0x00000000c0000000, 0x00000000c4300000, 0x00000000eab00000)
  object space 68608K, 31% used [0x00000000c0000000,0x00000000c14d3110,0x00000000c4300000)
 Metaspace       used 40144K, committed 41088K, reserved 1114112K
  class space    used 4255K, committed 4672K, reserved 1048576K
}
Event: 3.644 GC heap after
{Heap after GC invocations=18 (full 2):
 PSYoungGen      total 22528K, used 2048K [0x00000000eab00000, 0x00000000ecb80000, 0x0000000100000000)
  eden space 20480K, 0% used [0x00000000eab00000,0x00000000eab00000,0x00000000ebf00000)
  from space 2048K, 100% used [0x00000000ec480000,0x00000000ec680000,0x00000000ec680000)
  to   space 5632K, 0% used [0x00000000ebf00000,0x00000000ebf00000,0x00000000ec480000)
 ParOldGen       total 68608K, used 24264K [0x00000000c0000000, 0x00000000c4300000, 0x00000000eab00000)
  object space 68608K, 35% used [0x00000000c0000000,0x00000000c17b2078,0x00000000c4300000)
 Metaspace       used 40144K, committed 41088K, reserved 1114112K
  class space    used 4255K, committed 4672K, reserved 1048576K
}
Event: 3.683 GC heap before
{Heap before GC invocations=19 (full 2):
 PSYoungGen      total 22528K, used 22528K [0x00000000eab00000, 0x00000000ecb80000, 0x0000000100000000)
  eden space 20480K, 100% used [0x00000000eab00000,0x00000000ebf00000,0x00000000ebf00000)
  from space 2048K, 100% used [0x00000000ec480000,0x00000000ec680000,0x00000000ec680000)
  to   space 5632K, 0% used [0x00000000ebf00000,0x00000000ebf00000,0x00000000ec480000)
 ParOldGen       total 68608K, used 24264K [0x00000000c0000000, 0x00000000c4300000, 0x00000000eab00000)
  object space 68608K, 35% used [0x00000000c0000000,0x00000000c17b2078,0x00000000c4300000)
 Metaspace       used 40144K, committed 41088K, reserved 1114112K
  class space    used 4255K, committed 4672K, reserved 1048576K
}
Event: 3.685 GC heap after
{Heap after GC invocations=19 (full 2):
 PSYoungGen      total 23552K, used 2560K [0x00000000eab00000, 0x00000000ec600000, 0x0000000100000000)
  eden space 20480K, 0% used [0x00000000eab00000,0x00000000eab00000,0x00000000ebf00000)
  from space 3072K, 83% used [0x00000000ebf00000,0x00000000ec180010,0x00000000ec200000)
  to   space 3584K, 0% used [0x00000000ec280000,0x00000000ec280000,0x00000000ec600000)
 ParOldGen       total 68608K, used 26352K [0x00000000c0000000, 0x00000000c4300000, 0x00000000eab00000)
  object space 68608K, 38% used [0x00000000c0000000,0x00000000c19bc078,0x00000000c4300000)
 Metaspace       used 40144K, committed 41088K, reserved 1114112K
  class space    used 4255K, committed 4672K, reserved 1048576K
}
Event: 3.815 GC heap before
{Heap before GC invocations=20 (full 2):
 PSYoungGen      total 23552K, used 23040K [0x00000000eab00000, 0x00000000ec600000, 0x0000000100000000)
  eden space 20480K, 100% used [0x00000000eab00000,0x00000000ebf00000,0x00000000ebf00000)
  from space 3072K, 83% used [0x00000000ebf00000,0x00000000ec180010,0x00000000ec200000)
  to   space 3584K, 0% used [0x00000000ec280000,0x00000000ec280000,0x00000000ec600000)
 ParOldGen       total 68608K, used 26352K [0x00000000c0000000, 0x00000000c4300000, 0x00000000eab00000)
  object space 68608K, 38% used [0x00000000c0000000,0x00000000c19bc078,0x00000000c4300000)
 Metaspace       used 41152K, committed 42176K, reserved 1114112K
  class space    used 4410K, committed 4864K, reserved 1048576K
}
Event: 3.818 GC heap after
{Heap after GC invocations=20 (full 2):
 PSYoungGen      total 23040K, used 2336K [0x00000000eab00000, 0x00000000ec500000, 0x0000000100000000)
  eden space 20480K, 0% used [0x00000000eab00000,0x00000000eab00000,0x00000000ebf00000)
  from space 2560K, 91% used [0x00000000ec280000,0x00000000ec4c8000,0x00000000ec500000)
  to   space 3072K, 0% used [0x00000000ebf00000,0x00000000ebf00000,0x00000000ec200000)
 ParOldGen       total 68608K, used 28792K [0x00000000c0000000, 0x00000000c4300000, 0x00000000eab00000)
  object space 68608K, 41% used [0x00000000c0000000,0x00000000c1c1e088,0x00000000c4300000)
 Metaspace       used 41152K, committed 42176K, reserved 1114112K
  class space    used 4410K, committed 4864K, reserved 1048576K
}
Event: 4.040 GC heap before
{Heap before GC invocations=21 (full 2):
 PSYoungGen      total 23040K, used 22816K [0x00000000eab00000, 0x00000000ec500000, 0x0000000100000000)
  eden space 20480K, 100% used [0x00000000eab00000,0x00000000ebf00000,0x00000000ebf00000)
  from space 2560K, 91% used [0x00000000ec280000,0x00000000ec4c8000,0x00000000ec500000)
  to   space 3072K, 0% used [0x00000000ebf00000,0x00000000ebf00000,0x00000000ec200000)
 ParOldGen       total 68608K, used 28792K [0x00000000c0000000, 0x00000000c4300000, 0x00000000eab00000)
  object space 68608K, 41% used [0x00000000c0000000,0x00000000c1c1e088,0x00000000c4300000)
 Metaspace       used 42575K, committed 43648K, reserved 1114112K
  class space    used 4650K, committed 5120K, reserved 1048576K
}
Event: 4.043 GC heap after
{Heap after GC invocations=21 (full 2):
 PSYoungGen      total 23552K, used 3071K [0x00000000eab00000, 0x00000000ed400000, 0x0000000100000000)
  eden space 20480K, 0% used [0x00000000eab00000,0x00000000eab00000,0x00000000ebf00000)
  from space 3072K, 99% used [0x00000000ebf00000,0x00000000ec1ffda0,0x00000000ec200000)
  to   space 10752K, 0% used [0x00000000ec980000,0x00000000ec980000,0x00000000ed400000)
 ParOldGen       total 68608K, used 35185K [0x00000000c0000000, 0x00000000c4300000, 0x00000000eab00000)
  object space 68608K, 51% used [0x00000000c0000000,0x00000000c225c7d8,0x00000000c4300000)
 Metaspace       used 42575K, committed 43648K, reserved 1114112K
  class space    used 4650K, committed 5120K, reserved 1048576K
}
Event: 4.266 GC heap before
{Heap before GC invocations=22 (full 2):
 PSYoungGen      total 23552K, used 23551K [0x00000000eab00000, 0x00000000ed400000, 0x0000000100000000)
  eden space 20480K, 100% used [0x00000000eab00000,0x00000000ebf00000,0x00000000ebf00000)
  from space 3072K, 99% used [0x00000000ebf00000,0x00000000ec1ffda0,0x00000000ec200000)
  to   space 10752K, 0% used [0x00000000ec980000,0x00000000ec980000,0x00000000ed400000)
 ParOldGen       total 68608K, used 35185K [0x00000000c0000000, 0x00000000c4300000, 0x00000000eab00000)
  object space 68608K, 51% used [0x00000000c0000000,0x00000000c225c7d8,0x00000000c4300000)
 Metaspace       used 43580K, committed 44672K, reserved 1114112K
  class space    used 4807K, committed 5312K, reserved 1048576K
}
Event: 4.269 GC heap after
{Heap after GC invocations=22 (full 2):
 PSYoungGen      total 21504K, used 704K [0x00000000eab00000, 0x00000000eca80000, 0x0000000100000000)
  eden space 20480K, 0% used [0x00000000eab00000,0x00000000eab00000,0x00000000ebf00000)
  from space 1024K, 68% used [0x00000000ec980000,0x00000000eca30000,0x00000000eca80000)
  to   space 4096K, 0% used [0x00000000ec280000,0x00000000ec280000,0x00000000ec680000)
 ParOldGen       total 68608K, used 38193K [0x00000000c0000000, 0x00000000c4300000, 0x00000000eab00000)
  object space 68608K, 55% used [0x00000000c0000000,0x00000000c254c638,0x00000000c4300000)
 Metaspace       used 43580K, committed 44672K, reserved 1114112K
  class space    used 4807K, committed 5312K, reserved 1048576K
}
Event: 4.396 GC heap before
{Heap before GC invocations=23 (full 2):
 PSYoungGen      total 21504K, used 21184K [0x00000000eab00000, 0x00000000eca80000, 0x0000000100000000)
  eden space 20480K, 100% used [0x00000000eab00000,0x00000000ebf00000,0x00000000ebf00000)
  from space 1024K, 68% used [0x00000000ec980000,0x00000000eca30000,0x00000000eca80000)
  to   space 4096K, 0% used [0x00000000ec280000,0x00000000ec280000,0x00000000ec680000)
 ParOldGen       total 68608K, used 38193K [0x00000000c0000000, 0x00000000c4300000, 0x00000000eab00000)
  object space 68608K, 55% used [0x00000000c0000000,0x00000000c254c638,0x00000000c4300000)
 Metaspace       used 43678K, committed 44736K, reserved 1114112K
  class space    used 4827K, committed 5312K, reserved 1048576K
}
Event: 4.397 GC heap after
{Heap after GC invocations=23 (full 2):
 PSYoungGen      total 24576K, used 4090K [0x00000000eab00000, 0x00000000eca00000, 0x0000000100000000)
  eden space 20480K, 0% used [0x00000000eab00000,0x00000000eab00000,0x00000000ebf00000)
  from space 4096K, 99% used [0x00000000ec280000,0x00000000ec67eb08,0x00000000ec680000)
  to   space 3584K, 0% used [0x00000000ec680000,0x00000000ec680000,0x00000000eca00000)
 ParOldGen       total 68608K, used 38794K [0x00000000c0000000, 0x00000000c4300000, 0x00000000eab00000)
  object space 68608K, 56% used [0x00000000c0000000,0x00000000c25e2948,0x00000000c4300000)
 Metaspace       used 43678K, committed 44736K, reserved 1114112K
  class space    used 4827K, committed 5312K, reserved 1048576K
}
Event: 4.580 GC heap before
{Heap before GC invocations=24 (full 2):
 PSYoungGen      total 24576K, used 24570K [0x00000000eab00000, 0x00000000eca00000, 0x0000000100000000)
  eden space 20480K, 100% used [0x00000000eab00000,0x00000000ebf00000,0x00000000ebf00000)
  from space 4096K, 99% used [0x00000000ec280000,0x00000000ec67eb08,0x00000000ec680000)
  to   space 3584K, 0% used [0x00000000ec680000,0x00000000ec680000,0x00000000eca00000)
 ParOldGen       total 68608K, used 38794K [0x00000000c0000000, 0x00000000c4300000, 0x00000000eab00000)
  object space 68608K, 56% used [0x00000000c0000000,0x00000000c25e2948,0x00000000c4300000)
 Metaspace       used 45774K, committed 46848K, reserved 1114112K
  class space    used 5203K, committed 5696K, reserved 1048576K
}
Event: 4.582 GC heap after
{Heap after GC invocations=24 (full 2):
 PSYoungGen      total 21504K, used 928K [0x00000000eab00000, 0x00000000ec780000, 0x0000000100000000)
  eden space 20480K, 0% used [0x00000000eab00000,0x00000000eab00000,0x00000000ebf00000)
  from space 1024K, 90% used [0x00000000ec680000,0x00000000ec768020,0x00000000ec780000)
  to   space 2560K, 0% used [0x00000000ec280000,0x00000000ec280000,0x00000000ec500000)
 ParOldGen       total 68608K, used 42688K [0x00000000c0000000, 0x00000000c4300000, 0x00000000eab00000)
  object space 68608K, 62% used [0x00000000c0000000,0x00000000c29b0168,0x00000000c4300000)
 Metaspace       used 45774K, committed 46848K, reserved 1114112K
  class space    used 5203K, committed 5696K, reserved 1048576K
}
Event: 4.836 GC heap before
{Heap before GC invocations=25 (full 2):
 PSYoungGen      total 21504K, used 21408K [0x00000000eab00000, 0x00000000ec780000, 0x0000000100000000)
  eden space 20480K, 100% used [0x00000000eab00000,0x00000000ebf00000,0x00000000ebf00000)
  from space 1024K, 90% used [0x00000000ec680000,0x00000000ec768020,0x00000000ec780000)
  to   space 2560K, 0% used [0x00000000ec280000,0x00000000ec280000,0x00000000ec500000)
 ParOldGen       total 68608K, used 42688K [0x00000000c0000000, 0x00000000c4300000, 0x00000000eab00000)
  object space 68608K, 62% used [0x00000000c0000000,0x00000000c29b0168,0x00000000c4300000)
 Metaspace       used 47898K, committed 49024K, reserved 1114112K
  class space    used 5551K, committed 6080K, reserved 1048576K
}
Event: 4.837 GC heap after
{Heap after GC invocations=25 (full 2):
 PSYoungGen      total 23040K, used 672K [0x00000000eab00000, 0x00000000ec700000, 0x0000000100000000)
  eden space 20480K, 0% used [0x00000000eab00000,0x00000000eab00000,0x00000000ebf00000)
  from space 2560K, 26% used [0x00000000ec280000,0x00000000ec328000,0x00000000ec500000)
  to   space 1024K, 0% used [0x00000000ec600000,0x00000000ec600000,0x00000000ec700000)
 ParOldGen       total 68608K, used 43480K [0x00000000c0000000, 0x00000000c4300000, 0x00000000eab00000)
  object space 68608K, 63% used [0x00000000c0000000,0x00000000c2a761c8,0x00000000c4300000)
 Metaspace       used 47898K, committed 49024K, reserved 1114112K
  class space    used 5551K, committed 6080K, reserved 1048576K
}

Deoptimization events (20 events):
Event: 6.055 Thread 0x0000014399b6fef0 Uncommon trap: trap_request=0xffffff45 fr.pc=0x0000014387c976cc relative=0x000000000000004c
Event: 6.055 Thread 0x0000014399b6fef0 Uncommon trap: reason=unstable_if action=reinterpret pc=0x0000014387c976cc method=java.lang.Thread.interrupted()Z @ 10 c2
Event: 6.055 Thread 0x0000014399b70d60 Uncommon trap: trap_request=0xffffff45 fr.pc=0x0000014387c976cc relative=0x000000000000004c
Event: 6.055 Thread 0x0000014399b70d60 Uncommon trap: reason=unstable_if action=reinterpret pc=0x0000014387c976cc method=java.lang.Thread.interrupted()Z @ 10 c2
Event: 6.055 Thread 0x0000014399b6fef0 DEOPT PACKING pc=0x0000014387c976cc sp=0x000000088f8ff5a0
Event: 6.055 Thread 0x0000014399b70d60 DEOPT PACKING pc=0x0000014387c976cc sp=0x00000008916ff470
Event: 6.055 Thread 0x0000014399b6fef0 DEOPT UNPACKING pc=0x00000143800520a3 sp=0x000000088f8ff530 mode 2
Event: 6.055 Thread 0x0000014399b70d60 DEOPT UNPACKING pc=0x00000143800520a3 sp=0x00000008916ff400 mode 2
Event: 6.094 Thread 0x0000014399b6fa20 Uncommon trap: trap_request=0xffffffc6 fr.pc=0x0000014387b75830 relative=0x0000000000000090
Event: 6.094 Thread 0x0000014399b6fa20 Uncommon trap: reason=bimorphic_or_optimized_type_check action=maybe_recompile pc=0x0000014387b75830 method=java.util.AbstractList$Itr.hasNext()Z @ 8 c2
Event: 6.094 Thread 0x0000014399b6fa20 DEOPT PACKING pc=0x0000014387b75830 sp=0x00000008914fdaa0
Event: 6.094 Thread 0x0000014399b6fa20 DEOPT UNPACKING pc=0x00000143800520a3 sp=0x00000008914fda38 mode 2
Event: 6.094 Thread 0x0000014399b6fa20 Uncommon trap: trap_request=0xffffffc6 fr.pc=0x0000014387b7537c relative=0x000000000000015c
Event: 6.094 Thread 0x0000014399b6fa20 Uncommon trap: reason=bimorphic_or_optimized_type_check action=maybe_recompile pc=0x0000014387b7537c method=java.util.AbstractList$Itr.next()Ljava/lang/Object; @ 14 c2
Event: 6.094 Thread 0x0000014399b6fa20 DEOPT PACKING pc=0x0000014387b7537c sp=0x00000008914fda90
Event: 6.094 Thread 0x0000014399b6fa20 DEOPT UNPACKING pc=0x00000143800520a3 sp=0x00000008914fda28 mode 2
Event: 6.097 Thread 0x0000014399b6fa20 Uncommon trap: trap_request=0xffffff45 fr.pc=0x0000014387b90cec relative=0x00000000000000ec
Event: 6.097 Thread 0x0000014399b6fa20 Uncommon trap: reason=unstable_if action=reinterpret pc=0x0000014387b90cec method=java.lang.ThreadLocal$ThreadLocalMap.getEntryAfterMiss(Ljava/lang/ThreadLocal;ILjava/lang/ThreadLocal$ThreadLocalMap$Entry;)Ljava/lang/ThreadLocal$ThreadLocalMap$Entry; @ 30
Event: 6.097 Thread 0x0000014399b6fa20 DEOPT PACKING pc=0x0000014387b90cec sp=0x00000008914fdd80
Event: 6.097 Thread 0x0000014399b6fa20 DEOPT UNPACKING pc=0x00000143800520a3 sp=0x00000008914fdd00 mode 2

Classes loaded (20 events):
Event: 6.099 Loading class sun/nio/ch/SelectionKeyImpl
Event: 6.100 Loading class java/nio/channels/spi/AbstractSelectionKey
Event: 6.100 Loading class java/nio/channels/SelectionKey
Event: 6.100 Loading class java/nio/channels/SelectionKey done
Event: 6.100 Loading class java/nio/channels/spi/AbstractSelectionKey done
Event: 6.100 Loading class sun/nio/ch/SelectionKeyImpl done
Event: 6.100 Loading class java/lang/invoke/ConstantBootstraps
Event: 6.100 Loading class java/lang/invoke/ConstantBootstraps done
Event: 6.110 Loading class java/nio/channels/spi/AbstractSelector$1
Event: 6.110 Loading class java/nio/channels/spi/AbstractSelector$1 done
Event: 6.349 Loading class java/io/ObjectStreamClass$1
Event: 6.349 Loading class java/io/ObjectStreamClass$1 done
Event: 6.350 Loading class java/io/ObjectStreamClass$MemberSignature
Event: 6.350 Loading class java/io/ObjectStreamClass$MemberSignature done
Event: 6.350 Loading class java/io/ObjectStreamClass$3
Event: 6.350 Loading class java/io/ObjectStreamClass$3 done
Event: 6.350 Loading class java/io/ObjectStreamClass$4
Event: 6.350 Loading class java/io/ObjectStreamClass$4 done
Event: 6.350 Loading class java/io/ObjectStreamClass$5
Event: 6.350 Loading class java/io/ObjectStreamClass$5 done

Classes unloaded (7 events):
Event: 1.936 Thread 0x00000143feb737b0 Unloading class 0x0000000800d54c00 'java/lang/invoke/LambdaForm$MH+0x0000000800d54c00'
Event: 1.936 Thread 0x00000143feb737b0 Unloading class 0x0000000800d54800 'java/lang/invoke/LambdaForm$MH+0x0000000800d54800'
Event: 1.936 Thread 0x00000143feb737b0 Unloading class 0x0000000800d54400 'java/lang/invoke/LambdaForm$MH+0x0000000800d54400'
Event: 1.936 Thread 0x00000143feb737b0 Unloading class 0x0000000800d54000 'java/lang/invoke/LambdaForm$MH+0x0000000800d54000'
Event: 1.936 Thread 0x00000143feb737b0 Unloading class 0x0000000800d53c00 'java/lang/invoke/LambdaForm$BMH+0x0000000800d53c00'
Event: 1.936 Thread 0x00000143feb737b0 Unloading class 0x0000000800d53800 'java/lang/invoke/LambdaForm$DMH+0x0000000800d53800'
Event: 1.936 Thread 0x00000143feb737b0 Unloading class 0x0000000800d52400 'java/lang/invoke/LambdaForm$DMH+0x0000000800d52400'

Classes redefined (0 events):
No events

Internal exceptions (20 events):
Event: 3.747 Thread 0x0000014399b71700 Exception <a 'java/lang/NoSuchMethodError'{0x00000000eb95ad48}: 'java.lang.Object java.lang.invoke.Invokers$Holder.linkToTargetMethod(java.lang.Object, java.lang.Object, int, java.lang.Object)'> (0x00000000eb95ad48) 
thrown [s\open\src\hotspot\share\interpreter\linkResolver.cpp, line 759]
Event: 3.780 Thread 0x0000014399b71700 Exception <a 'java/lang/NoSuchMethodError'{0x00000000ebc14608}: 'java.lang.Object java.lang.invoke.DirectMethodHandle$Holder.invokeVirtual(java.lang.Object, java.lang.Object, java.lang.Object, java.lang.Object)'> (0x00000000ebc14608) 
thrown [s\open\src\hotspot\share\interpreter\linkResolver.cpp, line 759]
Event: 3.782 Thread 0x0000014399b71700 Exception <a 'java/lang/NoSuchMethodError'{0x00000000ebc341a8}: 'java.lang.Object java.lang.invoke.DirectMethodHandle$Holder.invokeVirtual(java.lang.Object, java.lang.Object, java.lang.Object, java.lang.Object, java.lang.Object)'> (0x00000000ebc341a8) 
thrown [s\open\src\hotspot\share\interpreter\linkResolver.cpp, line 759]
Event: 3.824 Thread 0x0000014399b6fa20 Implicit null exception at 0x0000014387d46c95 to 0x0000014387d46f94
Event: 4.034 Thread 0x0000014399b6fa20 Exception <a 'java/lang/NoSuchMethodError'{0x00000000ebe74260}: 'java.lang.Object java.lang.invoke.DirectMethodHandle$Holder.invokeVirtual(java.lang.Object, java.lang.Object, java.lang.Object, java.lang.Object, java.lang.Object, java.lang.Object, java.lang.Object)'> (0x00000000ebe74260) 
thrown [s\open\src\hotspot\share\interpreter\linkResolver.cpp, line 759]
Event: 4.215 Thread 0x0000014399b6fa20 Exception <a 'java/lang/NoSuchMethodError'{0x00000000eb61dbe8}: 'int java.lang.invoke.DirectMethodHandle$Holder.invokeSpecial(java.lang.Object, java.lang.Object, java.lang.Object, java.lang.Object)'> (0x00000000eb61dbe8) 
thrown [s\open\src\hotspot\share\interpreter\linkResolver.cpp, line 759]
Event: 4.375 Thread 0x0000014399b6fa20 Exception <a 'java/lang/NoSuchMethodError'{0x00000000ebd0ad90}: 'void java.lang.invoke.DirectMethodHandle$Holder.invokeVirtual(java.lang.Object, java.lang.Object, java.lang.Object, java.lang.Object)'> (0x00000000ebd0ad90) 
thrown [s\open\src\hotspot\share\interpreter\linkResolver.cpp, line 759]
Event: 4.513 Thread 0x0000014399b6fa20 Exception <a 'java/lang/NoSuchMethodError'{0x00000000eb74b3a8}: 'java.lang.Object java.lang.invoke.DirectMethodHandle$Holder.invokeVirtual(java.lang.Object, java.lang.Object, java.lang.Object, java.lang.Object, java.lang.Object, java.lang.Object)'> (0x00000000eb74b3a8) 
thrown [s\open\src\hotspot\share\interpreter\linkResolver.cpp, line 759]
Event: 4.568 Thread 0x0000014399b6fa20 Exception <a 'java/lang/NoClassDefFoundError'{0x00000000ebd51930}: org/slf4j/impl/StaticMarkerBinder> (0x00000000ebd51930) 
thrown [s\open\src\hotspot\share\classfile\systemDictionary.cpp, line 244]
Event: 4.587 Thread 0x0000014399b6fa20 Exception <a 'java/lang/NoSuchMethodError'{0x00000000eabe5ff8}: 'java.lang.Object java.lang.invoke.DirectMethodHandle$Holder.invokeVirtual(java.lang.Object, java.lang.Object, java.lang.Object, java.lang.Object, java.lang.Object, java.lang.Object, java.lang.Object, java.lang.Object)'> (0x00000000eabe5ff8) 
thrown [s\open\src\hotspot\share\interpreter\linkResolver.cpp, line 759]
Event: 4.587 Thread 0x0000014399b6fa20 Exception <a 'java/lang/NoSuchMethodError'{0x00000000eabeb180}: 'java.lang.Object java.lang.invoke.DirectMethodHandle$Holder.invokeSpecial(java.lang.Object, java.lang.Object, java.lang.Object, java.lang.Object, java.lang.Object, java.lang.Object, java.lang.Object, java.lang.Object, java.lang.Object)'> (0x00000000eabeb180) 
thrown [s\open\src\hotspot\share\interpreter\linkResolver.cpp, line 759]
Event: 4.600 Thread 0x0000014399b6fa20 Exception <a 'java/lang/NoSuchMethodError'{0x00000000eadceec0}: 'java.lang.Object java.lang.invoke.DirectMethodHandle$Holder.invokeVirtual(java.lang.Object, java.lang.Object, java.lang.Object, java.lang.Object, java.lang.Object, java.lang.Object, java.lang.Object, java.lang.Object, java.lang.Object)'> (0x00000000eadceec0) 
thrown [s\open\src\hotspot\share\interpreter\linkResolver.cpp, line 759]
Event: 4.682 Thread 0x0000014399b6fa20 Exception <a 'java/lang/NoSuchMethodError'{0x00000000eb6e1398}: 'long java.lang.invoke.DirectMethodHandle$Holder.invokeInterface(java.lang.Object, java.lang.Object)'> (0x00000000eb6e1398) 
thrown [s\open\src\hotspot\share\interpreter\linkResolver.cpp, line 759]
Event: 4.683 Thread 0x0000014399b6fa20 Exception <a 'java/lang/NoSuchMethodError'{0x00000000eb6e4bf0}: 'long java.lang.invoke.DelegatingMethodHandle$Holder.reinvoke_L(java.lang.Object, java.lang.Object)'> (0x00000000eb6e4bf0) 
thrown [s\open\src\hotspot\share\interpreter\linkResolver.cpp, line 759]
Event: 4.850 Thread 0x0000014399b6fef0 Exception <a 'java/lang/NoSuchMethodError'{0x00000000eac437d0}: 'void java.lang.invoke.DirectMethodHandle$Holder.invokeStatic(java.lang.Object, long)'> (0x00000000eac437d0) 
thrown [s\open\src\hotspot\share\interpreter\linkResolver.cpp, line 759]
Event: 4.851 Thread 0x0000014399b6fef0 Exception <a 'java/lang/NoSuchMethodError'{0x00000000eac48a80}: 'java.lang.Object java.lang.invoke.DirectMethodHandle$Holder.newInvokeSpecial(java.lang.Object, long)'> (0x00000000eac48a80) 
thrown [s\open\src\hotspot\share\interpreter\linkResolver.cpp, line 759]
Event: 6.350 Thread 0x0000014399b6fa20 Exception <a 'java/lang/NoSuchMethodError'{0x00000000eaf24a80}: static Lorg/gradle/internal/build/event/types/AbstractProgressEvent;.<clinit>()V> (0x00000000eaf24a80) 
thrown [s\open\src\hotspot\share\prims\jni.cpp, line 1104]
Event: 6.351 Thread 0x0000014399b6fa20 Exception <a 'java/lang/NoSuchMethodError'{0x00000000eaf379a8}: static Lorg/gradle/internal/build/event/types/DefaultOperationStartedProgressEvent;.<clinit>()V> (0x00000000eaf379a8) 
thrown [s\open\src\hotspot\share\prims\jni.cpp, line 1104]
Event: 6.352 Thread 0x0000014399b6fa20 Exception <a 'java/lang/NoSuchMethodError'{0x00000000eaf4c8e0}: static Lorg/gradle/internal/build/event/types/DefaultOperationDescriptor;.<clinit>()V> (0x00000000eaf4c8e0) 
thrown [s\open\src\hotspot\share\prims\jni.cpp, line 1104]
Event: 6.352 Thread 0x0000014399b6fa20 Exception <a 'java/lang/NoSuchMethodError'{0x00000000eaf7c9b8}: static Lorg/gradle/internal/operations/OperationIdentifier;.<clinit>()V> (0x00000000eaf7c9b8) 
thrown [s\open\src\hotspot\share\prims\jni.cpp, line 1104]

VM Operations (20 events):
Event: 3.854 Executing VM operation: HandshakeAllThreads
Event: 3.854 Executing VM operation: HandshakeAllThreads done
Event: 4.040 Executing VM operation: ParallelGCFailedAllocation
Event: 4.044 Executing VM operation: ParallelGCFailedAllocation done
Event: 4.266 Executing VM operation: ParallelGCFailedAllocation
Event: 4.269 Executing VM operation: ParallelGCFailedAllocation done
Event: 4.353 Executing VM operation: HandshakeAllThreads
Event: 4.353 Executing VM operation: HandshakeAllThreads done
Event: 4.396 Executing VM operation: ParallelGCFailedAllocation
Event: 4.397 Executing VM operation: ParallelGCFailedAllocation done
Event: 4.462 Executing VM operation: HandshakeAllThreads
Event: 4.462 Executing VM operation: HandshakeAllThreads done
Event: 4.580 Executing VM operation: ParallelGCFailedAllocation
Event: 4.582 Executing VM operation: ParallelGCFailedAllocation done
Event: 4.836 Executing VM operation: ParallelGCFailedAllocation
Event: 4.837 Executing VM operation: ParallelGCFailedAllocation done
Event: 4.852 Executing VM operation: HandshakeAllThreads
Event: 4.852 Executing VM operation: HandshakeAllThreads done
Event: 5.851 Executing VM operation: Cleanup
Event: 5.851 Executing VM operation: Cleanup done

Events (20 events):
Event: 3.843 Thread 0x000001439124e9d0 flushing nmethod 0x0000014380f3e110
Event: 3.843 Thread 0x000001439124e9d0 flushing nmethod 0x0000014380f41410
Event: 3.843 Thread 0x000001439124e9d0 flushing nmethod 0x0000014380f43710
Event: 3.843 Thread 0x000001439124e9d0 flushing nmethod 0x0000014380f4fb90
Event: 3.843 Thread 0x000001439124e9d0 flushing nmethod 0x0000014380f56f90
Event: 4.053 Loaded shared library C:\Users\dore0\.gradle\native\e1d6ef7f7dcc3fd88c89a11ec53ec762bb8ba0a96d01ffa2cd45eb1d1d8dd5c5\windows-amd64\native-platform.dll
Event: 4.550 Loaded shared library C:\Program Files\Java\jdk-18.0.2\bin\management.dll
Event: 4.552 Loaded shared library C:\Program Files\Java\jdk-18.0.2\bin\management_ext.dll
Event: 4.688 Thread 0x0000014399b720a0 Thread added: 0x0000014399b720a0
Event: 4.772 Thread 0x0000014397359040 Thread exited: 0x0000014397359040
Event: 4.775 Thread 0x000001439135ca00 Thread exited: 0x000001439135ca00
Event: 4.847 Thread 0x0000014399b6fef0 Thread added: 0x0000014399b6fef0
Event: 4.853 Thread 0x0000014399b73d80 Thread added: 0x0000014399b73d80
Event: 4.855 Thread 0x0000014399b70d60 Thread added: 0x0000014399b70d60
Event: 4.856 Thread 0x0000014399b73d80 Thread exited: 0x0000014399b73d80
Event: 6.055 Thread 0x0000014399b70d60 Thread exited: 0x0000014399b70d60
Event: 6.055 Thread 0x0000014399b6fef0 Thread exited: 0x0000014399b6fef0
Event: 6.142 Thread 0x0000014399b75590 Thread added: 0x0000014399b75590
Event: 6.142 Thread 0x0000014399b75590 Thread exited: 0x0000014399b75590
Event: 6.143 Thread 0x0000014399b70d60 Thread added: 0x0000014399b70d60


Dynamic libraries:
0x00007ff6eb140000 - 0x00007ff6eb150000 	c:\Program Files\Java\jdk-18.0.2\bin\java.exe
0x00007ffd94d50000 - 0x00007ffd94f64000 	C:\Windows\SYSTEM32\ntdll.dll
0x00007ffd94600000 - 0x00007ffd946c3000 	C:\Windows\System32\KERNEL32.DLL
0x00007ffd92190000 - 0x00007ffd9252c000 	C:\Windows\System32\KERNELBASE.dll
0x00007ffd925e0000 - 0x00007ffd926f1000 	C:\Windows\System32\ucrtbase.dll
0x00007ffd717f0000 - 0x00007ffd71808000 	c:\Program Files\Java\jdk-18.0.2\bin\jli.dll
0x00007ffd6af50000 - 0x00007ffd6af6a000 	c:\Program Files\Java\jdk-18.0.2\bin\VCRUNTIME140.dll
0x00007ffd92ff0000 - 0x00007ffd9309e000 	C:\Windows\System32\ADVAPI32.dll
0x00007ffd94740000 - 0x00007ffd947e7000 	C:\Windows\System32\msvcrt.dll
0x00007ffd93c60000 - 0x00007ffd93d04000 	C:\Windows\System32\sechost.dll
0x00007ffd94190000 - 0x00007ffd942a5000 	C:\Windows\System32\RPCRT4.dll
0x00007ffd94450000 - 0x00007ffd945fd000 	C:\Windows\System32\USER32.dll
0x00007ffd92530000 - 0x00007ffd92556000 	C:\Windows\System32\win32u.dll
0x00007ffd767c0000 - 0x00007ffd76a4e000 	C:\Windows\WinSxS\amd64_microsoft.windows.common-controls_6595b64144ccf1df_6.0.22621.608_none_a9444ca7c10bb01d\COMCTL32.dll
0x00007ffd94ba0000 - 0x00007ffd94bc9000 	C:\Windows\System32\GDI32.dll
0x00007ffd92980000 - 0x00007ffd92a92000 	C:\Windows\System32\gdi32full.dll
0x00007ffd92700000 - 0x00007ffd9279a000 	C:\Windows\System32\msvcp_win.dll
0x00007ffd8ae20000 - 0x00007ffd8ae2a000 	C:\Windows\SYSTEM32\VERSION.dll
0x00007ffd94bd0000 - 0x00007ffd94c02000 	C:\Windows\System32\IMM32.DLL
0x00007ffd816a0000 - 0x00007ffd816ac000 	c:\Program Files\Java\jdk-18.0.2\bin\vcruntime140_1.dll
0x00007ffd37ad0000 - 0x00007ffd37b5d000 	c:\Program Files\Java\jdk-18.0.2\bin\msvcp140.dll
0x00007ffcfe1e0000 - 0x00007ffcfedf1000 	c:\Program Files\Java\jdk-18.0.2\bin\server\jvm.dll
0x00007ffd94320000 - 0x00007ffd94328000 	C:\Windows\System32\PSAPI.DLL
0x00007ffd8e050000 - 0x00007ffd8e059000 	C:\Windows\SYSTEM32\WSOCK32.dll
0x00007ffd8b680000 - 0x00007ffd8b6b4000 	C:\Windows\SYSTEM32\WINMM.dll
0x00007ffd93b60000 - 0x00007ffd93bd1000 	C:\Windows\System32\WS2_32.dll
0x00007ffd911e0000 - 0x00007ffd911f8000 	C:\Windows\SYSTEM32\kernel.appcore.dll
0x00007ffd7f280000 - 0x00007ffd7f28a000 	c:\Program Files\Java\jdk-18.0.2\bin\jimage.dll
0x00007ffd8f8e0000 - 0x00007ffd8fb0e000 	C:\Windows\SYSTEM32\DBGHELP.DLL
0x00007ffd92c60000 - 0x00007ffd92fea000 	C:\Windows\System32\combase.dll
0x00007ffd94aa0000 - 0x00007ffd94b77000 	C:\Windows\System32\OLEAUT32.dll
0x00007ffd38bc0000 - 0x00007ffd38bf2000 	C:\Windows\SYSTEM32\dbgcore.DLL
0x00007ffd92560000 - 0x00007ffd925db000 	C:\Windows\System32\bcryptPrimitives.dll
0x00007ffd7dfe0000 - 0x00007ffd7dfee000 	c:\Program Files\Java\jdk-18.0.2\bin\instrument.dll
0x00007ffd71a30000 - 0x00007ffd71a55000 	c:\Program Files\Java\jdk-18.0.2\bin\java.dll
0x00007ffd02680000 - 0x00007ffd02756000 	c:\Program Files\Java\jdk-18.0.2\bin\jsvml.dll
0x00007ffd930a0000 - 0x00007ffd9388f000 	C:\Windows\System32\SHELL32.dll
0x00007ffd901b0000 - 0x00007ffd90a78000 	C:\Windows\SYSTEM32\windows.storage.dll
0x00007ffd90070000 - 0x00007ffd901ae000 	C:\Windows\SYSTEM32\wintypes.dll
0x00007ffd92b60000 - 0x00007ffd92c51000 	C:\Windows\System32\SHCORE.dll
0x00007ffd942b0000 - 0x00007ffd9430e000 	C:\Windows\System32\shlwapi.dll
0x00007ffd920c0000 - 0x00007ffd920e1000 	C:\Windows\SYSTEM32\profapi.dll
0x00007ffd6a820000 - 0x00007ffd6a838000 	c:\Program Files\Java\jdk-18.0.2\bin\zip.dll
0x00007ffd71810000 - 0x00007ffd71823000 	C:\Program Files\Java\jdk-18.0.2\bin\net.dll
0x00007ffd8c2d0000 - 0x00007ffd8c3ff000 	C:\Windows\SYSTEM32\WINHTTP.dll
0x00007ffd91650000 - 0x00007ffd916b9000 	C:\Windows\system32\mswsock.dll
0x00007ffd6a970000 - 0x00007ffd6a986000 	C:\Program Files\Java\jdk-18.0.2\bin\nio.dll
0x00007ffd79ba0000 - 0x00007ffd79bb0000 	c:\Program Files\Java\jdk-18.0.2\bin\verify.dll
0x00007ffd533a0000 - 0x00007ffd533de000 	C:\Users\dore0\AppData\Roaming\Code\User\globalStorage\redhat.java\1.14.0\config_win\org.eclipse.equinox.launcher\org.eclipse.equinox.launcher.win32.win32.x86_64_1.2.700.v20221108-1024\eclipse_11801.dll
0x00007ffd94880000 - 0x00007ffd94a1c000 	C:\Windows\System32\ole32.dll
0x00007ffd918a0000 - 0x00007ffd918bb000 	C:\Windows\SYSTEM32\CRYPTSP.dll
0x00007ffd91150000 - 0x00007ffd91185000 	C:\Windows\system32\rsaenh.dll
0x00007ffd91740000 - 0x00007ffd91768000 	C:\Windows\SYSTEM32\USERENV.dll
0x00007ffd91b00000 - 0x00007ffd91b28000 	C:\Windows\SYSTEM32\bcrypt.dll
0x00007ffd918c0000 - 0x00007ffd918cc000 	C:\Windows\SYSTEM32\CRYPTBASE.dll
0x00007ffd90cd0000 - 0x00007ffd90cfd000 	C:\Windows\SYSTEM32\IPHLPAPI.DLL
0x00007ffd93b00000 - 0x00007ffd93b09000 	C:\Windows\System32\NSI.dll
0x00007ffd8d990000 - 0x00007ffd8d9a9000 	C:\Windows\SYSTEM32\dhcpcsvc6.DLL
0x00007ffd8d970000 - 0x00007ffd8d98f000 	C:\Windows\SYSTEM32\dhcpcsvc.DLL
0x00007ffd90d40000 - 0x00007ffd90e33000 	C:\Windows\SYSTEM32\DNSAPI.dll
0x00007ffd51890000 - 0x00007ffd518d0000 	C:\Users\dore0\AppData\Local\Temp\jna-95771634\jna1357055799462524553.dll
0x00007ffd6a990000 - 0x00007ffd6a9b7000 	C:\Users\dore0\.gradle\native\e1d6ef7f7dcc3fd88c89a11ec53ec762bb8ba0a96d01ffa2cd45eb1d1d8dd5c5\windows-amd64\native-platform.dll
0x00007ffd77e90000 - 0x00007ffd77e99000 	C:\Program Files\Java\jdk-18.0.2\bin\management.dll
0x00007ffd776d0000 - 0x00007ffd776db000 	C:\Program Files\Java\jdk-18.0.2\bin\management_ext.dll

dbghelp: loaded successfully - version: 4.0.5 - missing functions: none
symbol engine: initialized successfully - sym options: 0x614 - pdb path: .;c:\Program Files\Java\jdk-18.0.2\bin;C:\Windows\SYSTEM32;C:\Windows\WinSxS\amd64_microsoft.windows.common-controls_6595b64144ccf1df_6.0.22621.608_none_a9444ca7c10bb01d;c:\Program Files\Java\jdk-18.0.2\bin\server;C:\Users\dore0\AppData\Roaming\Code\User\globalStorage\redhat.java\1.14.0\config_win\org.eclipse.equinox.launcher\org.eclipse.equinox.launcher.win32.win32.x86_64_1.2.700.v20221108-1024;C:\Users\dore0\AppData\Local\Temp\jna-95771634;C:\Users\dore0\.gradle\native\e1d6ef7f7dcc3fd88c89a11ec53ec762bb8ba0a96d01ffa2cd45eb1d1d8dd5c5\windows-amd64

VM Arguments:
jvm_args: --add-modules=ALL-SYSTEM --add-opens=java.base/java.util=ALL-UNNAMED --add-opens=java.base/java.lang=ALL-UNNAMED --add-opens=java.base/sun.nio.fs=ALL-UNNAMED -Declipse.application=org.eclipse.jdt.ls.core.id1 -Dosgi.bundles.defaultStartLevel=4 -Declipse.product=org.eclipse.jdt.ls.core.product -Djava.import.generatesMetadataFilesAtProjectRoot=false -Dfile.encoding=utf8 -XX:+UseParallelGC -XX:GCTimeRatio=4 -XX:AdaptiveSizePolicyWeight=90 -Dsun.zip.disableMemoryMapping=true -Xmx1G -Xms100m -Xlog:disable -javaagent:c:\Users\dore0\.vscode\extensions\redhat.java-1.14.0-win32-x64\lombok\lombok-1.18.24.jar -XX:+HeapDumpOnOutOfMemoryError -XX:HeapDumpPath=c:\Users\dore0\AppData\Roaming\Code\User\workspaceStorage\8207dbabced798b2925de33780a7ce88\redhat.java 
java_command: c:\Users\dore0\.vscode\extensions\redhat.java-1.14.0-win32-x64\server\plugins\org.eclipse.equinox.launcher_1.6.400.v20210924-0641.jar -configuration c:\Users\dore0\AppData\Roaming\Code\User\globalStorage\redhat.java\1.14.0\config_win -data c:\Users\dore0\AppData\Roaming\Code\User\workspaceStorage\8207dbabced798b2925de33780a7ce88\redhat.java\jdt_ws
java_class_path (initial): c:\Users\dore0\.vscode\extensions\redhat.java-1.14.0-win32-x64\server\plugins\org.eclipse.equinox.launcher_1.6.400.v20210924-0641.jar
Launcher Type: SUN_STANDARD

[Global flags]
    uintx AdaptiveSizePolicyWeight                 = 90                                        {product} {command line}
     intx CICompilerCount                          = 4                                         {product} {ergonomic}
    uintx GCTimeRatio                              = 4                                         {product} {command line}
     bool HeapDumpOnOutOfMemoryError               = true                                   {manageable} {command line}
    ccstr HeapDumpPath                             = c:\Users\dore0\AppData\Roaming\Code\User\workspaceStorage\8207dbabced798b2925de33780a7ce88\redhat.java         {manageable} {command line}
   size_t InitialHeapSize                          = 104857600                                 {product} {command line}
   size_t MaxHeapSize                              = 1073741824                                {product} {command line}
   size_t MaxNewSize                               = 357564416                                 {product} {ergonomic}
   size_t MinHeapDeltaBytes                        = 524288                                    {product} {ergonomic}
   size_t MinHeapSize                              = 104857600                                 {product} {command line}
   size_t NewSize                                  = 34603008                                  {product} {ergonomic}
    uintx NonNMethodCodeHeapSize                   = 5839372                                {pd product} {ergonomic}
    uintx NonProfiledCodeHeapSize                  = 122909434                              {pd product} {ergonomic}
   size_t OldSize                                  = 70254592                                  {product} {ergonomic}
    uintx ProfiledCodeHeapSize                     = 122909434                              {pd product} {ergonomic}
    uintx ReservedCodeCacheSize                    = 251658240                              {pd product} {ergonomic}
     bool SegmentedCodeCache                       = true                                      {product} {ergonomic}
   size_t SoftMaxHeapSize                          = 1073741824                             {manageable} {ergonomic}
     bool UseCompressedClassPointers               = true                           {product lp64_product} {ergonomic}
     bool UseCompressedOops                        = true                           {product lp64_product} {ergonomic}
     bool UseLargePagesIndividualAllocation        = false                                  {pd product} {ergonomic}
     bool UseParallelGC                            = true                                      {product} {command line}

Logging:
Log output configuration:
 #0: stdout all=off uptime,level,tags foldmultilines=false
 #1: stderr all=off uptime,level,tags foldmultilines=false

Environment Variables:
PATH=C:\Program Files\Common Files\Oracle\Java\javapath;C:\Windows\system32;C:\Windows;C:\Windows\System32\Wbem;C:\Windows\System32\WindowsPowerShell\v1.0\;C:\Windows\System32\OpenSSH\;C:\Program Files (x86)\NVIDIA Corporation\PhysX\Common;D:\Git\cmd;C:\Program Files\nodejs\;C:\Program Files (x86)\dotnet\;E:\AOMEI\AOMEI Backupper\7.1.0;C:\Program Files (x86)\Bitvise SSH Client;C:\Users\dore0\AppData\Local\Microsoft\WindowsApps;D:\Microsoft VS Code\bin;C:\Users\dore0\AppData\Local\GitHubDesktop\bin;C:\Users\dore0\AppData\Roaming\npm;C:\Users\dore0\AppData\Local\Programs\oh-my-posh\bin;E:\Downloads\ffmpeg-2022-11-23\bin;C:\Program Files (x86)\Microsoft SDKs\TypeScript\3.2;
USERNAME=dore0
OS=Windows_NT
PROCESSOR_IDENTIFIER=Intel64 Family 6 Model 158 Stepping 10, GenuineIntel



---------------  S Y S T E M  ---------------

OS:
 Windows 11 , 64 bit Build 22621 (10.0.22621.1194)
OS uptime: 0 days 1:51 hours

CPU: total 12 (initial active 12) (6 cores per cpu, 2 threads per core) family 6 model 158 stepping 10 microcode 0xde, cx8, cmov, fxsr, ht, mmx, 3dnowpref, sse, sse2, sse3, ssse3, sse4.1, sse4.2, popcnt, lzcnt, tsc, tscinvbit, avx, avx2, aes, erms, clmul, bmi1, bmi2, adx, fma, vzeroupper, clflush, clflushopt

Memory: 4k page, system-wide physical 16234M (1613M free)
TotalPageFile size 22378M (AvailPageFile size 4M)
current process WorkingSet (physical memory assigned to process): 232M, peak: 251M
current process commit charge ("private bytes"): 314M, peak: 341M

vm_info: Java HotSpot(TM) 64-Bit Server VM (18.0.2+9-61) for windows-amd64 JRE (18.0.2+9-61), built on Jun  7 2022 13:09:01 by "mach5one" with MS VC++ 16.8 / 16.9 (VS2019)

END.
