#
# There is insufficient memory for the Java Runtime Environment to continue.
# Native memory allocation (malloc) failed to allocate 532016 bytes for Chunk::new
# Possible reasons:
#   The system is out of physical RAM or swap space
#   The process is running with CompressedOops enabled, and the Java Heap may be blocking the growth of the native heap
# Possible solutions:
#   Reduce memory load on the system
#   Increase physical memory or swap space
#   Check if swap backing store is full
#   Decrease Java heap size (-Xmx/-Xms)
#   Decrease number of Java threads
#   Decrease Java thread stack sizes (-Xss)
#   Set larger code cache with -XX:ReservedCodeCacheSize=
#   JVM is running with Unscaled Compressed Oops mode in which the Java heap is
#     placed in the first 4GB address space. The Java Heap base address is the
#     maximum limit for the native heap growth. Please use -XX:HeapBaseMinAddress
#     to set the Java Heap base and to place the Java Heap above 4GB virtual address.
# This output file may be truncated or incomplete.
#
#  Out of Memory Error (./src/hotspot/share/memory/arena.cpp:197), pid=21320, tid=9276
#
# JRE version: OpenJDK Runtime Environment (11.0.13) (build 11.0.13+0-b1751.21-8125866)
# Java VM: OpenJDK 64-Bit Server VM (11.0.13+0-b1751.21-8125866, mixed mode, tiered, compressed oops, g1 gc, windows-amd64)
# No core dump will be written. Minidumps are not enabled by default on client versions of Windows
#

---------------  S U M M A R Y ------------

Command Line: --add-opens=java.base/java.util=ALL-UNNAMED --add-opens=java.base/java.lang=ALL-UNNAMED --add-opens=java.base/java.lang.invoke=ALL-UNNAMED --add-opens=java.base/java.util=ALL-UNNAMED --add-opens=java.prefs/java.util.prefs=ALL-UNNAMED --add-opens=java.prefs/java.util.prefs=ALL-UNNAMED --add-opens=java.base/java.nio.charset=ALL-UNNAMED --add-opens=java.base/java.net=ALL-UNNAMED --add-opens=java.base/java.util.concurrent.atomic=ALL-UNNAMED -Xmx2048m -Dfile.encoding=UTF-8 -Duser.country=US -Duser.language=en -Duser.variant org.gradle.launcher.daemon.bootstrap.GradleDaemon 7.4

Host: Intel(R) Core(TM) i7-9750H CPU @ 2.60GHz, 12 cores, 15G,  Windows 11 , 64 bit Build 22621 (10.0.22621.1194)
Time: Sun Feb 12 01:09:19 2023 SE Asia Standard Time elapsed time: 5.715202 seconds (0d 0h 0m 5s)

---------------  T H R E A D  ---------------

Current thread (0x0000021118273000):  JavaThread "C2 CompilerThread2" daemon [_thread_in_native, id=9276, stack(0x0000002104f00000,0x0000002105000000)]


Current CompileTask:
C2:   5715 5072       4       org.gradle.internal.service.DefaultServiceRegistry$OwnServices::getService (309 bytes)

Stack: [0x0000002104f00000,0x0000002105000000]
Native frames: (J=compiled Java code, j=interpreted, Vv=VM code, C=native code)
V  [jvm.dll+0x6100fa]
V  [jvm.dll+0x747090]
V  [jvm.dll+0x7486ad]
V  [jvm.dll+0x748d83]
V  [jvm.dll+0x24ab48]
V  [jvm.dll+0xc04dc]
V  [jvm.dll+0xc0a0c]
V  [jvm.dll+0x35eb9d]
V  [jvm.dll+0x19d7bc]
V  [jvm.dll+0x2033be]
V  [jvm.dll+0x202437]
V  [jvm.dll+0x188e01]
V  [jvm.dll+0x21106b]
V  [jvm.dll+0x20f8c1]
V  [jvm.dll+0x70de0f]
V  [jvm.dll+0x706a75]
V  [jvm.dll+0x60ed66]
C  [ucrtbase.dll+0x29363]
C  [KERNEL32.DLL+0x126bd]
C  [ntdll.dll+0x5dfb8]


---------------  P R O C E S S  ---------------

Threads class SMR info:
_java_thread_list=0x0000021118cdd6d0, length=167, elements={
0x000002117876c000, 0x0000021115a48000, 0x0000021115a49800, 0x0000021115aa5800,
0x0000021115aa6800, 0x0000021115aa7800, 0x0000021115aab000, 0x0000021115aac800,
0x0000021115ab1000, 0x0000021115c13000, 0x0000021117e8d000, 0x0000021117f1e800,
0x0000021117eae000, 0x0000021117447000, 0x0000021117e1b000, 0x0000021117edc000,
0x0000021116ee4800, 0x00000211185fa800, 0x0000021118dc5800, 0x0000021116d47000,
0x00000211186e7000, 0x00000211186e9800, 0x00000211186e8800, 0x00000211186e8000,
0x0000021118273000, 0x00000211186e4800, 0x00000211186e4000, 0x00000211186ea800,
0x00000211186e5800, 0x00000211186e6800, 0x000002111af41800, 0x000002111af45800,
0x000002111af43000, 0x000002111af43800, 0x000002111af40800, 0x000002111af4c000,
0x000002111af4c800, 0x000002111af48000, 0x000002111af47000, 0x000002111af4e800,
0x000002111af49800, 0x000002111af4d800, 0x000002111af4a800, 0x000002111af48800,
0x000002111af4b000, 0x0000021115edb800, 0x0000021115ed6800, 0x0000021115ed5800,
0x0000021115eda000, 0x0000021115eda800, 0x0000021115ed9000, 0x0000021115edc000,
0x0000021115edd000, 0x0000021115ed8000, 0x0000021115ed7800, 0x0000021115ede000,
0x0000021115ee4800, 0x0000021115ee3000, 0x0000021115ede800, 0x0000021115ee3800,
0x0000021115edf800, 0x0000021115ee2000, 0x0000021115ee1000, 0x0000021115ee0800,
0x00000211171c8800, 0x00000211171c5000, 0x00000211171c2800, 0x00000211171c4000,
0x00000211171c6000, 0x00000211171c6800, 0x00000211171c7800, 0x00000211171c9000,
0x00000211171c3800, 0x00000211171cb800, 0x00000211171cf000, 0x00000211171cc800,
0x00000211171ce000, 0x00000211171cd000, 0x00000211171cf800, 0x00000211171ca000,
0x00000211171d0800, 0x00000211171ca800, 0x00000211171d1800, 0x0000021116fe4000,
0x0000021116fe5000, 0x0000021116fe1800, 0x0000021116fe6800, 0x0000021116fe5800,
0x0000021116fe7000, 0x0000021116fe8000, 0x0000021116fe2800, 0x0000021116fe9000,
0x0000021116fe3000, 0x0000021116fed000, 0x0000021116fee000, 0x0000021116fe9800,
0x0000021116fee800, 0x0000021116fef800, 0x0000021116feb800, 0x0000021116fec000,
0x0000021116fea800, 0x0000021116ff0000, 0x000002111ac34000, 0x000002111ac36800,
0x000002111ac34800, 0x000002111ac37000, 0x000002111ac38000, 0x000002111ac38800,
0x000002111ac33000, 0x000002111ac39800, 0x000002111ac35800, 0x000002111ac3e800,
0x000002111ac40000, 0x000002111ac3d000, 0x000002111ac3d800, 0x000002111ac3f000,
0x000002111ac3a800, 0x000002111ac41000, 0x000002111ac3b000, 0x000002111ac41800,
0x000002111ac3c000, 0x0000021116d75800, 0x0000021116d70800, 0x0000021116d77000,
0x0000021116d74800, 0x0000021116d73000, 0x0000021116d71800, 0x0000021116d76800,
0x0000021116d78000, 0x0000021116d72000, 0x0000021116d79000, 0x0000021116d79800,
0x0000021116d74000, 0x0000021116d7e800, 0x0000021116d7c000, 0x0000021116d7d800,
0x0000021116d7f800, 0x0000021116d7a800, 0x0000021116d7b000, 0x0000021116d7d000,
0x0000021117b02800, 0x0000021117b01800, 0x0000021117b01000, 0x0000021117b04000,
0x0000021117b05000, 0x0000021117b03800, 0x0000021117b06000, 0x0000021117b00000,
0x0000021117b06800, 0x0000021117b0a800, 0x0000021117b0d000, 0x0000021117b0a000,
0x0000021117b07800, 0x0000021117b09000, 0x0000021117b0e000, 0x0000021117b0c800,
0x0000021117b0b800, 0x0000021117b08800, 0x0000021117b0f000, 0x00000211193e6800,
0x00000211193ea000, 0x00000211193e6000, 0x00000211193e8800, 0x00000211193ea800,
0x00000211193e9000, 0x00000211193eb800, 0x00000211193ec800
}

Java Threads: ( => current thread )
  0x000002117876c000 JavaThread "main" [_thread_blocked, id=13712, stack(0x0000002102500000,0x0000002102600000)]
  0x0000021115a48000 JavaThread "Reference Handler" daemon [_thread_blocked, id=20992, stack(0x0000002102c00000,0x0000002102d00000)]
  0x0000021115a49800 JavaThread "Finalizer" daemon [_thread_blocked, id=10248, stack(0x0000002102d00000,0x0000002102e00000)]
  0x0000021115aa5800 JavaThread "Signal Dispatcher" daemon [_thread_blocked, id=18164, stack(0x0000002102e00000,0x0000002102f00000)]
  0x0000021115aa6800 JavaThread "Attach Listener" daemon [_thread_blocked, id=17160, stack(0x0000002102f00000,0x0000002103000000)]
  0x0000021115aa7800 JavaThread "Service Thread" daemon [_thread_blocked, id=12976, stack(0x0000002103000000,0x0000002103100000)]
  0x0000021115aab000 JavaThread "C2 CompilerThread0" daemon [_thread_in_native, id=9224, stack(0x0000002103100000,0x0000002103200000)]
  0x0000021115aac800 JavaThread "C1 CompilerThread0" daemon [_thread_blocked, id=13648, stack(0x0000002103200000,0x0000002103300000)]
  0x0000021115ab1000 JavaThread "Sweeper thread" daemon [_thread_blocked, id=21204, stack(0x0000002103300000,0x0000002103400000)]
  0x0000021115c13000 JavaThread "Common-Cleaner" daemon [_thread_blocked, id=3108, stack(0x0000002103400000,0x0000002103500000)]
  0x0000021117e8d000 JavaThread "Daemon health stats" [_thread_blocked, id=14308, stack(0x0000002103d00000,0x0000002103e00000)]
  0x0000021117f1e800 JavaThread "Incoming local TCP Connector on port 61468" [_thread_in_native, id=18028, stack(0x0000002103600000,0x0000002103700000)]
  0x0000021117eae000 JavaThread "Daemon periodic checks" [_thread_blocked, id=15604, stack(0x0000002103700000,0x0000002103800000)]
  0x0000021117447000 JavaThread "Daemon" [_thread_blocked, id=2036, stack(0x0000002103e00000,0x0000002103f00000)]
  0x0000021117e1b000 JavaThread "Handler for socket connection from /127.0.0.1:61468 to /127.0.0.1:61469" [_thread_in_native, id=10016, stack(0x0000002103f00000,0x0000002104000000)]
  0x0000021117edc000 JavaThread "Cancel handler" [_thread_blocked, id=10516, stack(0x0000002104000000,0x0000002104100000)]
  0x0000021116ee4800 JavaThread "Daemon worker" [_thread_in_Java, id=6160, stack(0x0000002104100000,0x0000002104200000)]
  0x00000211185fa800 JavaThread "C2 CompilerThread1" daemon [_thread_in_native, id=17548, stack(0x0000002104200000,0x0000002104300000)]
  0x0000021118dc5800 JavaThread "Asynchronous log dispatcher for DefaultDaemonConnection: socket connection from /127.0.0.1:61468 to /127.0.0.1:61469" [_thread_blocked, id=1844, stack(0x0000002104300000,0x0000002104400000)]
  0x0000021116d47000 JavaThread "Stdin handler" [_thread_blocked, id=9992, stack(0x0000002104400000,0x0000002104500000)]
  0x00000211186e7000 JavaThread "Daemon client event forwarder" [_thread_blocked, id=19532, stack(0x0000002104500000,0x0000002104600000)]
  0x00000211186e9800 JavaThread "Cache worker for journal cache (C:\Users\dore0\.gradle\caches\journal-1)" [_thread_blocked, id=8136, stack(0x0000002104600000,0x0000002104700000)]
  0x00000211186e8800 JavaThread "File lock request listener" [_thread_in_native, id=12556, stack(0x0000002104700000,0x0000002104800000)]
  0x00000211186e8000 JavaThread "Cache worker for file hash cache (C:\Users\dore0\.gradle\caches\7.4\fileHashes)" [_thread_blocked, id=7932, stack(0x0000002104800000,0x0000002104900000)]
=>0x0000021118273000 JavaThread "C2 CompilerThread2" daemon [_thread_in_native, id=9276, stack(0x0000002104f00000,0x0000002105000000)]
  0x00000211186e4800 JavaThread "File watcher server" daemon [_thread_in_native, id=14224, stack(0x0000002105000000,0x0000002105100000)]
  0x00000211186e4000 JavaThread "File watcher consumer" daemon [_thread_blocked, id=9320, stack(0x0000002105100000,0x0000002105200000)]
  0x00000211186ea800 JavaThread "Cache worker for checksums cache (D:\Workspace\LearnCodeApp\.gradle\7.4\checksums)" [_thread_blocked, id=12020, stack(0x0000002105200000,0x0000002105300000)]
  0x00000211186e5800 JavaThread "Cache worker for cache directory md-rule (C:\Users\dore0\.gradle\caches\7.4\md-rule)" [_thread_blocked, id=4584, stack(0x0000002105300000,0x0000002105400000)]
  0x00000211186e6800 JavaThread "Cache worker for file hash cache (D:\Workspace\LearnCodeApp\.gradle\7.4\fileHashes)" [_thread_blocked, id=9540, stack(0x0000002105400000,0x0000002105500000)]
  0x000002111af41800 JavaThread "Cache worker for cache directory md-supplier (C:\Users\dore0\.gradle\caches\7.4\md-supplier)" [_thread_blocked, id=7024, stack(0x0000002105500000,0x0000002105600000)]
  0x000002111af45800 JavaThread "Cache worker for execution history cache (C:\Users\dore0\.gradle\caches\7.4\executionHistory)" [_thread_blocked, id=6168, stack(0x0000002105600000,0x0000002105700000)]
  0x000002111af43000 JavaThread "jar transforms" [_thread_blocked, id=20032, stack(0x0000002105700000,0x0000002105800000)]
  0x000002111af43800 JavaThread "Cache worker for file content cache (C:\Users\dore0\.gradle\caches\7.4\fileContent)" [_thread_blocked, id=9604, stack(0x0000002105800000,0x0000002105900000)]
  0x000002111af40800 JavaThread "jar transforms Thread 2" [_thread_blocked, id=11600, stack(0x0000002105900000,0x0000002105a00000)]
  0x000002111af4c000 JavaThread "Cache worker for dependencies-accessors (D:\Workspace\LearnCodeApp\.gradle\7.4\dependencies-accessors)" [_thread_blocked, id=8924, stack(0x0000002105a00000,0x0000002105b00000)]
  0x000002111af4c800 JavaThread "jar transforms Thread 3" [_thread_blocked, id=18300, stack(0x0000002105b00000,0x0000002105c00000)]
  0x000002111af48000 JavaThread "Cache worker for Build Output Cleanup Cache (D:\Workspace\LearnCodeApp\.gradle\buildOutputCleanup)" [_thread_blocked, id=7292, stack(0x0000002105c00000,0x0000002105d00000)]
  0x000002111af47000 JavaThread "Unconstrained build operations" [_thread_blocked, id=2900, stack(0x0000002105d00000,0x0000002105e00000)]
  0x000002111af4e800 JavaThread "Unconstrained build operations Thread 2" [_thread_blocked, id=14172, stack(0x0000002105e00000,0x0000002105f00000)]
  0x000002111af49800 JavaThread "Unconstrained build operations Thread 3" [_thread_blocked, id=9100, stack(0x0000002105f00000,0x0000002106000000)]
  0x000002111af4d800 JavaThread "Unconstrained build operations Thread 4" [_thread_blocked, id=14088, stack(0x0000002106000000,0x0000002106100000)]
  0x000002111af4a800 JavaThread "Unconstrained build operations Thread 5" [_thread_blocked, id=10648, stack(0x0000002106100000,0x0000002106200000)]
  0x000002111af48800 JavaThread "Unconstrained build operations Thread 6" [_thread_blocked, id=14020, stack(0x0000002106200000,0x0000002106300000)]
  0x000002111af4b000 JavaThread "Unconstrained build operations Thread 7" [_thread_blocked, id=3828, stack(0x0000002106300000,0x0000002106400000)]
  0x0000021115edb800 JavaThread "Unconstrained build operations Thread 8" [_thread_blocked, id=13624, stack(0x0000002106400000,0x0000002106500000)]
  0x0000021115ed6800 JavaThread "Unconstrained build operations Thread 9" [_thread_blocked, id=17828, stack(0x0000002106500000,0x0000002106600000)]
  0x0000021115ed5800 JavaThread "Unconstrained build operations Thread 10" [_thread_blocked, id=17432, stack(0x0000002106600000,0x0000002106700000)]
  0x0000021115eda000 JavaThread "Unconstrained build operations Thread 11" [_thread_blocked, id=18364, stack(0x0000002106700000,0x0000002106800000)]
  0x0000021115eda800 JavaThread "Unconstrained build operations Thread 12" [_thread_blocked, id=14356, stack(0x0000002106800000,0x0000002106900000)]
  0x0000021115ed9000 JavaThread "Unconstrained build operations Thread 13" [_thread_blocked, id=14460, stack(0x0000002106900000,0x0000002106a00000)]
  0x0000021115edc000 JavaThread "Unconstrained build operations Thread 14" [_thread_blocked, id=17112, stack(0x0000002106a00000,0x0000002106b00000)]
  0x0000021115edd000 JavaThread "Unconstrained build operations Thread 15" [_thread_blocked, id=6248, stack(0x0000002106b00000,0x0000002106c00000)]
  0x0000021115ed8000 JavaThread "Unconstrained build operations Thread 16" [_thread_blocked, id=17668, stack(0x0000002106c00000,0x0000002106d00000)]
  0x0000021115ed7800 JavaThread "Unconstrained build operations Thread 17" [_thread_blocked, id=4620, stack(0x0000002106d00000,0x0000002106e00000)]
  0x0000021115ede000 JavaThread "Unconstrained build operations Thread 18" [_thread_blocked, id=16256, stack(0x0000002106e00000,0x0000002106f00000)]
  0x0000021115ee4800 JavaThread "Unconstrained build operations Thread 19" [_thread_blocked, id=14316, stack(0x0000002106f00000,0x0000002107000000)]
  0x0000021115ee3000 JavaThread "Unconstrained build operations Thread 20" [_thread_blocked, id=21492, stack(0x0000002107000000,0x0000002107100000)]
  0x0000021115ede800 JavaThread "Unconstrained build operations Thread 21" [_thread_blocked, id=6340, stack(0x0000002107100000,0x0000002107200000)]
  0x0000021115ee3800 JavaThread "Unconstrained build operations Thread 22" [_thread_blocked, id=16320, stack(0x0000002107200000,0x0000002107300000)]
  0x0000021115edf800 JavaThread "Unconstrained build operations Thread 23" [_thread_blocked, id=20824, stack(0x0000002107300000,0x0000002107400000)]
  0x0000021115ee2000 JavaThread "Unconstrained build operations Thread 24" [_thread_blocked, id=10584, stack(0x0000002107400000,0x0000002107500000)]
  0x0000021115ee1000 JavaThread "Unconstrained build operations Thread 25" [_thread_blocked, id=4588, stack(0x0000002107500000,0x0000002107600000)]
  0x0000021115ee0800 JavaThread "Unconstrained build operations Thread 26" [_thread_blocked, id=4440, stack(0x0000002107600000,0x0000002107700000)]
  0x00000211171c8800 JavaThread "Unconstrained build operations Thread 27" [_thread_blocked, id=14204, stack(0x0000002107700000,0x0000002107800000)]
  0x00000211171c5000 JavaThread "Unconstrained build operations Thread 28" [_thread_blocked, id=20972, stack(0x0000002107800000,0x0000002107900000)]
  0x00000211171c2800 JavaThread "Unconstrained build operations Thread 29" [_thread_blocked, id=20636, stack(0x0000002107900000,0x0000002107a00000)]
  0x00000211171c4000 JavaThread "Unconstrained build operations Thread 30" [_thread_blocked, id=17956, stack(0x0000002107a00000,0x0000002107b00000)]
  0x00000211171c6000 JavaThread "Unconstrained build operations Thread 31" [_thread_blocked, id=13728, stack(0x0000002107b00000,0x0000002107c00000)]
  0x00000211171c6800 JavaThread "Unconstrained build operations Thread 32" [_thread_blocked, id=12604, stack(0x0000002107c00000,0x0000002107d00000)]
  0x00000211171c7800 JavaThread "Unconstrained build operations Thread 33" [_thread_blocked, id=12584, stack(0x0000002107d00000,0x0000002107e00000)]
  0x00000211171c9000 JavaThread "Unconstrained build operations Thread 34" [_thread_blocked, id=328, stack(0x0000002107e00000,0x0000002107f00000)]
  0x00000211171c3800 JavaThread "Unconstrained build operations Thread 35" [_thread_blocked, id=9808, stack(0x0000002107f00000,0x0000002108000000)]
  0x00000211171cb800 JavaThread "Unconstrained build operations Thread 36" [_thread_blocked, id=13740, stack(0x0000002108000000,0x0000002108100000)]
  0x00000211171cf000 JavaThread "Unconstrained build operations Thread 37" [_thread_blocked, id=1480, stack(0x0000002108100000,0x0000002108200000)]
  0x00000211171cc800 JavaThread "Unconstrained build operations Thread 38" [_thread_blocked, id=13160, stack(0x0000002108200000,0x0000002108300000)]
  0x00000211171ce000 JavaThread "Unconstrained build operations Thread 39" [_thread_blocked, id=17404, stack(0x0000002108300000,0x0000002108400000)]
  0x00000211171cd000 JavaThread "Unconstrained build operations Thread 40" [_thread_blocked, id=6184, stack(0x0000002108400000,0x0000002108500000)]
  0x00000211171cf800 JavaThread "Unconstrained build operations Thread 41" [_thread_blocked, id=9388, stack(0x0000002108500000,0x0000002108600000)]
  0x00000211171ca000 JavaThread "Unconstrained build operations Thread 42" [_thread_blocked, id=12000, stack(0x0000002108600000,0x0000002108700000)]
  0x00000211171d0800 JavaThread "Unconstrained build operations Thread 43" [_thread_blocked, id=19804, stack(0x0000002108700000,0x0000002108800000)]
  0x00000211171ca800 JavaThread "Unconstrained build operations Thread 44" [_thread_blocked, id=7116, stack(0x0000002108800000,0x0000002108900000)]
  0x00000211171d1800 JavaThread "Unconstrained build operations Thread 45" [_thread_blocked, id=11924, stack(0x0000002108900000,0x0000002108a00000)]
  0x0000021116fe4000 JavaThread "Unconstrained build operations Thread 46" [_thread_blocked, id=12136, stack(0x0000002108a00000,0x0000002108b00000)]
  0x0000021116fe5000 JavaThread "Unconstrained build operations Thread 47" [_thread_blocked, id=18136, stack(0x0000002108b00000,0x0000002108c00000)]
  0x0000021116fe1800 JavaThread "Unconstrained build operations Thread 48" [_thread_blocked, id=7492, stack(0x0000002108c00000,0x0000002108d00000)]
  0x0000021116fe6800 JavaThread "Unconstrained build operations Thread 49" [_thread_blocked, id=1788, stack(0x0000002108d00000,0x0000002108e00000)]
  0x0000021116fe5800 JavaThread "Unconstrained build operations Thread 50" [_thread_blocked, id=17448, stack(0x0000002108e00000,0x0000002108f00000)]
  0x0000021116fe7000 JavaThread "Unconstrained build operations Thread 51" [_thread_blocked, id=17416, stack(0x0000002108f00000,0x0000002109000000)]
  0x0000021116fe8000 JavaThread "Unconstrained build operations Thread 52" [_thread_blocked, id=1224, stack(0x0000002109000000,0x0000002109100000)]
  0x0000021116fe2800 JavaThread "Unconstrained build operations Thread 53" [_thread_blocked, id=16444, stack(0x0000002109100000,0x0000002109200000)]
  0x0000021116fe9000 JavaThread "Unconstrained build operations Thread 54" [_thread_blocked, id=11224, stack(0x0000002109200000,0x0000002109300000)]
  0x0000021116fe3000 JavaThread "Unconstrained build operations Thread 55" [_thread_blocked, id=13832, stack(0x0000002109300000,0x0000002109400000)]
  0x0000021116fed000 JavaThread "Unconstrained build operations Thread 56" [_thread_blocked, id=18584, stack(0x0000002109400000,0x0000002109500000)]
  0x0000021116fee000 JavaThread "Unconstrained build operations Thread 57" [_thread_blocked, id=12416, stack(0x0000002109500000,0x0000002109600000)]
  0x0000021116fe9800 JavaThread "Unconstrained build operations Thread 58" [_thread_blocked, id=1416, stack(0x0000002109600000,0x0000002109700000)]
  0x0000021116fee800 JavaThread "Unconstrained build operations Thread 59" [_thread_blocked, id=18828, stack(0x0000002109700000,0x0000002109800000)]
  0x0000021116fef800 JavaThread "Unconstrained build operations Thread 60" [_thread_blocked, id=8700, stack(0x0000002109800000,0x0000002109900000)]
  0x0000021116feb800 JavaThread "Unconstrained build operations Thread 61" [_thread_blocked, id=16060, stack(0x0000002109900000,0x0000002109a00000)]
  0x0000021116fec000 JavaThread "Unconstrained build operations Thread 62" [_thread_blocked, id=19792, stack(0x0000002109a00000,0x0000002109b00000)]
  0x0000021116fea800 JavaThread "Unconstrained build operations Thread 63" [_thread_blocked, id=9420, stack(0x0000002109b00000,0x0000002109c00000)]
  0x0000021116ff0000 JavaThread "Unconstrained build operations Thread 64" [_thread_blocked, id=10868, stack(0x0000002109c00000,0x0000002109d00000)]
  0x000002111ac34000 JavaThread "Unconstrained build operations Thread 65" [_thread_blocked, id=1860, stack(0x0000002109d00000,0x0000002109e00000)]
  0x000002111ac36800 JavaThread "Unconstrained build operations Thread 66" [_thread_blocked, id=21456, stack(0x0000002109e00000,0x0000002109f00000)]
  0x000002111ac34800 JavaThread "Unconstrained build operations Thread 67" [_thread_blocked, id=18392, stack(0x0000002109f00000,0x000000210a000000)]
  0x000002111ac37000 JavaThread "Unconstrained build operations Thread 68" [_thread_blocked, id=2748, stack(0x000000210a000000,0x000000210a100000)]
  0x000002111ac38000 JavaThread "Unconstrained build operations Thread 69" [_thread_blocked, id=12528, stack(0x000000210a100000,0x000000210a200000)]
  0x000002111ac38800 JavaThread "Unconstrained build operations Thread 70" [_thread_blocked, id=10364, stack(0x000000210a200000,0x000000210a300000)]
  0x000002111ac33000 JavaThread "Unconstrained build operations Thread 71" [_thread_blocked, id=17480, stack(0x000000210a300000,0x000000210a400000)]
  0x000002111ac39800 JavaThread "Unconstrained build operations Thread 72" [_thread_blocked, id=11928, stack(0x000000210a400000,0x000000210a500000)]
  0x000002111ac35800 JavaThread "Unconstrained build operations Thread 73" [_thread_blocked, id=18888, stack(0x000000210a500000,0x000000210a600000)]
  0x000002111ac3e800 JavaThread "Unconstrained build operations Thread 74" [_thread_blocked, id=8648, stack(0x000000210a600000,0x000000210a700000)]
  0x000002111ac40000 JavaThread "Unconstrained build operations Thread 75" [_thread_blocked, id=17948, stack(0x000000210a700000,0x000000210a800000)]
  0x000002111ac3d000 JavaThread "Unconstrained build operations Thread 76" [_thread_blocked, id=14632, stack(0x000000210a800000,0x000000210a900000)]
  0x000002111ac3d800 JavaThread "Unconstrained build operations Thread 77" [_thread_blocked, id=916, stack(0x000000210a900000,0x000000210aa00000)]
  0x000002111ac3f000 JavaThread "Unconstrained build operations Thread 78" [_thread_blocked, id=2324, stack(0x000000210aa00000,0x000000210ab00000)]
  0x000002111ac3a800 JavaThread "Unconstrained build operations Thread 79" [_thread_blocked, id=17280, stack(0x000000210ab00000,0x000000210ac00000)]
  0x000002111ac41000 JavaThread "Unconstrained build operations Thread 80" [_thread_blocked, id=21016, stack(0x000000210ac00000,0x000000210ad00000)]
  0x000002111ac3b000 JavaThread "Unconstrained build operations Thread 81" [_thread_blocked, id=6876, stack(0x000000210ad00000,0x000000210ae00000)]
  0x000002111ac41800 JavaThread "Unconstrained build operations Thread 82" [_thread_blocked, id=14436, stack(0x000000210ae00000,0x000000210af00000)]
  0x000002111ac3c000 JavaThread "Unconstrained build operations Thread 83" [_thread_blocked, id=2652, stack(0x000000210af00000,0x000000210b000000)]
  0x0000021116d75800 JavaThread "Unconstrained build operations Thread 84" [_thread_blocked, id=6196, stack(0x000000210b000000,0x000000210b100000)]
  0x0000021116d70800 JavaThread "Unconstrained build operations Thread 85" [_thread_blocked, id=21152, stack(0x000000210b100000,0x000000210b200000)]
  0x0000021116d77000 JavaThread "Unconstrained build operations Thread 86" [_thread_blocked, id=12404, stack(0x000000210b200000,0x000000210b300000)]
  0x0000021116d74800 JavaThread "Unconstrained build operations Thread 87" [_thread_blocked, id=16500, stack(0x000000210b300000,0x000000210b400000)]
  0x0000021116d73000 JavaThread "Unconstrained build operations Thread 88" [_thread_blocked, id=1812, stack(0x000000210b400000,0x000000210b500000)]
  0x0000021116d71800 JavaThread "Unconstrained build operations Thread 89" [_thread_blocked, id=2408, stack(0x000000210b500000,0x000000210b600000)]
  0x0000021116d76800 JavaThread "Unconstrained build operations Thread 90" [_thread_blocked, id=9300, stack(0x000000210b600000,0x000000210b700000)]
  0x0000021116d78000 JavaThread "Unconstrained build operations Thread 91" [_thread_blocked, id=14464, stack(0x000000210b700000,0x000000210b800000)]
  0x0000021116d72000 JavaThread "Unconstrained build operations Thread 92" [_thread_blocked, id=9828, stack(0x000000210b800000,0x000000210b900000)]
  0x0000021116d79000 JavaThread "Unconstrained build operations Thread 93" [_thread_blocked, id=16604, stack(0x000000210b900000,0x000000210ba00000)]
  0x0000021116d79800 JavaThread "Unconstrained build operations Thread 94" [_thread_blocked, id=18280, stack(0x000000210ba00000,0x000000210bb00000)]
  0x0000021116d74000 JavaThread "Unconstrained build operations Thread 95" [_thread_blocked, id=17360, stack(0x000000210bb00000,0x000000210bc00000)]
  0x0000021116d7e800 JavaThread "Unconstrained build operations Thread 96" [_thread_blocked, id=9976, stack(0x000000210bc00000,0x000000210bd00000)]
  0x0000021116d7c000 JavaThread "Unconstrained build operations Thread 97" [_thread_blocked, id=9512, stack(0x000000210bd00000,0x000000210be00000)]
  0x0000021116d7d800 JavaThread "Unconstrained build operations Thread 98" [_thread_blocked, id=14096, stack(0x000000210be00000,0x000000210bf00000)]
  0x0000021116d7f800 JavaThread "Unconstrained build operations Thread 99" [_thread_blocked, id=15136, stack(0x000000210bf00000,0x000000210c000000)]
  0x0000021116d7a800 JavaThread "Unconstrained build operations Thread 100" [_thread_blocked, id=19784, stack(0x000000210c000000,0x000000210c100000)]
  0x0000021116d7b000 JavaThread "Unconstrained build operations Thread 101" [_thread_blocked, id=16728, stack(0x000000210c100000,0x000000210c200000)]
  0x0000021116d7d000 JavaThread "Unconstrained build operations Thread 102" [_thread_blocked, id=10480, stack(0x000000210c200000,0x000000210c300000)]
  0x0000021117b02800 JavaThread "Unconstrained build operations Thread 103" [_thread_blocked, id=2372, stack(0x000000210c300000,0x000000210c400000)]
  0x0000021117b01800 JavaThread "Unconstrained build operations Thread 104" [_thread_blocked, id=15628, stack(0x000000210c400000,0x000000210c500000)]
  0x0000021117b01000 JavaThread "Unconstrained build operations Thread 105" [_thread_blocked, id=16564, stack(0x000000210c500000,0x000000210c600000)]
  0x0000021117b04000 JavaThread "Unconstrained build operations Thread 106" [_thread_blocked, id=12032, stack(0x000000210c600000,0x000000210c700000)]
  0x0000021117b05000 JavaThread "Unconstrained build operations Thread 107" [_thread_blocked, id=9848, stack(0x000000210c700000,0x000000210c800000)]
  0x0000021117b03800 JavaThread "Unconstrained build operations Thread 108" [_thread_blocked, id=14608, stack(0x000000210c800000,0x000000210c900000)]
  0x0000021117b06000 JavaThread "Unconstrained build operations Thread 109" [_thread_blocked, id=18376, stack(0x000000210c900000,0x000000210ca00000)]
  0x0000021117b00000 JavaThread "Unconstrained build operations Thread 110" [_thread_blocked, id=8508, stack(0x000000210ca00000,0x000000210cb00000)]
  0x0000021117b06800 JavaThread "Unconstrained build operations Thread 111" [_thread_blocked, id=15328, stack(0x000000210cb00000,0x000000210cc00000)]
  0x0000021117b0a800 JavaThread "Unconstrained build operations Thread 112" [_thread_blocked, id=14424, stack(0x000000210cc00000,0x000000210cd00000)]
  0x0000021117b0d000 JavaThread "Unconstrained build operations Thread 113" [_thread_blocked, id=10552, stack(0x000000210cd00000,0x000000210ce00000)]
  0x0000021117b0a000 JavaThread "Unconstrained build operations Thread 114" [_thread_blocked, id=12920, stack(0x000000210ce00000,0x000000210cf00000)]
  0x0000021117b07800 JavaThread "Unconstrained build operations Thread 115" [_thread_blocked, id=13028, stack(0x000000210cf00000,0x000000210d000000)]
  0x0000021117b09000 JavaThread "Unconstrained build operations Thread 116" [_thread_blocked, id=20008, stack(0x000000210d000000,0x000000210d100000)]
  0x0000021117b0e000 JavaThread "Unconstrained build operations Thread 117" [_thread_blocked, id=13944, stack(0x000000210d100000,0x000000210d200000)]
  0x0000021117b0c800 JavaThread "Unconstrained build operations Thread 118" [_thread_blocked, id=11616, stack(0x000000210d200000,0x000000210d300000)]
  0x0000021117b0b800 JavaThread "Unconstrained build operations Thread 119" [_thread_blocked, id=9016, stack(0x000000210d300000,0x000000210d400000)]
  0x0000021117b08800 JavaThread "Unconstrained build operations Thread 120" [_thread_blocked, id=16288, stack(0x000000210d400000,0x000000210d500000)]
  0x0000021117b0f000 JavaThread "jar transforms Thread 4" [_thread_blocked, id=1824, stack(0x000000210d500000,0x000000210d600000)]
  0x00000211193e6800 JavaThread "jar transforms Thread 5" [_thread_blocked, id=20760, stack(0x000000210d600000,0x000000210d700000)]
  0x00000211193ea000 JavaThread "jar transforms Thread 6" [_thread_blocked, id=11560, stack(0x000000210d700000,0x000000210d800000)]
  0x00000211193e6000 JavaThread "jar transforms Thread 7" [_thread_blocked, id=15516, stack(0x000000210d800000,0x000000210d900000)]
  0x00000211193e8800 JavaThread "jar transforms Thread 8" [_thread_blocked, id=2544, stack(0x000000210d900000,0x000000210da00000)]
  0x00000211193ea800 JavaThread "jar transforms Thread 9" [_thread_blocked, id=3156, stack(0x000000210da00000,0x000000210db00000)]
  0x00000211193e9000 JavaThread "jar transforms Thread 10" [_thread_blocked, id=8316, stack(0x000000210db00000,0x000000210dc00000)]
  0x00000211193eb800 JavaThread "jar transforms Thread 11" [_thread_blocked, id=7948, stack(0x000000210dc00000,0x000000210dd00000)]
  0x00000211193ec800 JavaThread "jar transforms Thread 12" [_thread_blocked, id=15392, stack(0x000000210dd00000,0x000000210de00000)]

Other Threads:
  0x0000021115a42000 VMThread "VM Thread" [stack: 0x0000002102b00000,0x0000002102c00000] [id=3160]
  0x0000021115c56800 WatcherThread [stack: 0x0000002103500000,0x0000002103600000] [id=10808]
  0x000002117a7c2800 GCTaskThread "GC Thread#0" [stack: 0x0000002102600000,0x0000002102700000] [id=12544]
  0x00000211165f7800 GCTaskThread "GC Thread#1" [stack: 0x0000002103800000,0x0000002103900000] [id=9852]
  0x000002111698a000 GCTaskThread "GC Thread#2" [stack: 0x0000002103900000,0x0000002103a00000] [id=11128]
  0x0000021116d01000 GCTaskThread "GC Thread#3" [stack: 0x0000002103a00000,0x0000002103b00000] [id=10644]
  0x0000021116951000 GCTaskThread "GC Thread#4" [stack: 0x0000002103b00000,0x0000002103c00000] [id=17624]
  0x0000021116206800 GCTaskThread "GC Thread#5" [stack: 0x0000002103c00000,0x0000002103d00000] [id=19128]
  0x0000021116172800 GCTaskThread "GC Thread#6" [stack: 0x0000002104900000,0x0000002104a00000] [id=8944]
  0x00000211186d2000 GCTaskThread "GC Thread#7" [stack: 0x0000002104a00000,0x0000002104b00000] [id=2860]
  0x0000021117d92800 GCTaskThread "GC Thread#8" [stack: 0x0000002104b00000,0x0000002104c00000] [id=19576]
  0x0000021117d93000 GCTaskThread "GC Thread#9" [stack: 0x0000002104c00000,0x0000002104d00000] [id=7712]
  0x000002117a7f5000 ConcurrentGCThread "G1 Main Marker" [stack: 0x0000002102700000,0x0000002102800000] [id=14228]
  0x000002117a7f7000 ConcurrentGCThread "G1 Conc#0" [stack: 0x0000002102800000,0x0000002102900000] [id=2548]
  0x0000021116d34000 ConcurrentGCThread "G1 Conc#1" [stack: 0x0000002104d00000,0x0000002104e00000] [id=21400]
  0x0000021118abd800 ConcurrentGCThread "G1 Conc#2" [stack: 0x0000002104e00000,0x0000002104f00000] [id=2060]
  0x000002117a87e800 ConcurrentGCThread "G1 Refine#0" [stack: 0x0000002102900000,0x0000002102a00000] [id=10076]
  0x000002111508f800 ConcurrentGCThread "G1 Young RemSet Sampling" [stack: 0x0000002102a00000,0x0000002102b00000] [id=8796]

Threads with active compile tasks:
C2 CompilerThread0   5748 5084       4       org.gradle.internal.reflect.MethodSet::add (50 bytes)
C2 CompilerThread1   5748 5097       4       java.util.zip.ZipFile$Source::initCEN (697 bytes)
C2 CompilerThread2   5749 5072       4       org.gradle.internal.service.DefaultServiceRegistry$OwnServices::getService (309 bytes)

VM state:not at safepoint (normal execution)

VM Mutex/Monitor currently owned by a thread: None

Heap address: 0x0000000080000000, size: 2048 MB, Compressed Oops mode: 32-bit
Narrow klass base: 0x0000000000000000, Narrow klass shift: 3
Compressed class space size: 1073741824 Address: 0x0000000100000000

Heap:
 garbage-first heap   total 260096K, used 143000K [0x0000000080000000, 0x0000000100000000)
  region size 1024K, 121 young (123904K), 13 survivors (13312K)
 Metaspace       used 48953K, capacity 50441K, committed 50556K, reserved 1093632K
  class space    used 6221K, capacity 6753K, committed 6860K, reserved 1048576K
Heap Regions: E=young(eden), S=young(survivor), O=old, HS=humongous(starts), HC=humongous(continues), CS=collection set, F=free, A=archive, TAMS=top-at-mark-start (previous, next)
|   0|0x0000000080000000, 0x0000000080100000, 0x0000000080100000|100%| O|  |TAMS 0x0000000080100000, 0x0000000080000000| Untracked 
|   1|0x0000000080100000, 0x0000000080200000, 0x0000000080200000|100%| O|  |TAMS 0x0000000080200000, 0x0000000080100000| Untracked 
|   2|0x0000000080200000, 0x0000000080300000, 0x0000000080300000|100%| O|  |TAMS 0x0000000080300000, 0x0000000080200000| Untracked 
|   3|0x0000000080300000, 0x0000000080400000, 0x0000000080400000|100%|HS|  |TAMS 0x0000000080400000, 0x0000000080300000| Complete 
|   4|0x0000000080400000, 0x0000000080500000, 0x0000000080500000|100%|HC|  |TAMS 0x0000000080500000, 0x0000000080400000| Complete 
|   5|0x0000000080500000, 0x0000000080600000, 0x0000000080600000|100%|HC|  |TAMS 0x0000000080600000, 0x0000000080500000| Complete 
|   6|0x0000000080600000, 0x0000000080700000, 0x0000000080700000|100%| O|  |TAMS 0x0000000080700000, 0x0000000080600000| Untracked 
|   7|0x0000000080700000, 0x0000000080800000, 0x0000000080800000|100%| O|  |TAMS 0x0000000080800000, 0x0000000080700000| Untracked 
|   8|0x0000000080800000, 0x0000000080900000, 0x0000000080900000|100%| O|  |TAMS 0x0000000080900000, 0x0000000080800000| Untracked 
|   9|0x0000000080900000, 0x0000000080a00000, 0x0000000080a00000|100%| O|  |TAMS 0x0000000080a00000, 0x0000000080900000| Untracked 
|  10|0x0000000080a00000, 0x0000000080b00000, 0x0000000080b00000|100%| O|  |TAMS 0x0000000080b00000, 0x0000000080a00000| Untracked 
|  11|0x0000000080b00000, 0x0000000080c00000, 0x0000000080c00000|100%| O|  |TAMS 0x0000000080c00000, 0x0000000080b00000| Untracked 
|  12|0x0000000080c00000, 0x0000000080d00000, 0x0000000080d00000|100%| O|  |TAMS 0x0000000080d00000, 0x0000000080c00000| Untracked 
|  13|0x0000000080d00000, 0x0000000080e00000, 0x0000000080e00000|100%| O|  |TAMS 0x0000000080e00000, 0x0000000080d00000| Untracked 
|  14|0x0000000080e00000, 0x0000000080f00000, 0x0000000080f00000|100%| O|  |TAMS 0x0000000080f00000, 0x0000000080e00000| Untracked 
|  15|0x0000000080f00000, 0x0000000081000000, 0x0000000081000000|100%| O|  |TAMS 0x0000000081000000, 0x0000000080f00000| Untracked 
|  16|0x0000000081000000, 0x0000000081030400, 0x0000000081100000| 18%| O|  |TAMS 0x0000000081030400, 0x0000000081000000| Untracked 
|  17|0x0000000081100000, 0x0000000081200000, 0x0000000081200000|100%|HS|  |TAMS 0x0000000081100000, 0x0000000081100000| Complete 
|  18|0x0000000081200000, 0x0000000081300000, 0x0000000081300000|100%|HS|  |TAMS 0x0000000081200000, 0x0000000081200000| Complete 
|  19|0x0000000081300000, 0x0000000081400000, 0x0000000081400000|100%|HS|  |TAMS 0x0000000081300000, 0x0000000081300000| Complete 
|  20|0x0000000081400000, 0x0000000081500000, 0x0000000081500000|100%|HS|  |TAMS 0x0000000081400000, 0x0000000081400000| Complete 
|  21|0x0000000081500000, 0x0000000081600000, 0x0000000081600000|100%|HC|  |TAMS 0x0000000081500000, 0x0000000081500000| Complete 
|  22|0x0000000081600000, 0x0000000081600000, 0x0000000081700000|  0%| F|  |TAMS 0x0000000081600000, 0x0000000081600000| Untracked 
|  23|0x0000000081700000, 0x0000000081700000, 0x0000000081800000|  0%| F|  |TAMS 0x0000000081700000, 0x0000000081700000| Untracked 
|  24|0x0000000081800000, 0x0000000081800000, 0x0000000081900000|  0%| F|  |TAMS 0x0000000081800000, 0x0000000081800000| Untracked 
|  25|0x0000000081900000, 0x0000000081900000, 0x0000000081a00000|  0%| F|  |TAMS 0x0000000081900000, 0x0000000081900000| Untracked 
|  26|0x0000000081a00000, 0x0000000081a00000, 0x0000000081b00000|  0%| F|  |TAMS 0x0000000081a00000, 0x0000000081a00000| Untracked 
|  27|0x0000000081b00000, 0x0000000081b00000, 0x0000000081c00000|  0%| F|  |TAMS 0x0000000081b00000, 0x0000000081b00000| Untracked 
|  28|0x0000000081c00000, 0x0000000081c00000, 0x0000000081d00000|  0%| F|  |TAMS 0x0000000081c00000, 0x0000000081c00000| Untracked 
|  29|0x0000000081d00000, 0x0000000081d00000, 0x0000000081e00000|  0%| F|  |TAMS 0x0000000081d00000, 0x0000000081d00000| Untracked 
|  30|0x0000000081e00000, 0x0000000081e00000, 0x0000000081f00000|  0%| F|  |TAMS 0x0000000081e00000, 0x0000000081e00000| Untracked 
|  31|0x0000000081f00000, 0x0000000081f00000, 0x0000000082000000|  0%| F|  |TAMS 0x0000000081f00000, 0x0000000081f00000| Untracked 
|  32|0x0000000082000000, 0x0000000082000000, 0x0000000082100000|  0%| F|  |TAMS 0x0000000082000000, 0x0000000082000000| Untracked 
|  33|0x0000000082100000, 0x0000000082100000, 0x0000000082200000|  0%| F|  |TAMS 0x0000000082100000, 0x0000000082100000| Untracked 
|  34|0x0000000082200000, 0x0000000082200000, 0x0000000082300000|  0%| F|  |TAMS 0x0000000082200000, 0x0000000082200000| Untracked 
|  35|0x0000000082300000, 0x0000000082300000, 0x0000000082400000|  0%| F|  |TAMS 0x0000000082300000, 0x0000000082300000| Untracked 
|  36|0x0000000082400000, 0x0000000082400000, 0x0000000082500000|  0%| F|  |TAMS 0x0000000082400000, 0x0000000082400000| Untracked 
|  37|0x0000000082500000, 0x0000000082500000, 0x0000000082600000|  0%| F|  |TAMS 0x0000000082500000, 0x0000000082500000| Untracked 
|  38|0x0000000082600000, 0x0000000082600000, 0x0000000082700000|  0%| F|  |TAMS 0x0000000082600000, 0x0000000082600000| Untracked 
|  39|0x0000000082700000, 0x0000000082700000, 0x0000000082800000|  0%| F|  |TAMS 0x0000000082700000, 0x0000000082700000| Untracked 
|  40|0x0000000082800000, 0x0000000082800000, 0x0000000082900000|  0%| F|  |TAMS 0x0000000082800000, 0x0000000082800000| Untracked 
|  41|0x0000000082900000, 0x0000000082900000, 0x0000000082a00000|  0%| F|  |TAMS 0x0000000082900000, 0x0000000082900000| Untracked 
|  42|0x0000000082a00000, 0x0000000082a00000, 0x0000000082b00000|  0%| F|  |TAMS 0x0000000082a00000, 0x0000000082a00000| Untracked 
|  43|0x0000000082b00000, 0x0000000082b00000, 0x0000000082c00000|  0%| F|  |TAMS 0x0000000082b00000, 0x0000000082b00000| Untracked 
|  44|0x0000000082c00000, 0x0000000082c00000, 0x0000000082d00000|  0%| F|  |TAMS 0x0000000082c00000, 0x0000000082c00000| Untracked 
|  45|0x0000000082d00000, 0x0000000082d00000, 0x0000000082e00000|  0%| F|  |TAMS 0x0000000082d00000, 0x0000000082d00000| Untracked 
|  46|0x0000000082e00000, 0x0000000082e00000, 0x0000000082f00000|  0%| F|  |TAMS 0x0000000082e00000, 0x0000000082e00000| Untracked 
|  47|0x0000000082f00000, 0x0000000082f00000, 0x0000000083000000|  0%| F|  |TAMS 0x0000000082f00000, 0x0000000082f00000| Untracked 
|  48|0x0000000083000000, 0x0000000083000000, 0x0000000083100000|  0%| F|  |TAMS 0x0000000083000000, 0x0000000083000000| Untracked 
|  49|0x0000000083100000, 0x0000000083100000, 0x0000000083200000|  0%| F|  |TAMS 0x0000000083100000, 0x0000000083100000| Untracked 
|  50|0x0000000083200000, 0x0000000083200000, 0x0000000083300000|  0%| F|  |TAMS 0x0000000083200000, 0x0000000083200000| Untracked 
|  51|0x0000000083300000, 0x0000000083300000, 0x0000000083400000|  0%| F|  |TAMS 0x0000000083300000, 0x0000000083300000| Untracked 
|  52|0x0000000083400000, 0x0000000083400000, 0x0000000083500000|  0%| F|  |TAMS 0x0000000083400000, 0x0000000083400000| Untracked 
|  53|0x0000000083500000, 0x0000000083500000, 0x0000000083600000|  0%| F|  |TAMS 0x0000000083500000, 0x0000000083500000| Untracked 
|  54|0x0000000083600000, 0x0000000083600000, 0x0000000083700000|  0%| F|  |TAMS 0x0000000083600000, 0x0000000083600000| Untracked 
|  55|0x0000000083700000, 0x0000000083700000, 0x0000000083800000|  0%| F|  |TAMS 0x0000000083700000, 0x0000000083700000| Untracked 
|  56|0x0000000083800000, 0x0000000083800000, 0x0000000083900000|  0%| F|  |TAMS 0x0000000083800000, 0x0000000083800000| Untracked 
|  57|0x0000000083900000, 0x0000000083900000, 0x0000000083a00000|  0%| F|  |TAMS 0x0000000083900000, 0x0000000083900000| Untracked 
|  58|0x0000000083a00000, 0x0000000083a00000, 0x0000000083b00000|  0%| F|  |TAMS 0x0000000083a00000, 0x0000000083a00000| Untracked 
|  59|0x0000000083b00000, 0x0000000083b00000, 0x0000000083c00000|  0%| F|  |TAMS 0x0000000083b00000, 0x0000000083b00000| Untracked 
|  60|0x0000000083c00000, 0x0000000083c00000, 0x0000000083d00000|  0%| F|  |TAMS 0x0000000083c00000, 0x0000000083c00000| Untracked 
|  61|0x0000000083d00000, 0x0000000083d00000, 0x0000000083e00000|  0%| F|  |TAMS 0x0000000083d00000, 0x0000000083d00000| Untracked 
|  62|0x0000000083e00000, 0x0000000083e00000, 0x0000000083f00000|  0%| F|  |TAMS 0x0000000083e00000, 0x0000000083e00000| Untracked 
|  63|0x0000000083f00000, 0x0000000083f00000, 0x0000000084000000|  0%| F|  |TAMS 0x0000000083f00000, 0x0000000083f00000| Untracked 
|  64|0x0000000084000000, 0x0000000084000000, 0x0000000084100000|  0%| F|  |TAMS 0x0000000084000000, 0x0000000084000000| Untracked 
|  65|0x0000000084100000, 0x0000000084100000, 0x0000000084200000|  0%| F|  |TAMS 0x0000000084100000, 0x0000000084100000| Untracked 
|  66|0x0000000084200000, 0x0000000084200000, 0x0000000084300000|  0%| F|  |TAMS 0x0000000084200000, 0x0000000084200000| Untracked 
|  67|0x0000000084300000, 0x0000000084300000, 0x0000000084400000|  0%| F|  |TAMS 0x0000000084300000, 0x0000000084300000| Untracked 
|  68|0x0000000084400000, 0x0000000084400000, 0x0000000084500000|  0%| F|  |TAMS 0x0000000084400000, 0x0000000084400000| Untracked 
|  69|0x0000000084500000, 0x0000000084500000, 0x0000000084600000|  0%| F|  |TAMS 0x0000000084500000, 0x0000000084500000| Untracked 
|  70|0x0000000084600000, 0x0000000084600000, 0x0000000084700000|  0%| F|  |TAMS 0x0000000084600000, 0x0000000084600000| Untracked 
|  71|0x0000000084700000, 0x0000000084700000, 0x0000000084800000|  0%| F|  |TAMS 0x0000000084700000, 0x0000000084700000| Untracked 
|  72|0x0000000084800000, 0x0000000084800000, 0x0000000084900000|  0%| F|  |TAMS 0x0000000084800000, 0x0000000084800000| Untracked 
|  73|0x0000000084900000, 0x0000000084900000, 0x0000000084a00000|  0%| F|  |TAMS 0x0000000084900000, 0x0000000084900000| Untracked 
|  74|0x0000000084a00000, 0x0000000084a00000, 0x0000000084b00000|  0%| F|  |TAMS 0x0000000084a00000, 0x0000000084a00000| Untracked 
|  75|0x0000000084b00000, 0x0000000084b00000, 0x0000000084c00000|  0%| F|  |TAMS 0x0000000084b00000, 0x0000000084b00000| Untracked 
|  76|0x0000000084c00000, 0x0000000084c00000, 0x0000000084d00000|  0%| F|  |TAMS 0x0000000084c00000, 0x0000000084c00000| Untracked 
|  77|0x0000000084d00000, 0x0000000084d00000, 0x0000000084e00000|  0%| F|  |TAMS 0x0000000084d00000, 0x0000000084d00000| Untracked 
|  78|0x0000000084e00000, 0x0000000084e00000, 0x0000000084f00000|  0%| F|  |TAMS 0x0000000084e00000, 0x0000000084e00000| Untracked 
|  79|0x0000000084f00000, 0x0000000084f00000, 0x0000000085000000|  0%| F|  |TAMS 0x0000000084f00000, 0x0000000084f00000| Untracked 
|  80|0x0000000085000000, 0x0000000085000000, 0x0000000085100000|  0%| F|  |TAMS 0x0000000085000000, 0x0000000085000000| Untracked 
|  81|0x0000000085100000, 0x0000000085100000, 0x0000000085200000|  0%| F|  |TAMS 0x0000000085100000, 0x0000000085100000| Untracked 
|  82|0x0000000085200000, 0x0000000085200000, 0x0000000085300000|  0%| F|  |TAMS 0x0000000085200000, 0x0000000085200000| Untracked 
|  83|0x0000000085300000, 0x0000000085300000, 0x0000000085400000|  0%| F|  |TAMS 0x0000000085300000, 0x0000000085300000| Untracked 
|  84|0x0000000085400000, 0x0000000085400000, 0x0000000085500000|  0%| F|  |TAMS 0x0000000085400000, 0x0000000085400000| Untracked 
|  85|0x0000000085500000, 0x0000000085500000, 0x0000000085600000|  0%| F|  |TAMS 0x0000000085500000, 0x0000000085500000| Untracked 
|  86|0x0000000085600000, 0x0000000085600000, 0x0000000085700000|  0%| F|  |TAMS 0x0000000085600000, 0x0000000085600000| Untracked 
|  87|0x0000000085700000, 0x0000000085700000, 0x0000000085800000|  0%| F|  |TAMS 0x0000000085700000, 0x0000000085700000| Untracked 
|  88|0x0000000085800000, 0x0000000085800000, 0x0000000085900000|  0%| F|  |TAMS 0x0000000085800000, 0x0000000085800000| Untracked 
|  89|0x0000000085900000, 0x0000000085900000, 0x0000000085a00000|  0%| F|  |TAMS 0x0000000085900000, 0x0000000085900000| Untracked 
|  90|0x0000000085a00000, 0x0000000085a00000, 0x0000000085b00000|  0%| F|  |TAMS 0x0000000085a00000, 0x0000000085a00000| Untracked 
|  91|0x0000000085b00000, 0x0000000085b00000, 0x0000000085c00000|  0%| F|  |TAMS 0x0000000085b00000, 0x0000000085b00000| Untracked 
|  92|0x0000000085c00000, 0x0000000085c00000, 0x0000000085d00000|  0%| F|  |TAMS 0x0000000085c00000, 0x0000000085c00000| Untracked 
|  93|0x0000000085d00000, 0x0000000085d00000, 0x0000000085e00000|  0%| F|  |TAMS 0x0000000085d00000, 0x0000000085d00000| Untracked 
|  94|0x0000000085e00000, 0x0000000085e00000, 0x0000000085f00000|  0%| F|  |TAMS 0x0000000085e00000, 0x0000000085e00000| Untracked 
|  95|0x0000000085f00000, 0x0000000085f00000, 0x0000000086000000|  0%| F|  |TAMS 0x0000000085f00000, 0x0000000085f00000| Untracked 
|  96|0x0000000086000000, 0x0000000086000000, 0x0000000086100000|  0%| F|  |TAMS 0x0000000086000000, 0x0000000086000000| Untracked 
|  97|0x0000000086100000, 0x0000000086100000, 0x0000000086200000|  0%| F|  |TAMS 0x0000000086100000, 0x0000000086100000| Untracked 
|  98|0x0000000086200000, 0x0000000086200000, 0x0000000086300000|  0%| F|  |TAMS 0x0000000086200000, 0x0000000086200000| Untracked 
|  99|0x0000000086300000, 0x0000000086300000, 0x0000000086400000|  0%| F|  |TAMS 0x0000000086300000, 0x0000000086300000| Untracked 
| 100|0x0000000086400000, 0x0000000086400000, 0x0000000086500000|  0%| F|  |TAMS 0x0000000086400000, 0x0000000086400000| Untracked 
| 101|0x0000000086500000, 0x0000000086500000, 0x0000000086600000|  0%| F|  |TAMS 0x0000000086500000, 0x0000000086500000| Untracked 
| 102|0x0000000086600000, 0x0000000086600000, 0x0000000086700000|  0%| F|  |TAMS 0x0000000086600000, 0x0000000086600000| Untracked 
| 103|0x0000000086700000, 0x0000000086700000, 0x0000000086800000|  0%| F|  |TAMS 0x0000000086700000, 0x0000000086700000| Untracked 
| 104|0x0000000086800000, 0x0000000086800000, 0x0000000086900000|  0%| F|  |TAMS 0x0000000086800000, 0x0000000086800000| Untracked 
| 105|0x0000000086900000, 0x0000000086900000, 0x0000000086a00000|  0%| F|  |TAMS 0x0000000086900000, 0x0000000086900000| Untracked 
| 106|0x0000000086a00000, 0x0000000086a00000, 0x0000000086b00000|  0%| F|  |TAMS 0x0000000086a00000, 0x0000000086a00000| Untracked 
| 107|0x0000000086b00000, 0x0000000086b00000, 0x0000000086c00000|  0%| F|  |TAMS 0x0000000086b00000, 0x0000000086b00000| Untracked 
| 108|0x0000000086c00000, 0x0000000086c00000, 0x0000000086d00000|  0%| F|  |TAMS 0x0000000086c00000, 0x0000000086c00000| Untracked 
| 109|0x0000000086d00000, 0x0000000086d00000, 0x0000000086e00000|  0%| F|  |TAMS 0x0000000086d00000, 0x0000000086d00000| Untracked 
| 110|0x0000000086e00000, 0x0000000086e00000, 0x0000000086f00000|  0%| F|  |TAMS 0x0000000086e00000, 0x0000000086e00000| Untracked 
| 111|0x0000000086f00000, 0x0000000086f00000, 0x0000000087000000|  0%| F|  |TAMS 0x0000000086f00000, 0x0000000086f00000| Untracked 
| 112|0x0000000087000000, 0x0000000087000000, 0x0000000087100000|  0%| F|  |TAMS 0x0000000087000000, 0x0000000087000000| Untracked 
| 113|0x0000000087100000, 0x0000000087100000, 0x0000000087200000|  0%| F|  |TAMS 0x0000000087100000, 0x0000000087100000| Untracked 
| 114|0x0000000087200000, 0x0000000087200000, 0x0000000087300000|  0%| F|  |TAMS 0x0000000087200000, 0x0000000087200000| Untracked 
| 115|0x0000000087300000, 0x0000000087300000, 0x0000000087400000|  0%| F|  |TAMS 0x0000000087300000, 0x0000000087300000| Untracked 
| 116|0x0000000087400000, 0x0000000087400000, 0x0000000087500000|  0%| F|  |TAMS 0x0000000087400000, 0x0000000087400000| Untracked 
| 117|0x0000000087500000, 0x0000000087500000, 0x0000000087600000|  0%| F|  |TAMS 0x0000000087500000, 0x0000000087500000| Untracked 
| 118|0x0000000087600000, 0x0000000087600000, 0x0000000087700000|  0%| F|  |TAMS 0x0000000087600000, 0x0000000087600000| Untracked 
| 119|0x0000000087700000, 0x0000000087700000, 0x0000000087800000|  0%| F|  |TAMS 0x0000000087700000, 0x0000000087700000| Untracked 
| 120|0x0000000087800000, 0x0000000087800000, 0x0000000087900000|  0%| F|  |TAMS 0x0000000087800000, 0x0000000087800000| Untracked 
| 121|0x0000000087900000, 0x0000000087900000, 0x0000000087a00000|  0%| F|  |TAMS 0x0000000087900000, 0x0000000087900000| Untracked 
| 122|0x0000000087a00000, 0x0000000087a00000, 0x0000000087b00000|  0%| F|  |TAMS 0x0000000087a00000, 0x0000000087a00000| Untracked 
| 123|0x0000000087b00000, 0x0000000087b00000, 0x0000000087c00000|  0%| F|  |TAMS 0x0000000087b00000, 0x0000000087b00000| Untracked 
| 124|0x0000000087c00000, 0x0000000087c00000, 0x0000000087d00000|  0%| F|  |TAMS 0x0000000087c00000, 0x0000000087c00000| Untracked 
| 125|0x0000000087d00000, 0x0000000087d00000, 0x0000000087e00000|  0%| F|  |TAMS 0x0000000087d00000, 0x0000000087d00000| Untracked 
| 126|0x0000000087e00000, 0x0000000087e00000, 0x0000000087f00000|  0%| F|  |TAMS 0x0000000087e00000, 0x0000000087e00000| Untracked 
| 127|0x0000000087f00000, 0x0000000087f75d58, 0x0000000088000000| 46%| S|CS|TAMS 0x0000000087f00000, 0x0000000087f00000| Complete 
| 128|0x0000000088000000, 0x0000000088100000, 0x0000000088100000|100%| S|CS|TAMS 0x0000000088000000, 0x0000000088000000| Complete 
| 129|0x0000000088100000, 0x0000000088200000, 0x0000000088200000|100%| S|CS|TAMS 0x0000000088100000, 0x0000000088100000| Complete 
| 130|0x0000000088200000, 0x0000000088300000, 0x0000000088300000|100%| S|CS|TAMS 0x0000000088200000, 0x0000000088200000| Complete 
| 131|0x0000000088300000, 0x0000000088400000, 0x0000000088400000|100%| S|CS|TAMS 0x0000000088300000, 0x0000000088300000| Complete 
| 132|0x0000000088400000, 0x0000000088500000, 0x0000000088500000|100%| S|CS|TAMS 0x0000000088400000, 0x0000000088400000| Complete 
| 133|0x0000000088500000, 0x0000000088600000, 0x0000000088600000|100%| S|CS|TAMS 0x0000000088500000, 0x0000000088500000| Complete 
| 134|0x0000000088600000, 0x0000000088700000, 0x0000000088700000|100%| S|CS|TAMS 0x0000000088600000, 0x0000000088600000| Complete 
| 135|0x0000000088700000, 0x0000000088800000, 0x0000000088800000|100%| S|CS|TAMS 0x0000000088700000, 0x0000000088700000| Complete 
| 136|0x0000000088800000, 0x0000000088900000, 0x0000000088900000|100%| S|CS|TAMS 0x0000000088800000, 0x0000000088800000| Complete 
| 137|0x0000000088900000, 0x0000000088a00000, 0x0000000088a00000|100%| S|CS|TAMS 0x0000000088900000, 0x0000000088900000| Complete 
| 138|0x0000000088a00000, 0x0000000088b00000, 0x0000000088b00000|100%| S|CS|TAMS 0x0000000088a00000, 0x0000000088a00000| Complete 
| 139|0x0000000088b00000, 0x0000000088c00000, 0x0000000088c00000|100%| S|CS|TAMS 0x0000000088b00000, 0x0000000088b00000| Complete 
| 140|0x0000000088c00000, 0x0000000088c00000, 0x0000000088d00000|  0%| F|  |TAMS 0x0000000088c00000, 0x0000000088c00000| Untracked 
| 141|0x0000000088d00000, 0x0000000088d00000, 0x0000000088e00000|  0%| F|  |TAMS 0x0000000088d00000, 0x0000000088d00000| Untracked 
| 142|0x0000000088e00000, 0x0000000088e00000, 0x0000000088f00000|  0%| F|  |TAMS 0x0000000088e00000, 0x0000000088e00000| Untracked 
| 143|0x0000000088f00000, 0x0000000088f00000, 0x0000000089000000|  0%| F|  |TAMS 0x0000000088f00000, 0x0000000088f00000| Untracked 
| 144|0x0000000089000000, 0x0000000089000000, 0x0000000089100000|  0%| F|  |TAMS 0x0000000089000000, 0x0000000089000000| Untracked 
| 145|0x0000000089100000, 0x0000000089100000, 0x0000000089200000|  0%| F|  |TAMS 0x0000000089100000, 0x0000000089100000| Untracked 
| 146|0x0000000089200000, 0x000000008929fa00, 0x0000000089300000| 62%| E|  |TAMS 0x0000000089200000, 0x0000000089200000| Complete 
| 147|0x0000000089300000, 0x0000000089400000, 0x0000000089400000|100%| E|CS|TAMS 0x0000000089300000, 0x0000000089300000| Complete 
| 148|0x0000000089400000, 0x0000000089500000, 0x0000000089500000|100%| E|  |TAMS 0x0000000089400000, 0x0000000089400000| Complete 
| 149|0x0000000089500000, 0x0000000089600000, 0x0000000089600000|100%| E|CS|TAMS 0x0000000089500000, 0x0000000089500000| Complete 
| 150|0x0000000089600000, 0x0000000089700000, 0x0000000089700000|100%| E|CS|TAMS 0x0000000089600000, 0x0000000089600000| Complete 
| 151|0x0000000089700000, 0x0000000089800000, 0x0000000089800000|100%| E|CS|TAMS 0x0000000089700000, 0x0000000089700000| Complete 
| 152|0x0000000089800000, 0x0000000089900000, 0x0000000089900000|100%| E|CS|TAMS 0x0000000089800000, 0x0000000089800000| Complete 
| 153|0x0000000089900000, 0x0000000089a00000, 0x0000000089a00000|100%| E|CS|TAMS 0x0000000089900000, 0x0000000089900000| Complete 
| 154|0x0000000089a00000, 0x0000000089b00000, 0x0000000089b00000|100%| E|CS|TAMS 0x0000000089a00000, 0x0000000089a00000| Complete 
| 155|0x0000000089b00000, 0x0000000089c00000, 0x0000000089c00000|100%| E|CS|TAMS 0x0000000089b00000, 0x0000000089b00000| Complete 
| 156|0x0000000089c00000, 0x0000000089d00000, 0x0000000089d00000|100%| E|CS|TAMS 0x0000000089c00000, 0x0000000089c00000| Complete 
| 157|0x0000000089d00000, 0x0000000089e00000, 0x0000000089e00000|100%| E|CS|TAMS 0x0000000089d00000, 0x0000000089d00000| Complete 
| 158|0x0000000089e00000, 0x0000000089f00000, 0x0000000089f00000|100%| E|CS|TAMS 0x0000000089e00000, 0x0000000089e00000| Complete 
| 159|0x0000000089f00000, 0x000000008a000000, 0x000000008a000000|100%| E|CS|TAMS 0x0000000089f00000, 0x0000000089f00000| Complete 
| 160|0x000000008a000000, 0x000000008a100000, 0x000000008a100000|100%| E|CS|TAMS 0x000000008a000000, 0x000000008a000000| Complete 
| 161|0x000000008a100000, 0x000000008a200000, 0x000000008a200000|100%| E|CS|TAMS 0x000000008a100000, 0x000000008a100000| Complete 
| 162|0x000000008a200000, 0x000000008a300000, 0x000000008a300000|100%| E|CS|TAMS 0x000000008a200000, 0x000000008a200000| Complete 
| 163|0x000000008a300000, 0x000000008a400000, 0x000000008a400000|100%| E|CS|TAMS 0x000000008a300000, 0x000000008a300000| Complete 
| 164|0x000000008a400000, 0x000000008a500000, 0x000000008a500000|100%| E|CS|TAMS 0x000000008a400000, 0x000000008a400000| Complete 
| 165|0x000000008a500000, 0x000000008a600000, 0x000000008a600000|100%| E|CS|TAMS 0x000000008a500000, 0x000000008a500000| Complete 
| 166|0x000000008a600000, 0x000000008a700000, 0x000000008a700000|100%| E|CS|TAMS 0x000000008a600000, 0x000000008a600000| Complete 
| 167|0x000000008a700000, 0x000000008a800000, 0x000000008a800000|100%| E|CS|TAMS 0x000000008a700000, 0x000000008a700000| Complete 
| 168|0x000000008a800000, 0x000000008a900000, 0x000000008a900000|100%| E|CS|TAMS 0x000000008a800000, 0x000000008a800000| Complete 
| 169|0x000000008a900000, 0x000000008aa00000, 0x000000008aa00000|100%| E|CS|TAMS 0x000000008a900000, 0x000000008a900000| Complete 
| 170|0x000000008aa00000, 0x000000008ab00000, 0x000000008ab00000|100%| E|CS|TAMS 0x000000008aa00000, 0x000000008aa00000| Complete 
| 171|0x000000008ab00000, 0x000000008ac00000, 0x000000008ac00000|100%| E|CS|TAMS 0x000000008ab00000, 0x000000008ab00000| Complete 
| 172|0x000000008ac00000, 0x000000008ad00000, 0x000000008ad00000|100%| E|CS|TAMS 0x000000008ac00000, 0x000000008ac00000| Complete 
| 173|0x000000008ad00000, 0x000000008ae00000, 0x000000008ae00000|100%| E|CS|TAMS 0x000000008ad00000, 0x000000008ad00000| Complete 
| 174|0x000000008ae00000, 0x000000008af00000, 0x000000008af00000|100%| E|CS|TAMS 0x000000008ae00000, 0x000000008ae00000| Complete 
| 175|0x000000008af00000, 0x000000008b000000, 0x000000008b000000|100%| E|CS|TAMS 0x000000008af00000, 0x000000008af00000| Complete 
| 176|0x000000008b000000, 0x000000008b100000, 0x000000008b100000|100%| E|CS|TAMS 0x000000008b000000, 0x000000008b000000| Complete 
| 177|0x000000008b100000, 0x000000008b200000, 0x000000008b200000|100%| E|CS|TAMS 0x000000008b100000, 0x000000008b100000| Complete 
| 178|0x000000008b200000, 0x000000008b300000, 0x000000008b300000|100%| E|CS|TAMS 0x000000008b200000, 0x000000008b200000| Complete 
| 179|0x000000008b300000, 0x000000008b400000, 0x000000008b400000|100%| E|CS|TAMS 0x000000008b300000, 0x000000008b300000| Complete 
| 180|0x000000008b400000, 0x000000008b500000, 0x000000008b500000|100%| E|CS|TAMS 0x000000008b400000, 0x000000008b400000| Complete 
| 181|0x000000008b500000, 0x000000008b600000, 0x000000008b600000|100%| E|CS|TAMS 0x000000008b500000, 0x000000008b500000| Complete 
| 182|0x000000008b600000, 0x000000008b700000, 0x000000008b700000|100%| E|CS|TAMS 0x000000008b600000, 0x000000008b600000| Complete 
| 183|0x000000008b700000, 0x000000008b800000, 0x000000008b800000|100%| E|CS|TAMS 0x000000008b700000, 0x000000008b700000| Complete 
| 184|0x000000008b800000, 0x000000008b900000, 0x000000008b900000|100%| E|CS|TAMS 0x000000008b800000, 0x000000008b800000| Complete 
| 185|0x000000008b900000, 0x000000008ba00000, 0x000000008ba00000|100%| E|CS|TAMS 0x000000008b900000, 0x000000008b900000| Complete 
| 186|0x000000008ba00000, 0x000000008bb00000, 0x000000008bb00000|100%| E|CS|TAMS 0x000000008ba00000, 0x000000008ba00000| Complete 
| 187|0x000000008bb00000, 0x000000008bc00000, 0x000000008bc00000|100%| E|CS|TAMS 0x000000008bb00000, 0x000000008bb00000| Complete 
| 188|0x000000008bc00000, 0x000000008bd00000, 0x000000008bd00000|100%| E|CS|TAMS 0x000000008bc00000, 0x000000008bc00000| Complete 
| 189|0x000000008bd00000, 0x000000008be00000, 0x000000008be00000|100%| E|CS|TAMS 0x000000008bd00000, 0x000000008bd00000| Complete 
| 190|0x000000008be00000, 0x000000008bf00000, 0x000000008bf00000|100%| E|CS|TAMS 0x000000008be00000, 0x000000008be00000| Complete 
| 191|0x000000008bf00000, 0x000000008c000000, 0x000000008c000000|100%| E|CS|TAMS 0x000000008bf00000, 0x000000008bf00000| Complete 
| 192|0x000000008c000000, 0x000000008c100000, 0x000000008c100000|100%| E|CS|TAMS 0x000000008c000000, 0x000000008c000000| Complete 
| 193|0x000000008c100000, 0x000000008c200000, 0x000000008c200000|100%| E|CS|TAMS 0x000000008c100000, 0x000000008c100000| Complete 
| 194|0x000000008c200000, 0x000000008c300000, 0x000000008c300000|100%| E|CS|TAMS 0x000000008c200000, 0x000000008c200000| Complete 
| 195|0x000000008c300000, 0x000000008c400000, 0x000000008c400000|100%| E|CS|TAMS 0x000000008c300000, 0x000000008c300000| Complete 
| 196|0x000000008c400000, 0x000000008c500000, 0x000000008c500000|100%| E|CS|TAMS 0x000000008c400000, 0x000000008c400000| Complete 
| 197|0x000000008c500000, 0x000000008c600000, 0x000000008c600000|100%| E|CS|TAMS 0x000000008c500000, 0x000000008c500000| Complete 
| 198|0x000000008c600000, 0x000000008c700000, 0x000000008c700000|100%| E|CS|TAMS 0x000000008c600000, 0x000000008c600000| Complete 
| 199|0x000000008c700000, 0x000000008c800000, 0x000000008c800000|100%| E|CS|TAMS 0x000000008c700000, 0x000000008c700000| Complete 
| 200|0x000000008c800000, 0x000000008c900000, 0x000000008c900000|100%| E|CS|TAMS 0x000000008c800000, 0x000000008c800000| Complete 
| 201|0x000000008c900000, 0x000000008ca00000, 0x000000008ca00000|100%| E|CS|TAMS 0x000000008c900000, 0x000000008c900000| Complete 
| 202|0x000000008ca00000, 0x000000008cb00000, 0x000000008cb00000|100%| E|CS|TAMS 0x000000008ca00000, 0x000000008ca00000| Complete 
| 203|0x000000008cb00000, 0x000000008cc00000, 0x000000008cc00000|100%| E|CS|TAMS 0x000000008cb00000, 0x000000008cb00000| Complete 
| 204|0x000000008cc00000, 0x000000008cd00000, 0x000000008cd00000|100%| E|CS|TAMS 0x000000008cc00000, 0x000000008cc00000| Complete 
| 205|0x000000008cd00000, 0x000000008ce00000, 0x000000008ce00000|100%| E|CS|TAMS 0x000000008cd00000, 0x000000008cd00000| Complete 
| 206|0x000000008ce00000, 0x000000008cf00000, 0x000000008cf00000|100%| E|CS|TAMS 0x000000008ce00000, 0x000000008ce00000| Complete 
| 207|0x000000008cf00000, 0x000000008d000000, 0x000000008d000000|100%| E|CS|TAMS 0x000000008cf00000, 0x000000008cf00000| Complete 
| 208|0x000000008d000000, 0x000000008d100000, 0x000000008d100000|100%| E|CS|TAMS 0x000000008d000000, 0x000000008d000000| Complete 
| 209|0x000000008d100000, 0x000000008d200000, 0x000000008d200000|100%| E|CS|TAMS 0x000000008d100000, 0x000000008d100000| Complete 
| 210|0x000000008d200000, 0x000000008d300000, 0x000000008d300000|100%| E|CS|TAMS 0x000000008d200000, 0x000000008d200000| Complete 
| 211|0x000000008d300000, 0x000000008d400000, 0x000000008d400000|100%| E|CS|TAMS 0x000000008d300000, 0x000000008d300000| Complete 
| 212|0x000000008d400000, 0x000000008d500000, 0x000000008d500000|100%| E|CS|TAMS 0x000000008d400000, 0x000000008d400000| Complete 
| 213|0x000000008d500000, 0x000000008d600000, 0x000000008d600000|100%| E|CS|TAMS 0x000000008d500000, 0x000000008d500000| Complete 
| 214|0x000000008d600000, 0x000000008d700000, 0x000000008d700000|100%| E|CS|TAMS 0x000000008d600000, 0x000000008d600000| Complete 
| 215|0x000000008d700000, 0x000000008d800000, 0x000000008d800000|100%| E|CS|TAMS 0x000000008d700000, 0x000000008d700000| Complete 
| 216|0x000000008d800000, 0x000000008d900000, 0x000000008d900000|100%| E|CS|TAMS 0x000000008d800000, 0x000000008d800000| Complete 
| 217|0x000000008d900000, 0x000000008da00000, 0x000000008da00000|100%| E|CS|TAMS 0x000000008d900000, 0x000000008d900000| Complete 
| 218|0x000000008da00000, 0x000000008db00000, 0x000000008db00000|100%| E|CS|TAMS 0x000000008da00000, 0x000000008da00000| Complete 
| 219|0x000000008db00000, 0x000000008dc00000, 0x000000008dc00000|100%| E|CS|TAMS 0x000000008db00000, 0x000000008db00000| Complete 
| 220|0x000000008dc00000, 0x000000008dd00000, 0x000000008dd00000|100%| E|CS|TAMS 0x000000008dc00000, 0x000000008dc00000| Complete 
| 221|0x000000008dd00000, 0x000000008de00000, 0x000000008de00000|100%| E|CS|TAMS 0x000000008dd00000, 0x000000008dd00000| Complete 
| 222|0x000000008de00000, 0x000000008df00000, 0x000000008df00000|100%| E|CS|TAMS 0x000000008de00000, 0x000000008de00000| Complete 
| 223|0x000000008df00000, 0x000000008e000000, 0x000000008e000000|100%| E|CS|TAMS 0x000000008df00000, 0x000000008df00000| Complete 
| 224|0x000000008e000000, 0x000000008e100000, 0x000000008e100000|100%| E|CS|TAMS 0x000000008e000000, 0x000000008e000000| Complete 
| 225|0x000000008e100000, 0x000000008e200000, 0x000000008e200000|100%| E|CS|TAMS 0x000000008e100000, 0x000000008e100000| Complete 
| 226|0x000000008e200000, 0x000000008e300000, 0x000000008e300000|100%| E|CS|TAMS 0x000000008e200000, 0x000000008e200000| Complete 
| 227|0x000000008e300000, 0x000000008e400000, 0x000000008e400000|100%| E|CS|TAMS 0x000000008e300000, 0x000000008e300000| Complete 
| 228|0x000000008e400000, 0x000000008e500000, 0x000000008e500000|100%| E|CS|TAMS 0x000000008e400000, 0x000000008e400000| Complete 
| 229|0x000000008e500000, 0x000000008e600000, 0x000000008e600000|100%| E|CS|TAMS 0x000000008e500000, 0x000000008e500000| Complete 
| 230|0x000000008e600000, 0x000000008e700000, 0x000000008e700000|100%| E|CS|TAMS 0x000000008e600000, 0x000000008e600000| Complete 
| 231|0x000000008e700000, 0x000000008e800000, 0x000000008e800000|100%| E|CS|TAMS 0x000000008e700000, 0x000000008e700000| Complete 
| 232|0x000000008e800000, 0x000000008e900000, 0x000000008e900000|100%| E|CS|TAMS 0x000000008e800000, 0x000000008e800000| Complete 
| 233|0x000000008e900000, 0x000000008ea00000, 0x000000008ea00000|100%| E|CS|TAMS 0x000000008e900000, 0x000000008e900000| Complete 
| 234|0x000000008ea00000, 0x000000008eb00000, 0x000000008eb00000|100%| E|CS|TAMS 0x000000008ea00000, 0x000000008ea00000| Complete 
| 235|0x000000008eb00000, 0x000000008ec00000, 0x000000008ec00000|100%| E|CS|TAMS 0x000000008eb00000, 0x000000008eb00000| Complete 
| 236|0x000000008ec00000, 0x000000008ed00000, 0x000000008ed00000|100%| E|CS|TAMS 0x000000008ec00000, 0x000000008ec00000| Complete 
| 237|0x000000008ed00000, 0x000000008ee00000, 0x000000008ee00000|100%| E|CS|TAMS 0x000000008ed00000, 0x000000008ed00000| Complete 
| 238|0x000000008ee00000, 0x000000008ef00000, 0x000000008ef00000|100%| E|CS|TAMS 0x000000008ee00000, 0x000000008ee00000| Complete 
| 239|0x000000008ef00000, 0x000000008f000000, 0x000000008f000000|100%| E|CS|TAMS 0x000000008ef00000, 0x000000008ef00000| Complete 
| 240|0x000000008f000000, 0x000000008f100000, 0x000000008f100000|100%| E|CS|TAMS 0x000000008f000000, 0x000000008f000000| Complete 
| 241|0x000000008f100000, 0x000000008f200000, 0x000000008f200000|100%| E|CS|TAMS 0x000000008f100000, 0x000000008f100000| Complete 
| 242|0x000000008f200000, 0x000000008f300000, 0x000000008f300000|100%| E|CS|TAMS 0x000000008f200000, 0x000000008f200000| Complete 
| 243|0x000000008f300000, 0x000000008f400000, 0x000000008f400000|100%| E|CS|TAMS 0x000000008f300000, 0x000000008f300000| Complete 
| 244|0x000000008f400000, 0x000000008f500000, 0x000000008f500000|100%| E|CS|TAMS 0x000000008f400000, 0x000000008f400000| Complete 
| 245|0x000000008f500000, 0x000000008f600000, 0x000000008f600000|100%| E|CS|TAMS 0x000000008f500000, 0x000000008f500000| Complete 
| 246|0x000000008f600000, 0x000000008f700000, 0x000000008f700000|100%| E|CS|TAMS 0x000000008f600000, 0x000000008f600000| Complete 
| 247|0x000000008f700000, 0x000000008f800000, 0x000000008f800000|100%| E|CS|TAMS 0x000000008f700000, 0x000000008f700000| Complete 
| 248|0x000000008f800000, 0x000000008f900000, 0x000000008f900000|100%| E|CS|TAMS 0x000000008f800000, 0x000000008f800000| Complete 
| 249|0x000000008f900000, 0x000000008fa00000, 0x000000008fa00000|100%| E|CS|TAMS 0x000000008f900000, 0x000000008f900000| Complete 
| 250|0x000000008fa00000, 0x000000008fb00000, 0x000000008fb00000|100%| E|CS|TAMS 0x000000008fa00000, 0x000000008fa00000| Complete 
| 251|0x000000008fb00000, 0x000000008fc00000, 0x000000008fc00000|100%| E|CS|TAMS 0x000000008fb00000, 0x000000008fb00000| Complete 
| 252|0x000000008fc00000, 0x000000008fd00000, 0x000000008fd00000|100%| E|CS|TAMS 0x000000008fc00000, 0x000000008fc00000| Complete 
| 253|0x000000008fd00000, 0x000000008fe00000, 0x000000008fe00000|100%| E|CS|TAMS 0x000000008fd00000, 0x000000008fd00000| Complete 

Card table byte_map: [0x000002117ec10000,0x000002117f010000] _byte_map_base: 0x000002117e810000

Marking Bits (Prev, Next): (CMBitMap*) 0x000002117a7ec068, (CMBitMap*) 0x000002117a7ec0a0
 Prev Bits: [0x000002110f000000, 0x0000021111000000)
 Next Bits: [0x0000021111000000, 0x0000021113000000)

Polling page: 0x0000021179f80000

Metaspace:

Usage:
  Non-class:     42.66 MB capacity,    41.73 MB ( 98%) used,   810.49 KB (  2%) free+waste,   145.63 KB ( <1%) overhead. 
      Class:      6.59 MB capacity,     6.08 MB ( 92%) used,   462.05 KB (  7%) free+waste,    69.81 KB (  1%) overhead. 
       Both:     49.26 MB capacity,    47.81 MB ( 97%) used,     1.24 MB (  3%) free+waste,   215.44 KB ( <1%) overhead. 

Virtual space:
  Non-class space:       44.00 MB reserved,      42.67 MB ( 97%) committed 
      Class space:        1.00 GB reserved,       6.70 MB ( <1%) committed 
             Both:        1.04 GB reserved,      49.37 MB (  5%) committed 

Chunk freelists:
   Non-Class:  8.00 KB
       Class:  31.00 KB
        Both:  39.00 KB

MaxMetaspaceSize: 17179869184.00 GB
CompressedClassSpaceSize: 1.00 GB
Initial GC threshold: 20.80 MB
Current GC threshold: 58.54 MB
CDS: off

CodeHeap 'non-profiled nmethods': size=120000Kb used=3007Kb max_used=3007Kb free=116992Kb
 bounds [0x0000021107ad0000, 0x0000021107dc0000, 0x000002110f000000]
CodeHeap 'profiled nmethods': size=120000Kb used=10284Kb max_used=10284Kb free=109715Kb
 bounds [0x00000211005a0000, 0x0000021100fb0000, 0x0000021107ad0000]
CodeHeap 'non-nmethods': size=5760Kb used=2290Kb max_used=2357Kb free=3469Kb
 bounds [0x0000021100000000, 0x0000021100270000, 0x00000211005a0000]
 total_blobs=5901 nmethods=5113 adapters=700
 compilation: enabled
              stopped_count=0, restarted_count=0
 full_count=0

Compilation events (20 events):
Event: 5.690 Thread 0x0000021115aac800 5101   !   3       sun.nio.fs.WindowsFileAttributes::get (214 bytes)
Event: 5.693 Thread 0x0000021115aac800 nmethod 5101 0x0000021100f99590 code [0x0000021100f99aa0, 0x0000021100f9bbe8]
Event: 5.693 Thread 0x0000021115aac800 5102   !   3       sun.nio.fs.WindowsNativeDispatcher::GetFileAttributesEx (30 bytes)
Event: 5.694 Thread 0x0000021115aac800 nmethod 5102 0x0000021100f9ce90 code [0x0000021100f9d080, 0x0000021100f9d358]
Event: 5.694 Thread 0x0000021115aac800 5104       3       sun.nio.fs.WindowsFileAttributes::fromFileAttributeData (104 bytes)
Event: 5.694 Thread 0x0000021115aac800 nmethod 5104 0x0000021100f9d590 code [0x0000021100f9d780, 0x0000021100f9dc28]
Event: 5.695 Thread 0x0000021115aac800 5105       3       sun.nio.fs.WindowsFileAttributeViews$Basic::readAttributes (5 bytes)
Event: 5.695 Thread 0x0000021115aac800 nmethod 5105 0x0000021100f9de90 code [0x0000021100f9e040, 0x0000021100f9e1e8]
Event: 5.695 Thread 0x0000021115aac800 5106   !   3       sun.nio.fs.WindowsFileAttributeViews$Basic::readAttributes (30 bytes)
Event: 5.696 Thread 0x0000021115aac800 nmethod 5106 0x0000021100f9e290 code [0x0000021100f9e4e0, 0x0000021100f9ed28]
Event: 5.700 Thread 0x0000021115aac800 5107 %     3       java.util.jar.Manifest$FastInputStream::readLine @ 86 (296 bytes)
Event: 5.701 Thread 0x0000021115aac800 nmethod 5107% 0x0000021100f9f010 code [0x0000021100f9f240, 0x0000021100f9fce8]
Event: 5.702 Thread 0x0000021115aac800 5108       3       sun.net.util.IPAddressUtil::scan (62 bytes)
Event: 5.703 Thread 0x0000021115aac800 nmethod 5108 0x0000021100fa0090 code [0x0000021100fa02e0, 0x0000021100fa0bc8]
Event: 5.705 Thread 0x0000021115aac800 5109   !   3       java.util.jar.JarFile::checkForSpecialAttributes (163 bytes)
Event: 5.706 Thread 0x0000021115aac800 nmethod 5109 0x0000021100fa1010 code [0x0000021100fa1340, 0x0000021100fa25d8]
Event: 5.706 Thread 0x0000021115aac800 5110       3       java.util.zip.ZipFile$Source$Key::hashCode (29 bytes)
Event: 5.707 Thread 0x0000021115aac800 nmethod 5110 0x0000021100fa2d90 code [0x0000021100fa2fa0, 0x0000021100fa3338]
Event: 5.712 Thread 0x0000021115aac800 5112       3       java.util.jar.JarFile::getManEntry (91 bytes)
Event: 5.713 Thread 0x0000021115aac800 nmethod 5112 0x0000021100fa3590 code [0x0000021100fa3860, 0x0000021100fa4798]

GC Heap History (10 events):
Event: 0.675 GC heap before
{Heap before GC invocations=0 (full 0):
 garbage-first heap   total 260096K, used 29696K [0x0000000080000000, 0x0000000100000000)
  region size 1024K, 24 young (24576K), 0 survivors (0K)
 Metaspace       used 9749K, capacity 9960K, committed 10112K, reserved 1058816K
  class space    used 1001K, capacity 1069K, committed 1152K, reserved 1048576K
}
Event: 0.679 GC heap after
{Heap after GC invocations=1 (full 0):
 garbage-first heap   total 260096K, used 9070K [0x0000000080000000, 0x0000000100000000)
  region size 1024K, 3 young (3072K), 3 survivors (3072K)
 Metaspace       used 9749K, capacity 9960K, committed 10112K, reserved 1058816K
  class space    used 1001K, capacity 1069K, committed 1152K, reserved 1048576K
}
Event: 2.185 GC heap before
{Heap before GC invocations=1 (full 0):
 garbage-first heap   total 260096K, used 112494K [0x0000000080000000, 0x0000000100000000)
  region size 1024K, 105 young (107520K), 3 survivors (3072K)
 Metaspace       used 20773K, capacity 21129K, committed 21296K, reserved 1069056K
  class space    used 2525K, capacity 2688K, committed 2688K, reserved 1048576K
}
Event: 2.193 GC heap after
{Heap after GC invocations=2 (full 0):
 garbage-first heap   total 260096K, used 17213K [0x0000000080000000, 0x0000000100000000)
  region size 1024K, 11 young (11264K), 11 survivors (11264K)
 Metaspace       used 20773K, capacity 21129K, committed 21296K, reserved 1069056K
  class space    used 2525K, capacity 2688K, committed 2688K, reserved 1048576K
}
Event: 2.586 GC heap before
{Heap before GC invocations=3 (full 0):
 garbage-first heap   total 260096K, used 59197K [0x0000000080000000, 0x0000000100000000)
  region size 1024K, 52 young (53248K), 11 survivors (11264K)
 Metaspace       used 24939K, capacity 25506K, committed 25648K, reserved 1071104K
  class space    used 3191K, capacity 3383K, committed 3456K, reserved 1048576K
}
Event: 2.592 GC heap after
{Heap after GC invocations=4 (full 0):
 garbage-first heap   total 260096K, used 18712K [0x0000000080000000, 0x0000000100000000)
  region size 1024K, 3 young (3072K), 3 survivors (3072K)
 Metaspace       used 24939K, capacity 25506K, committed 25648K, reserved 1071104K
  class space    used 3191K, capacity 3383K, committed 3456K, reserved 1048576K
}
Event: 3.375 GC heap before
{Heap before GC invocations=4 (full 0):
 garbage-first heap   total 260096K, used 89368K [0x0000000080000000, 0x0000000100000000)
  region size 1024K, 73 young (74752K), 3 survivors (3072K)
 Metaspace       used 34814K, capacity 35613K, committed 35708K, reserved 1081344K
  class space    used 4468K, capacity 4780K, committed 4812K, reserved 1048576K
}
Event: 3.382 GC heap after
{Heap after GC invocations=5 (full 0):
 garbage-first heap   total 260096K, used 22149K [0x0000000080000000, 0x0000000100000000)
  region size 1024K, 6 young (6144K), 6 survivors (6144K)
 Metaspace       used 34814K, capacity 35613K, committed 35708K, reserved 1081344K
  class space    used 4468K, capacity 4780K, committed 4812K, reserved 1048576K
}
Event: 4.678 GC heap before
{Heap before GC invocations=6 (full 0):
 garbage-first heap   total 260096K, used 135813K [0x0000000080000000, 0x0000000100000000)
  region size 1024K, 114 young (116736K), 6 survivors (6144K)
 Metaspace       used 44410K, capacity 45448K, committed 45692K, reserved 1089536K
  class space    used 5602K, capacity 6019K, committed 6092K, reserved 1048576K
}
Event: 4.688 GC heap after
{Heap after GC invocations=7 (full 0):
 garbage-first heap   total 260096K, used 29336K [0x0000000080000000, 0x0000000100000000)
  region size 1024K, 13 young (13312K), 13 survivors (13312K)
 Metaspace       used 44410K, capacity 45448K, committed 45692K, reserved 1089536K
  class space    used 5602K, capacity 6019K, committed 6092K, reserved 1048576K
}

Deoptimization events (20 events):
Event: 5.652 Thread 0x0000021116ee4800 DEOPT PACKING pc=0x000002110066a3c6 sp=0x00000021041f4280
Event: 5.652 Thread 0x0000021116ee4800 DEOPT UNPACKING pc=0x000002110004a95e sp=0x00000021041f3870 mode 0
Event: 5.658 Thread 0x0000021116ee4800 Uncommon trap: trap_request=0xffffff4d fr.pc=0x0000021107b347a0 relative=0x0000000000000640
Event: 5.658 Thread 0x0000021116ee4800 Uncommon trap: reason=unstable_if action=reinterpret pc=0x0000021107b347a0 method=java.util.jar.Manifest$FastInputStream.readLine([BII)I @ 130 c2
Event: 5.658 Thread 0x0000021116ee4800 DEOPT PACKING pc=0x0000021107b347a0 sp=0x00000021041f7260
Event: 5.658 Thread 0x0000021116ee4800 DEOPT UNPACKING pc=0x000002110004a1af sp=0x00000021041f71f0 mode 2
Event: 5.687 Thread 0x0000021116ee4800 DEOPT PACKING pc=0x0000021100669e83 sp=0x00000021041f0aa0
Event: 5.687 Thread 0x0000021116ee4800 DEOPT UNPACKING pc=0x000002110004a95e sp=0x00000021041f0018 mode 0
Event: 5.696 Thread 0x0000021116ee4800 DEOPT PACKING pc=0x000002110066a3c6 sp=0x00000021041f0aa0
Event: 5.696 Thread 0x0000021116ee4800 DEOPT UNPACKING pc=0x000002110004a95e sp=0x00000021041f0090 mode 0
Event: 5.700 Thread 0x0000021116ee4800 Uncommon trap: trap_request=0xffffff4d fr.pc=0x0000021107b3cb78 relative=0x00000000000012f8
Event: 5.700 Thread 0x0000021116ee4800 Uncommon trap: reason=unstable_if action=reinterpret pc=0x0000021107b3cb78 method=java.util.jar.JarFile.checkForSpecialAttributes()V @ 53 c2
Event: 5.700 Thread 0x0000021116ee4800 DEOPT PACKING pc=0x0000021107b3cb78 sp=0x00000021041f1070
Event: 5.700 Thread 0x0000021116ee4800 DEOPT UNPACKING pc=0x000002110004a1af sp=0x00000021041f1030 mode 2
Event: 5.705 Thread 0x0000021116ee4800 DEOPT PACKING pc=0x000002110066a3c6 sp=0x00000021041f0aa0
Event: 5.705 Thread 0x0000021116ee4800 DEOPT UNPACKING pc=0x000002110004a95e sp=0x00000021041f0090 mode 0
Event: 5.705 Thread 0x0000021116ee4800 DEOPT PACKING pc=0x0000021100ba10f4 sp=0x00000021041f08b0
Event: 5.706 Thread 0x0000021116ee4800 DEOPT UNPACKING pc=0x000002110004a95e sp=0x00000021041efe50 mode 0
Event: 5.710 Thread 0x0000021116ee4800 DEOPT PACKING pc=0x0000021100669e83 sp=0x00000021041f0aa0
Event: 5.710 Thread 0x0000021116ee4800 DEOPT UNPACKING pc=0x000002110004a95e sp=0x00000021041f0018 mode 0

Classes redefined (0 events):
No events

Internal exceptions (20 events):
Event: 5.701 Thread 0x0000021116ee4800 Exception <a 'java/security/PrivilegedActionException'{0x0000000089cf3e68}> (0x0000000089cf3e68) thrown at [./src/hotspot/share/prims/jvm.cpp, line 1306]
Event: 5.701 Thread 0x0000021116ee4800 Exception <a 'java/security/PrivilegedActionException'{0x0000000089cf5128}> (0x0000000089cf5128) thrown at [./src/hotspot/share/prims/jvm.cpp, line 1306]
Event: 5.702 Thread 0x0000021116ee4800 Exception <a 'java/security/PrivilegedActionException'{0x0000000089cf7d68}> (0x0000000089cf7d68) thrown at [./src/hotspot/share/prims/jvm.cpp, line 1306]
Event: 5.702 Thread 0x0000021116ee4800 Exception <a 'java/security/PrivilegedActionException'{0x0000000089cf9028}> (0x0000000089cf9028) thrown at [./src/hotspot/share/prims/jvm.cpp, line 1306]
Event: 5.702 Thread 0x0000021116ee4800 Exception <a 'java/security/PrivilegedActionException'{0x0000000089cfbc58}> (0x0000000089cfbc58) thrown at [./src/hotspot/share/prims/jvm.cpp, line 1306]
Event: 5.702 Thread 0x0000021116ee4800 Exception <a 'java/security/PrivilegedActionException'{0x0000000089cfcf18}> (0x0000000089cfcf18) thrown at [./src/hotspot/share/prims/jvm.cpp, line 1306]
Event: 5.702 Thread 0x0000021116ee4800 Exception <a 'java/security/PrivilegedActionException'{0x0000000089cffb80}> (0x0000000089cffb80) thrown at [./src/hotspot/share/prims/jvm.cpp, line 1306]
Event: 5.702 Thread 0x0000021116ee4800 Exception <a 'java/security/PrivilegedActionException'{0x0000000089b013b0}> (0x0000000089b013b0) thrown at [./src/hotspot/share/prims/jvm.cpp, line 1306]
Event: 5.702 Thread 0x0000021116ee4800 Exception <a 'java/security/PrivilegedActionException'{0x0000000089b04030}> (0x0000000089b04030) thrown at [./src/hotspot/share/prims/jvm.cpp, line 1306]
Event: 5.702 Thread 0x0000021116ee4800 Exception <a 'java/security/PrivilegedActionException'{0x0000000089b052f0}> (0x0000000089b052f0) thrown at [./src/hotspot/share/prims/jvm.cpp, line 1306]
Event: 5.702 Thread 0x0000021116ee4800 Exception <a 'java/security/PrivilegedActionException'{0x0000000089b08128}> (0x0000000089b08128) thrown at [./src/hotspot/share/prims/jvm.cpp, line 1306]
Event: 5.702 Thread 0x0000021116ee4800 Exception <a 'java/security/PrivilegedActionException'{0x0000000089b093e8}> (0x0000000089b093e8) thrown at [./src/hotspot/share/prims/jvm.cpp, line 1306]
Event: 5.702 Thread 0x0000021116ee4800 Exception <a 'java/security/PrivilegedActionException'{0x0000000089b0c018}> (0x0000000089b0c018) thrown at [./src/hotspot/share/prims/jvm.cpp, line 1306]
Event: 5.702 Thread 0x0000021116ee4800 Exception <a 'java/security/PrivilegedActionException'{0x0000000089b0d2d8}> (0x0000000089b0d2d8) thrown at [./src/hotspot/share/prims/jvm.cpp, line 1306]
Event: 5.703 Thread 0x0000021116ee4800 Exception <a 'java/security/PrivilegedActionException'{0x0000000089b0ff58}> (0x0000000089b0ff58) thrown at [./src/hotspot/share/prims/jvm.cpp, line 1306]
Event: 5.703 Thread 0x0000021116ee4800 Exception <a 'java/security/PrivilegedActionException'{0x0000000089b11218}> (0x0000000089b11218) thrown at [./src/hotspot/share/prims/jvm.cpp, line 1306]
Event: 5.703 Thread 0x0000021116ee4800 Exception <a 'java/security/PrivilegedActionException'{0x0000000089b13eb0}> (0x0000000089b13eb0) thrown at [./src/hotspot/share/prims/jvm.cpp, line 1306]
Event: 5.703 Thread 0x0000021116ee4800 Exception <a 'java/security/PrivilegedActionException'{0x0000000089b15170}> (0x0000000089b15170) thrown at [./src/hotspot/share/prims/jvm.cpp, line 1306]
Event: 5.703 Thread 0x0000021116ee4800 Exception <a 'java/security/PrivilegedActionException'{0x0000000089b17d98}> (0x0000000089b17d98) thrown at [./src/hotspot/share/prims/jvm.cpp, line 1306]
Event: 5.703 Thread 0x0000021116ee4800 Exception <a 'java/security/PrivilegedActionException'{0x0000000089b19058}> (0x0000000089b19058) thrown at [./src/hotspot/share/prims/jvm.cpp, line 1306]

Events (20 events):
Event: 5.674 loading class kotlin/collections/MapsKt done
Event: 5.674 loading class kotlin/collections/MapsKt
Event: 5.674 loading class kotlin/collections/MapsKt done
Event: 5.674 loading class kotlin/collections/MapsKt___MapsKt
Event: 5.674 loading class kotlin/collections/MapsKt___MapsKt done
Event: 5.676 loading class kotlin/collections/MapsKt__MapsKt
Event: 5.676 loading class kotlin/collections/MapsKt__MapsKt done
Event: 5.678 loading class kotlin/collections/MapsKt__MapsJVMKt
Event: 5.678 loading class kotlin/collections/MapsKt__MapsJVMKt done
Event: 5.679 loading class kotlin/collections/MapsKt__MapWithDefaultKt
Event: 5.679 loading class kotlin/collections/MapsKt__MapWithDefaultKt done
Event: 5.681 loading class groovy/runtime/metaclass/org/gradle/api/internal/plugins/DefaultObjectConfigurationActionMetaClass
Event: 5.681 loading class groovy/runtime/metaclass/org/gradle/api/internal/plugins/DefaultObjectConfigurationActionMetaClass done
Event: 5.684 loading class org/gradle/api/internal/plugins/DefaultObjectConfigurationActionBeanInfo
Event: 5.684 loading class org/gradle/api/internal/plugins/DefaultObjectConfigurationActionBeanInfo done
Event: 5.685 loading class org/gradle/api/internal/plugins/DefaultObjectConfigurationActionBeanInfo
Event: 5.685 loading class org/gradle/api/internal/plugins/DefaultObjectConfigurationActionBeanInfo done
Event: 5.685 loading class org/gradle/api/internal/plugins/DefaultObjectConfigurationActionBeanInfo
Event: 5.685 loading class org/gradle/api/internal/plugins/DefaultObjectConfigurationActionBeanInfo done
Event: 5.693 Loaded shared library E:\AndroidStudio\jre\bin\nio.dll


Dynamic libraries:
0x00007ff67f920000 - 0x00007ff67f92a000 	E:\AndroidStudio\jre\bin\java.exe
0x00007ffbbe930000 - 0x00007ffbbeb44000 	C:\Windows\SYSTEM32\ntdll.dll
0x00007ffbbdc90000 - 0x00007ffbbdd53000 	C:\Windows\System32\KERNEL32.DLL
0x00007ffbbc0f0000 - 0x00007ffbbc48c000 	C:\Windows\System32\KERNELBASE.dll
0x00007ffbbbf10000 - 0x00007ffbbc021000 	C:\Windows\System32\ucrtbase.dll
0x00007ffb93400000 - 0x00007ffb93417000 	E:\AndroidStudio\jre\bin\VCRUNTIME140.dll
0x00007ffb93420000 - 0x00007ffb93439000 	E:\AndroidStudio\jre\bin\jli.dll
0x00007ffbbdd60000 - 0x00007ffbbdf0d000 	C:\Windows\System32\USER32.dll
0x00007ffba9300000 - 0x00007ffba958e000 	C:\Windows\WinSxS\amd64_microsoft.windows.common-controls_6595b64144ccf1df_6.0.22621.608_none_a9444ca7c10bb01d\COMCTL32.dll
0x00007ffbbbee0000 - 0x00007ffbbbf06000 	C:\Windows\System32\win32u.dll
0x00007ffbbe3c0000 - 0x00007ffbbe467000 	C:\Windows\System32\msvcrt.dll
0x00007ffbbdc60000 - 0x00007ffbbdc89000 	C:\Windows\System32\GDI32.dll
0x00007ffbbc5a0000 - 0x00007ffbbc6b2000 	C:\Windows\System32\gdi32full.dll
0x00007ffbbc500000 - 0x00007ffbbc59a000 	C:\Windows\System32\msvcp_win.dll
0x00007ffbbd370000 - 0x00007ffbbd3a2000 	C:\Windows\System32\IMM32.DLL
0x00007ffb85cb0000 - 0x00007ffb85d4d000 	E:\AndroidStudio\jre\bin\msvcp140.dll
0x00007ffb77ee0000 - 0x00007ffb789e2000 	E:\AndroidStudio\jre\bin\server\jvm.dll
0x00007ffbbd620000 - 0x00007ffbbd6ce000 	C:\Windows\System32\ADVAPI32.dll
0x00007ffbbe310000 - 0x00007ffbbe3b4000 	C:\Windows\System32\sechost.dll
0x00007ffbbcf90000 - 0x00007ffbbd0a5000 	C:\Windows\System32\RPCRT4.dll
0x00007ffbbd0b0000 - 0x00007ffbbd0b8000 	C:\Windows\System32\PSAPI.DLL
0x00007ffbb6ac0000 - 0x00007ffbb6ac9000 	C:\Windows\SYSTEM32\WSOCK32.dll
0x00007ffbbd0c0000 - 0x00007ffbbd131000 	C:\Windows\System32\WS2_32.dll
0x00007ffbb41a0000 - 0x00007ffbb41d4000 	C:\Windows\SYSTEM32\WINMM.dll
0x00007ffbb3b50000 - 0x00007ffbb3b5a000 	C:\Windows\SYSTEM32\VERSION.dll
0x00007ffbbaeb0000 - 0x00007ffbbaec8000 	C:\Windows\SYSTEM32\kernel.appcore.dll
0x00007ffbb82a0000 - 0x00007ffbb82b1000 	E:\AndroidStudio\jre\bin\verify.dll
0x00007ffbb9610000 - 0x00007ffbb983e000 	C:\Windows\SYSTEM32\DBGHELP.DLL
0x00007ffbbdf70000 - 0x00007ffbbe2fa000 	C:\Windows\System32\combase.dll
0x00007ffbbd840000 - 0x00007ffbbd917000 	C:\Windows\System32\OLEAUT32.dll
0x00007ffb957f0000 - 0x00007ffb95822000 	C:\Windows\SYSTEM32\dbgcore.DLL
0x00007ffbbc6c0000 - 0x00007ffbbc73b000 	C:\Windows\System32\bcryptPrimitives.dll
0x00007ffbb4340000 - 0x00007ffbb4369000 	E:\AndroidStudio\jre\bin\java.dll
0x00007ffbb5f20000 - 0x00007ffbb5f2b000 	E:\AndroidStudio\jre\bin\jimage.dll
0x00007ffbb4320000 - 0x00007ffbb4338000 	E:\AndroidStudio\jre\bin\zip.dll
0x00007ffbbc7a0000 - 0x00007ffbbcf8f000 	C:\Windows\System32\SHELL32.dll
0x00007ffbb9d90000 - 0x00007ffbba658000 	C:\Windows\SYSTEM32\windows.storage.dll
0x00007ffbb9c50000 - 0x00007ffbb9d8e000 	C:\Windows\SYSTEM32\wintypes.dll
0x00007ffbbd920000 - 0x00007ffbbda11000 	C:\Windows\System32\SHCORE.dll
0x00007ffbbd7e0000 - 0x00007ffbbd83e000 	C:\Windows\System32\shlwapi.dll
0x00007ffbbbca0000 - 0x00007ffbbbcc1000 	C:\Windows\SYSTEM32\profapi.dll
0x00007ffbb4300000 - 0x00007ffbb431a000 	E:\AndroidStudio\jre\bin\net.dll
0x00007ffbb4f60000 - 0x00007ffbb508f000 	C:\Windows\SYSTEM32\WINHTTP.dll
0x00007ffbbb320000 - 0x00007ffbbb389000 	C:\Windows\system32\mswsock.dll
0x00007ffbb42e0000 - 0x00007ffbb42f4000 	E:\AndroidStudio\jre\bin\nio.dll
0x00007ffb90c30000 - 0x00007ffb90c57000 	C:\Users\dore0\.gradle\native\e1d6ef7f7dcc3fd88c89a11ec53ec762bb8ba0a96d01ffa2cd45eb1d1d8dd5c5\windows-amd64\native-platform.dll
0x00007ffb402a0000 - 0x00007ffb403e4000 	C:\Users\dore0\.gradle\native\0d407fdbe67a94daf76414ababcb853783967236a71b16ec16e742cd7a986fd3\windows-amd64\native-platform-file-events.dll
0x00007ffbb5f10000 - 0x00007ffbb5f1a000 	E:\AndroidStudio\jre\bin\management.dll
0x00007ffbb42d0000 - 0x00007ffbb42dd000 	E:\AndroidStudio\jre\bin\management_ext.dll
0x00007ffbbb570000 - 0x00007ffbbb58b000 	C:\Windows\SYSTEM32\CRYPTSP.dll
0x00007ffbbae20000 - 0x00007ffbbae55000 	C:\Windows\system32\rsaenh.dll
0x00007ffbbb410000 - 0x00007ffbbb438000 	C:\Windows\SYSTEM32\USERENV.dll
0x00007ffbbb730000 - 0x00007ffbbb758000 	C:\Windows\SYSTEM32\bcrypt.dll
0x00007ffbbb590000 - 0x00007ffbbb59c000 	C:\Windows\SYSTEM32\CRYPTBASE.dll
0x00007ffbba930000 - 0x00007ffbba95d000 	C:\Windows\SYSTEM32\IPHLPAPI.DLL
0x00007ffbbd610000 - 0x00007ffbbd619000 	C:\Windows\System32\NSI.dll
0x00007ffbb4e90000 - 0x00007ffbb4ea9000 	C:\Windows\SYSTEM32\dhcpcsvc6.DLL
0x00007ffbb4e70000 - 0x00007ffbb4e8f000 	C:\Windows\SYSTEM32\dhcpcsvc.DLL
0x00007ffbba960000 - 0x00007ffbbaa53000 	C:\Windows\SYSTEM32\DNSAPI.dll

dbghelp: loaded successfully - version: 4.0.5 - missing functions: none
symbol engine: initialized successfully - sym options: 0x614 - pdb path: .;E:\AndroidStudio\jre\bin;C:\Windows\SYSTEM32;C:\Windows\WinSxS\amd64_microsoft.windows.common-controls_6595b64144ccf1df_6.0.22621.608_none_a9444ca7c10bb01d;E:\AndroidStudio\jre\bin\server;C:\Users\dore0\.gradle\native\e1d6ef7f7dcc3fd88c89a11ec53ec762bb8ba0a96d01ffa2cd45eb1d1d8dd5c5\windows-amd64;C:\Users\dore0\.gradle\native\0d407fdbe67a94daf76414ababcb853783967236a71b16ec16e742cd7a986fd3\windows-amd64

VM Arguments:
jvm_args: --add-opens=java.base/java.util=ALL-UNNAMED --add-opens=java.base/java.lang=ALL-UNNAMED --add-opens=java.base/java.lang.invoke=ALL-UNNAMED --add-opens=java.base/java.util=ALL-UNNAMED --add-opens=java.prefs/java.util.prefs=ALL-UNNAMED --add-opens=java.prefs/java.util.prefs=ALL-UNNAMED --add-opens=java.base/java.nio.charset=ALL-UNNAMED --add-opens=java.base/java.net=ALL-UNNAMED --add-opens=java.base/java.util.concurrent.atomic=ALL-UNNAMED -Xmx2048m -Dfile.encoding=UTF-8 -Duser.country=US -Duser.language=en -Duser.variant 
java_command: org.gradle.launcher.daemon.bootstrap.GradleDaemon 7.4
java_class_path (initial): C:\Users\dore0\.gradle\wrapper\dists\gradle-7.4-bin\c0gwcg53nkjbqw7r0h0umtfvt\gradle-7.4\lib\gradle-launcher-7.4.jar
Launcher Type: SUN_STANDARD

[Global flags]
     intx CICompilerCount                          = 4                                         {product} {ergonomic}
     uint ConcGCThreads                            = 3                                         {product} {ergonomic}
     uint G1ConcRefinementThreads                  = 10                                        {product} {ergonomic}
   size_t G1HeapRegionSize                         = 1048576                                   {product} {ergonomic}
    uintx GCDrainStackTargetSize                   = 64                                        {product} {ergonomic}
   size_t InitialHeapSize                          = 266338304                                 {product} {ergonomic}
   size_t MarkStackSize                            = 4194304                                   {product} {ergonomic}
   size_t MaxHeapSize                              = 2147483648                                {product} {command line}
   size_t MaxNewSize                               = 1287651328                                {product} {ergonomic}
   size_t MinHeapDeltaBytes                        = 1048576                                   {product} {ergonomic}
    uintx NonNMethodCodeHeapSize                   = 5836300                                {pd product} {ergonomic}
    uintx NonProfiledCodeHeapSize                  = 122910970                              {pd product} {ergonomic}
    uintx ProfiledCodeHeapSize                     = 122910970                              {pd product} {ergonomic}
    uintx ReservedCodeCacheSize                    = 251658240                              {pd product} {ergonomic}
     bool SegmentedCodeCache                       = true                                      {product} {ergonomic}
     bool UseCompressedClassPointers               = true                                 {lp64_product} {ergonomic}
     bool UseCompressedOops                        = true                                 {lp64_product} {ergonomic}
     bool UseG1GC                                  = true                                      {product} {ergonomic}
     bool UseLargePagesIndividualAllocation        = false                                  {pd product} {ergonomic}

Logging:
Log output configuration:
 #0: stdout all=warning uptime,level,tags
 #1: stderr all=off uptime,level,tags

Environment Variables:
PATH=C:\Program Files\Common Files\Oracle\Java\javapath;C:\Windows\system32;C:\Windows;C:\Windows\System32\Wbem;C:\Windows\System32\WindowsPowerShell\v1.0\;C:\Windows\System32\OpenSSH\;C:\Program Files (x86)\NVIDIA Corporation\PhysX\Common;D:\Git\cmd;C:\Program Files\nodejs\;C:\Program Files (x86)\dotnet\;E:\AOMEI\AOMEI Backupper\7.1.0;C:\Program Files (x86)\Bitvise SSH Client;C:\Users\dore0\AppData\Local\Microsoft\WindowsApps;D:\Microsoft VS Code\bin;C:\Users\dore0\AppData\Local\GitHubDesktop\bin;C:\Users\dore0\AppData\Roaming\npm;C:\Users\dore0\AppData\Local\Programs\oh-my-posh\bin;E:\Downloads\ffmpeg-2022-11-23\bin;C:\Program Files (x86)\Microsoft SDKs\TypeScript\3.2;
USERNAME=dore0
OS=Windows_NT
PROCESSOR_IDENTIFIER=Intel64 Family 6 Model 158 Stepping 10, GenuineIntel



---------------  S Y S T E M  ---------------

OS: Windows 11 , 64 bit Build 22621 (10.0.22621.1194)
OS uptime: 0 days 6:43 hours

CPU:total 12 (initial active 12) (6 cores per cpu, 2 threads per core) family 6 model 158 stepping 10 microcode 0xde, cmov, cx8, fxsr, mmx, sse, sse2, sse3, ssse3, sse4.1, sse4.2, popcnt, avx, avx2, aes, clmul, erms, 3dnowpref, lzcnt, ht, tsc, tscinvbit, bmi1, bmi2, adx, fma

Memory: 4k page, system-wide physical 16234M (4109M free)
TotalPageFile size 22378M (AvailPageFile size 5M)
current process WorkingSet (physical memory assigned to process): 324M, peak: 338M
current process commit charge ("private bytes"): 480M, peak: 484M

vm_info: OpenJDK 64-Bit Server VM (11.0.13+0-b1751.21-8125866) for windows-amd64 JRE (11.0.13+0-b1751.21-8125866), built on Feb  2 2022 03:00:22 by "builder" with MS VC++ 14.0 (VS2015)

END.
